info: Checking if ssh is active.
info: Trying ssh connection
info: Deleting cache before taking screenshots
info: Detected error reporting::false and http status::200
info: Checking if installation is valid
info: Valid installation, proceeding with updates
info: Installation is unlocked for update
info: Initiating WP core update
info: Deleting cache before taking screenshots
info: Updated testUrlsCount to 6
info: Updating WP core.
info: Initiating backup of wpCore 
info: Initiating DB backup
info: DB backed up
info: wpCore  backup complete
info: Secured backups with .htaccess
info: Waiting for screenshot job completion for jobId:: e727d673-3a14-4912-a863-dd90a8a32a8e
info: Wait count:: 42, waiting for 300 seconds for job e727d673-3a14-4912-a863-dd90a8a32a8e
info: Current capture status for job e727d673-3a14-4912-a863-dd90a8a32a8e: success
info: Deleting cache before taking screenshots
info: Wait count:: 60, waiting for 300 seconds for job 7024aaf0-1e6c-4dac-87bb-8f9c33db7bb3
info: Current capture status for job 7024aaf0-1e6c-4dac-87bb-8f9c33db7bb3: in_progress
info: Current capture status for job 7024aaf0-1e6c-4dac-87bb-8f9c33db7bb3: in_progress
info: Current capture status for job 7024aaf0-1e6c-4dac-87bb-8f9c33db7bb3: in_progress
info: Current capture status for job 7024aaf0-1e6c-4dac-87bb-8f9c33db7bb3: success
info: Wait count:: 9, waiting for 300 seconds for job 8bef3ceb-2f1d-4688-9ca9-ad1aaaa83e3c
info: Current compare status for job 8bef3ceb-2f1d-4688-9ca9-ad1aaaa83e3c: success
info: Restoring  wpCore from backup
info: WP Core restored from backup!
info: Deleting cache before taking screenshots
info: Detected error reporting::false and http status::200
info: Updating translations for WP Core.
info: Translations updated for WP Core.
info: WP core updates finished, proceeding with plugins' update
info: Initiating plugin update
info: Found update for plugins
info: Initiating backup of plugin classic-editor
info: DB backup was created earlier, skipping
info: plugin classic-editor backup complete
info: Updating plugin classic-editor
info: Deleting cache before taking screenshots
info: Wait count:: 60, waiting for 300 seconds for job 5a1ec316-94b2-4beb-afb9-a807d00ab705
info: Current capture status for job 5a1ec316-94b2-4beb-afb9-a807d00ab705: queued
info: Current capture status for job 5a1ec316-94b2-4beb-afb9-a807d00ab705: queued
info: Current capture status for job 5a1ec316-94b2-4beb-afb9-a807d00ab705: in_progress
info: Current capture status for job 5a1ec316-94b2-4beb-afb9-a807d00ab705: in_progress
info: Current capture status for job 5a1ec316-94b2-4beb-afb9-a807d00ab705: in_progress
info: Current capture status for job 5a1ec316-94b2-4beb-afb9-a807d00ab705: in_progress
info: Current capture status for job 5a1ec316-94b2-4beb-afb9-a807d00ab705: success
info: Wait count:: 2, waiting for 78 seconds for job 1bf0849e-59c4-456c-b464-7262dd78a9ae
info: Current compare status for job 1bf0849e-59c4-456c-b464-7262dd78a9ae: success
info: Restoring plugin classic-editor from backup
info: plugin classic-editor restored from backup
info: Deleting cache before taking screenshots
info: Detected error reporting::false and http status::200
info: Initiating backup of plugin contact-form-7
info: DB backup was created earlier, skipping
info: plugin contact-form-7 backup complete
info: Updating plugin contact-form-7
info: Deleting cache before taking screenshots
info: Wait count:: 38, waiting for 300 seconds for job 4b117dfe-4b66-4f9f-a48d-41cf52120ad1
info: Current capture status for job 4b117dfe-4b66-4f9f-a48d-41cf52120ad1: in_progress
info: Current capture status for job 4b117dfe-4b66-4f9f-a48d-41cf52120ad1: in_progress
info: Current capture status for job 4b117dfe-4b66-4f9f-a48d-41cf52120ad1: success
info: Wait count:: 1, waiting for 39 seconds for job 87498370-44c1-40cd-8305-8a261b5bbc55
info: Current compare status for job 87498370-44c1-40cd-8305-8a261b5bbc55: in_progress
info: Current compare status for job 87498370-44c1-40cd-8305-8a261b5bbc55: success
info: Restoring plugin contact-form-7 from backup
info: plugin contact-form-7 restored from backup
info: Deleting cache before taking screenshots
info: Detected error reporting::false and http status::200
info: Initiating backup of plugin imagify
info: DB backup was created earlier, skipping
info: plugin imagify backup complete
info: Updating plugin imagify
info: Deleting cache before taking screenshots
info: Wait count:: 17, waiting for 300 seconds for job bcf9e331-367b-4b9d-8266-67f96bd7b0f5
info: Current capture status for job bcf9e331-367b-4b9d-8266-67f96bd7b0f5: success
info: Wait count:: 1, waiting for 39 seconds for job eb263c79-18b0-49db-8809-3885a8e62dda
info: Current compare status for job eb263c79-18b0-49db-8809-3885a8e62dda: in_progress
info: Current compare status for job eb263c79-18b0-49db-8809-3885a8e62dda: success
info: Restoring plugin imagify from backup
info: plugin imagify restored from backup
info: Deleting cache before taking screenshots
info: Detected error reporting::false and http status::200
info: Initiating backup of plugin loco-translate
info: DB backup was created earlier, skipping
info: plugin loco-translate backup complete
info: Updating plugin loco-translate
info: Deleting cache before taking screenshots
info: Wait count:: 1, waiting for 39 seconds for job 2b743079-cf3c-482d-8ea3-6670d8c3b609
info: Current capture status for job 2b743079-cf3c-482d-8ea3-6670d8c3b609: in_progress
info: Current capture status for job 2b743079-cf3c-482d-8ea3-6670d8c3b609: in_progress
info: Current capture status for job 2b743079-cf3c-482d-8ea3-6670d8c3b609: in_progress
info: Current capture status for job 2b743079-cf3c-482d-8ea3-6670d8c3b609: in_progress
info: Current capture status for job 2b743079-cf3c-482d-8ea3-6670d8c3b609: success
info: Wait count:: 1, waiting for 39 seconds for job 75c57703-df5e-4293-a3be-ad2b0806d3bd
info: Current compare status for job 75c57703-df5e-4293-a3be-ad2b0806d3bd: in_progress
info: Current compare status for job 75c57703-df5e-4293-a3be-ad2b0806d3bd: success
info: Restoring plugin loco-translate from backup
info: plugin loco-translate restored from backup
info: Deleting cache before taking screenshots
info: Detected error reporting::false and http status::200
info: Initiating backup of plugin mailchimp-for-wp
info: DB backup was created earlier, skipping
info: plugin mailchimp-for-wp backup complete
info: Updating plugin mailchimp-for-wp
info: Deleting cache before taking screenshots
info: Wait count:: 1, waiting for 39 seconds for job 3fc7d868-fd81-4ed9-83c1-0a1d6fddc64a
info: Current capture status for job 3fc7d868-fd81-4ed9-83c1-0a1d6fddc64a: in_progress
info: Current capture status for job 3fc7d868-fd81-4ed9-83c1-0a1d6fddc64a: in_progress
info: Current capture status for job 3fc7d868-fd81-4ed9-83c1-0a1d6fddc64a: in_progress
info: Current capture status for job 3fc7d868-fd81-4ed9-83c1-0a1d6fddc64a: success
info: Wait count:: 1, waiting for 39 seconds for job 53a1ef09-7952-4a72-8f5a-a236eea2b475
info: Current compare status for job 53a1ef09-7952-4a72-8f5a-a236eea2b475: in_progress
info: Current compare status for job 53a1ef09-7952-4a72-8f5a-a236eea2b475: success
info: Restoring plugin mailchimp-for-wp from backup
info: plugin mailchimp-for-wp restored from backup
info: Deleting cache before taking screenshots
info: Detected error reporting::false and http status::200
info: Initiating backup of plugin wp-user-avatar
info: DB backup was created earlier, skipping
info: plugin wp-user-avatar backup complete
info: Updating plugin wp-user-avatar
info: Deleting cache before taking screenshots
info: Wait count:: 1, waiting for 39 seconds for job 01596f2b-90a3-45f3-ba21-26958ae79ae3
info: Current capture status for job 01596f2b-90a3-45f3-ba21-26958ae79ae3: in_progress
info: Current capture status for job 01596f2b-90a3-45f3-ba21-26958ae79ae3: in_progress
info: Current capture status for job 01596f2b-90a3-45f3-ba21-26958ae79ae3: in_progress
info: Current capture status for job 01596f2b-90a3-45f3-ba21-26958ae79ae3: in_progress
info: Current capture status for job 01596f2b-90a3-45f3-ba21-26958ae79ae3: success
info: Wait count:: 1, waiting for 39 seconds for job 5d76311e-7425-41ab-a988-f611b177892f
info: Current compare status for job 5d76311e-7425-41ab-a988-f611b177892f: in_progress
info: Current compare status for job 5d76311e-7425-41ab-a988-f611b177892f: success
info: Restoring plugin wp-user-avatar from backup
info: plugin wp-user-avatar restored from backup
info: Deleting cache before taking screenshots
info: Detected error reporting::false and http status::200
info: Initiating backup of plugin really-simple-ssl
info: DB backup was created earlier, skipping
info: plugin really-simple-ssl backup complete
info: Updating plugin really-simple-ssl
info: Deleting cache before taking screenshots
info: Wait count:: 1, waiting for 39 seconds for job 73938ed4-a84c-4f49-ae7c-cf582fa79b37
info: Current capture status for job 73938ed4-a84c-4f49-ae7c-cf582fa79b37: in_progress
info: Current capture status for job 73938ed4-a84c-4f49-ae7c-cf582fa79b37: in_progress
info: Current capture status for job 73938ed4-a84c-4f49-ae7c-cf582fa79b37: in_progress
info: Current capture status for job 73938ed4-a84c-4f49-ae7c-cf582fa79b37: success
info: Wait count:: 1, waiting for 39 seconds for job ba72ab78-1991-48ea-97ca-93144410e1a0
info: Current compare status for job ba72ab78-1991-48ea-97ca-93144410e1a0: in_progress
info: Current compare status for job ba72ab78-1991-48ea-97ca-93144410e1a0: success
info: Restoring plugin really-simple-ssl from backup
info: plugin really-simple-ssl restored from backup
info: Deleting cache before taking screenshots
info: Detected error reporting::false and http status::200
info: Initiating backup of plugin user-registration
info: DB backup was created earlier, skipping
info: plugin user-registration backup complete
info: Updating plugin user-registration
info: Deleting cache before taking screenshots
info: Wait count:: 1, waiting for 39 seconds for job 09c00c4c-209b-4843-8132-84fb7974f863
info: Current capture status for job 09c00c4c-209b-4843-8132-84fb7974f863: in_progress
info: Current capture status for job 09c00c4c-209b-4843-8132-84fb7974f863: in_progress
info: Current capture status for job 09c00c4c-209b-4843-8132-84fb7974f863: in_progress
info: Current capture status for job 09c00c4c-209b-4843-8132-84fb7974f863: success
info: Wait count:: 1, waiting for 39 seconds for job b4f7a92d-b168-49b8-8e6b-0ef6c4409335
info: Current compare status for job b4f7a92d-b168-49b8-8e6b-0ef6c4409335: success
info: Restoring plugin user-registration from backup
info: plugin user-registration restored from backup
info: Deleting cache before taking screenshots
info: Detected error reporting::false and http status::200
info: Initiating backup of plugin woocommerce
info: DB backup was created earlier, skipping
info: plugin woocommerce backup complete
info: Updating plugin woocommerce
info: Deleting cache before taking screenshots
info: Wait count:: 1, waiting for 39 seconds for job b8ae3f9a-7d70-496c-b5e5-639788b105a5
info: Current capture status for job b8ae3f9a-7d70-496c-b5e5-639788b105a5: in_progress
info: Current capture status for job b8ae3f9a-7d70-496c-b5e5-639788b105a5: in_progress
info: Current capture status for job b8ae3f9a-7d70-496c-b5e5-639788b105a5: success
info: Wait count:: 1, waiting for 39 seconds for job d84cb12d-e7a4-42ca-b249-ea8cd3258ac3
info: Current compare status for job d84cb12d-e7a4-42ca-b249-ea8cd3258ac3: success
info: Restoring plugin woocommerce from backup
info: plugin woocommerce restored from backup
info: Deleting cache before taking screenshots
info: Detected error reporting::false and http status::200
info: Initiating backup of plugin wp-social
info: DB backup was created earlier, skipping
info: plugin wp-social backup complete
info: Updating plugin wp-social
info: Deleting cache before taking screenshots
info: Wait count:: 1, waiting for 39 seconds for job a4c59f02-940f-4e67-8b35-24f53dd0c81a
info: Current capture status for job a4c59f02-940f-4e67-8b35-24f53dd0c81a: in_progress
info: Current capture status for job a4c59f02-940f-4e67-8b35-24f53dd0c81a: in_progress
info: Current capture status for job a4c59f02-940f-4e67-8b35-24f53dd0c81a: success
info: Wait count:: 1, waiting for 39 seconds for job 425efdf8-d410-4a68-9ece-172000e3e7ef
info: Current compare status for job 425efdf8-d410-4a68-9ece-172000e3e7ef: success
info: Restoring plugin wp-social from backup
info: plugin wp-social restored from backup
info: Deleting cache before taking screenshots
info: Detected error reporting::false and http status::200
info: Updating translations for all plugin.
info: Translations updated for all plugin.
info: Plugins update completed
info: Initiating theme update
info: None of the selected themes have pending update!
info: Themes update completed
info: SSH already connected, exiting!
info: Detected locale - de_DE
info: Reading translation file /app/i18n/one.com/de_DE.json
info: Message sent: 250 2.0.0 Ok: queued as 29abc3d0-cbb1-11ef-970d-a935febe7b99 locale: de_DE
info: SMTP call successful
info: Uploading log
info: Checking if ssh is active.
info: Trying ssh connection
