info: Checking if ssh is active.
info: Trying ssh connection
info: Deleting cache before taking screenshots
info: Probably invalid command - timeout -k 5m 5m /usr/local/bin/wp-cache-flush
info: Detected error reporting::false and http status::200
info: Checking if installation is valid
info: Valid installation, proceeding with updates
info: No running native updates
info: Installation is unlocked for update
info: Initiating WP core update
info: No updates for WP Core!
info: WP core updates finished, proceeding with plugins' update
info: Initiating plugin update
info: Premium care dependencies - version:5.0.8 status:active
info: Found update for plugins
info: Deleting cache before taking screenshots
info: Probably invalid command - timeout -k 5m 5m /usr/local/bin/wp-cache-flush
info: Updated testUrlsCount to 6
info: Testing urls ["https://www.serelit.de","https://www.serelit.de/registration/","https://www.serelit.de/product/automatic-electric-disappearing-ladders/","https://www.serelit.de/project/aenean-vulputate/","https://www.serelit.de/service/fenster-balkon-profile/","https://www.serelit.de/member/phebe-e-french/"]
info: Calling bound captureBatch, attempt::1
info: Calling bound waitForJobCompletion, attempt::1
info: ETA:: 119 seconds for job 46b9cc91-3fd8-4668-baed-7b5b5b76c0b3
info: Current capture status for job 46b9cc91-3fd8-4668-baed-7b5b5b76c0b3: in_progress ETA: 59
info: ETA:: 59 seconds for job 46b9cc91-3fd8-4668-baed-7b5b5b76c0b3
info: Current capture status for job 46b9cc91-3fd8-4668-baed-7b5b5b76c0b3: success ETA: undefined
info: Initiating backup of plugin loco-translate
info: Backup ["/var/www/wp-content/uploads/onecom-updater/backup/plugins/loco-translate.zip"] verified.
info: Initiating DB backup
info: DB backed up
info: plugin loco-translate backup complete
info: Secured backups with .htaccess
info: Updating plugin loco-translate
info: Deleting cache before taking screenshots
info: Probably invalid command - timeout -k 5m 5m /usr/local/bin/wp-cache-flush
info: Calling bound captureBatch, attempt::1
info: Calling bound waitForJobCompletion, attempt::1
info: ETA:: 119 seconds for job 34d9ba05-10b3-485a-ad67-3c506ff9e184
info: Current capture status for job 34d9ba05-10b3-485a-ad67-3c506ff9e184: in_progress ETA: 59
info: ETA:: 59 seconds for job 34d9ba05-10b3-485a-ad67-3c506ff9e184
info: Current capture status for job 34d9ba05-10b3-485a-ad67-3c506ff9e184: success ETA: undefined
info: Calling bound compare, attempt::1
info: Calling bound waitForCompareJob, attempt::1
info: ETA:: 55 seconds for job 87028e88-41bc-4df3-a5ef-6a7e8504c55d
info: Current compare status for job 87028e88-41bc-4df3-a5ef-6a7e8504c55d: success
info: Initiating backup of plugin wp-user-avatar
info: Backup ["/var/www/wp-content/uploads/onecom-updater/backup/plugins/wp-user-avatar.zip"] verified.
info: DB backup was created earlier, skipping
info: plugin wp-user-avatar backup complete
info: Updating plugin wp-user-avatar
info: Deleting cache before taking screenshots
info: Probably invalid command - timeout -k 5m 5m /usr/local/bin/wp-cache-flush
info: Calling bound captureBatch, attempt::1
info: Calling bound waitForJobCompletion, attempt::1
info: ETA:: 119 seconds for job 2f987f85-3aec-4af2-b4bc-20e57be42a01
info: Current capture status for job 2f987f85-3aec-4af2-b4bc-20e57be42a01: in_progress ETA: 59
info: ETA:: 59 seconds for job 2f987f85-3aec-4af2-b4bc-20e57be42a01
info: Current capture status for job 2f987f85-3aec-4af2-b4bc-20e57be42a01: success ETA: undefined
info: Calling bound compare, attempt::1
info: Calling bound waitForCompareJob, attempt::1
info: ETA:: 55 seconds for job 3ce59ceb-8006-4a82-a830-efb47c288195
info: Current compare status for job 3ce59ceb-8006-4a82-a830-efb47c288195: success
info: Updating translations for all plugin.
info: Translations updated for all plugin.
info: Plugins update completed
info: Initiating theme update
info: None of the selected themes have pending update!
info: Themes update completed
info: Notifications enabled for all success status
info: Visual diff status Rollbacks:: false Diffs:: false
info: SSH already connected, exiting!
info: Detected locale - de_DE
info: Reading translation file /app/i18n/one.com/de_DE.json
info: Message sent: 250 2.0.0 Ok: queued as b6aabd2f-15fa-11f1-8baa-93738998f14f locale: de_DE
info: Closed email transport
info: SMTP call successful
info: Uploading log
info: Checking if ssh is active.
info: Trying ssh connection
