info: Checking if ssh is active.
info: Trying ssh connection
info: Deleting cache before taking screenshots
info: Probably invalid command - timeout -k 5m 5m /usr/local/bin/wp-cache-flush
info: Detected error reporting::false and http status::200
info: Checking if installation is valid
info: Valid installation, proceeding with updates
info: No running native updates
info: Installation is unlocked for update
info: Initiating WP core update
info: No updates for WP Core!
info: WP core updates finished, proceeding with plugins' update
info: Initiating plugin update
info: Premium care dependencies - version:5.1.2 status:active
info: Found update for plugins
info: Deleting cache before taking screenshots
info: Probably invalid command - timeout -k 5m 5m /usr/local/bin/wp-cache-flush
info: Updated testUrlsCount to 6
info: Testing urls ["https://www.serelit.de","https://www.serelit.de/registration/","https://www.serelit.de/product/automatic-electric-disappearing-ladders/","https://www.serelit.de/project/aenean-vulputate/","https://www.serelit.de/service/fenster-balkon-profile/","https://www.serelit.de/member/phebe-e-french/"]
info: Calling bound captureBatch, attempt::1
info: Calling bound waitForJobCompletion, attempt::1
info: ETA:: 139 seconds for job 8bb467bc-9e76-4b1c-8061-a8162d0a8439
info: Current capture status for job 8bb467bc-9e76-4b1c-8061-a8162d0a8439: in_progress ETA: 69
info: ETA:: 69 seconds for job 8bb467bc-9e76-4b1c-8061-a8162d0a8439
info: Current capture status for job 8bb467bc-9e76-4b1c-8061-a8162d0a8439: success ETA: undefined
info: Initiating backup of plugin creame-whatsapp-me
info: Backup ["/var/www/wp-content/uploads/onecom-updater/backup/plugins/creame-whatsapp-me.zip"] verified.
info: Initiating DB backup
info: DB backed up
info: plugin creame-whatsapp-me backup complete
info: Secured backups with .htaccess
info: Updating plugin creame-whatsapp-me
info: Deleting cache before taking screenshots
info: Probably invalid command - timeout -k 5m 5m /usr/local/bin/wp-cache-flush
info: Calling bound captureBatch, attempt::1
info: Calling bound waitForJobCompletion, attempt::1
info: ETA:: 139 seconds for job 9cc79fb9-7ba9-48c8-be06-51c8f616f16d
info: Current capture status for job 9cc79fb9-7ba9-48c8-be06-51c8f616f16d: in_progress ETA: 69
info: ETA:: 69 seconds for job 9cc79fb9-7ba9-48c8-be06-51c8f616f16d
info: Current capture status for job 9cc79fb9-7ba9-48c8-be06-51c8f616f16d: success ETA: undefined
info: Calling bound compare, attempt::1
info: Calling bound waitForCompareJob, attempt::1
info: ETA:: 9 seconds for job addc6905-4e63-4b4d-955e-4e340cfdee09
info: Current compare status for job addc6905-4e63-4b4d-955e-4e340cfdee09: success
info: Initiating backup of plugin mailchimp-for-wp
info: Backup ["/var/www/wp-content/uploads/onecom-updater/backup/plugins/mailchimp-for-wp.zip"] verified.
info: DB backup was created earlier, skipping
info: plugin mailchimp-for-wp backup complete
info: Updating plugin mailchimp-for-wp
info: Deleting cache before taking screenshots
info: Probably invalid command - timeout -k 5m 5m /usr/local/bin/wp-cache-flush
info: Calling bound captureBatch, attempt::1
info: Calling bound waitForJobCompletion, attempt::1
info: ETA:: 139 seconds for job da598db4-c999-4ed1-8647-9ef3fe848657
info: Current capture status for job da598db4-c999-4ed1-8647-9ef3fe848657: in_progress ETA: 69
info: ETA:: 69 seconds for job da598db4-c999-4ed1-8647-9ef3fe848657
info: Current capture status for job da598db4-c999-4ed1-8647-9ef3fe848657: success ETA: undefined
info: Calling bound compare, attempt::1
info: Calling bound waitForCompareJob, attempt::1
info: ETA:: 9 seconds for job 5c525792-4a06-4153-aa9c-abb124c9d2e9
info: Current compare status for job 5c525792-4a06-4153-aa9c-abb124c9d2e9: success
info: Updating translations for all plugin.
info: Translations updated for all plugin.
info: Plugins update completed
info: Initiating theme update
info: None of the selected themes have pending update!
info: Themes update completed
info: Notifications enabled for all success status
info: Visual diff status Rollbacks:: false Diffs:: false
info: SSH already connected, exiting!
info: Detected locale - de_DE
info: Reading translation file /app/i18n/one.com/de_DE.json
info: Message sent: 250 2.0.0 Ok: queued as 80f6c92a-29a0-11f1-b917-e703aa78c5d2 locale: de_DE
info: Closed email transport
info: SMTP call successful
info: Uploading log
info: Checking if ssh is active.
info: Trying ssh connection
