info: Checking if ssh is active.
info: Trying ssh connection
info: Deleting cache before taking screenshots
info: Probably invalid command - timeout -k 5m 5m /usr/local/bin/wp-cache-flush
info: Detected error reporting::false and http status::200
info: Checking if installation is valid
info: Valid installation, proceeding with updates
info: No running native updates
info: Installation is unlocked for update
info: Initiating WP core update
info: No updates for WP Core!
info: WP core updates finished, proceeding with plugins' update
info: Initiating plugin update
info: Premium care dependencies - version:5.0.1 status:active
info: Found update for plugins
info: Deleting cache before taking screenshots
info: Probably invalid command - timeout -k 5m 5m /usr/local/bin/wp-cache-flush
info: Updated testUrlsCount to 6
info: Testing urls ["https://www.serelit.de","https://www.serelit.de/registration/","https://www.serelit.de/product/automatic-electric-disappearing-ladders/","https://www.serelit.de/project/aenean-vulputate/","https://www.serelit.de/service/fenster-balkon-profile/","https://www.serelit.de/member/phebe-e-french/"]
info: Calling bound captureBatch, attempt::1
info: Calling bound waitForJobCompletion, attempt::1
info: ETA:: 119 seconds for job 3b9a4574-8430-4208-a497-eb80d11c4ee1
info: Current capture status for job 3b9a4574-8430-4208-a497-eb80d11c4ee1: in_progress ETA: 59
info: ETA:: 59 seconds for job 3b9a4574-8430-4208-a497-eb80d11c4ee1
info: Current capture status for job 3b9a4574-8430-4208-a497-eb80d11c4ee1: success ETA: undefined
info: Initiating backup of plugin imagify
info: Backup ["/var/www/wp-content/uploads/onecom-updater/backup/plugins/imagify.zip"] verified.
info: Initiating DB backup
info: DB backed up
info: plugin imagify backup complete
info: Secured backups with .htaccess
info: Updating plugin imagify
info: Deleting cache before taking screenshots
info: Probably invalid command - timeout -k 5m 5m /usr/local/bin/wp-cache-flush
info: Calling bound captureBatch, attempt::1
info: Calling bound waitForJobCompletion, attempt::1
info: ETA:: 119 seconds for job 9509e287-a750-44d5-845f-29cb163173e1
info: Current capture status for job 9509e287-a750-44d5-845f-29cb163173e1: in_progress ETA: 59
info: ETA:: 59 seconds for job 9509e287-a750-44d5-845f-29cb163173e1
info: Current capture status for job 9509e287-a750-44d5-845f-29cb163173e1: success ETA: undefined
info: Calling bound compare, attempt::1
info: Calling bound waitForCompareJob, attempt::1
info: ETA:: 55 seconds for job 592eed45-01a7-4c52-8245-ab1628bfd262
info: Current compare status for job 592eed45-01a7-4c52-8245-ab1628bfd262: success
info: Initiating backup of plugin creame-whatsapp-me
info: Backup ["/var/www/wp-content/uploads/onecom-updater/backup/plugins/creame-whatsapp-me.zip"] verified.
info: DB backup was created earlier, skipping
info: plugin creame-whatsapp-me backup complete
info: Updating plugin creame-whatsapp-me
info: Deleting cache before taking screenshots
info: Probably invalid command - timeout -k 5m 5m /usr/local/bin/wp-cache-flush
info: Calling bound captureBatch, attempt::1
info: Calling bound waitForJobCompletion, attempt::1
info: ETA:: 119 seconds for job 844dc51e-b9a6-412c-acee-0dfff1066713
info: Current capture status for job 844dc51e-b9a6-412c-acee-0dfff1066713: in_progress ETA: 59
info: ETA:: 59 seconds for job 844dc51e-b9a6-412c-acee-0dfff1066713
info: Current capture status for job 844dc51e-b9a6-412c-acee-0dfff1066713: success ETA: undefined
info: Calling bound compare, attempt::1
info: Calling bound waitForCompareJob, attempt::1
info: ETA:: 55 seconds for job 7651881c-86ce-418d-b01d-5d5647118d4a
info: Current compare status for job 7651881c-86ce-418d-b01d-5d5647118d4a: success
info: Initiating backup of plugin mailchimp-for-wp
info: Backup ["/var/www/wp-content/uploads/onecom-updater/backup/plugins/mailchimp-for-wp.zip"] verified.
info: DB backup was created earlier, skipping
info: plugin mailchimp-for-wp backup complete
info: Updating plugin mailchimp-for-wp
info: Deleting cache before taking screenshots
info: Probably invalid command - timeout -k 5m 5m /usr/local/bin/wp-cache-flush
info: Calling bound captureBatch, attempt::1
info: Calling bound waitForJobCompletion, attempt::1
info: ETA:: 119 seconds for job 6efd83f4-190a-4522-afa3-a4817e96e4f7
info: Current capture status for job 6efd83f4-190a-4522-afa3-a4817e96e4f7: in_progress ETA: 59
info: ETA:: 59 seconds for job 6efd83f4-190a-4522-afa3-a4817e96e4f7
info: Current capture status for job 6efd83f4-190a-4522-afa3-a4817e96e4f7: success ETA: undefined
info: Calling bound compare, attempt::1
info: Calling bound waitForCompareJob, attempt::1
info: ETA:: 55 seconds for job 96a15d1a-0956-47d3-b822-b26e6898c815
info: Current compare status for job 96a15d1a-0956-47d3-b822-b26e6898c815: success
info: Initiating backup of plugin really-simple-ssl
info: Backup ["/var/www/wp-content/uploads/onecom-updater/backup/plugins/really-simple-ssl.zip"] verified.
info: DB backup was created earlier, skipping
info: plugin really-simple-ssl backup complete
info: Updating plugin really-simple-ssl
info: Deleting cache before taking screenshots
info: Probably invalid command - timeout -k 5m 5m /usr/local/bin/wp-cache-flush
info: Calling bound captureBatch, attempt::1
info: Calling bound waitForJobCompletion, attempt::1
info: ETA:: 119 seconds for job 16fbc406-ffdc-459a-8c6e-d6f6f6d1d55a
info: Current capture status for job 16fbc406-ffdc-459a-8c6e-d6f6f6d1d55a: in_progress ETA: 59
info: ETA:: 59 seconds for job 16fbc406-ffdc-459a-8c6e-d6f6f6d1d55a
info: Current capture status for job 16fbc406-ffdc-459a-8c6e-d6f6f6d1d55a: success ETA: undefined
info: Calling bound compare, attempt::1
info: Calling bound waitForCompareJob, attempt::1
info: ETA:: 55 seconds for job 406f2615-691e-4127-9831-35b649514681
info: Current compare status for job 406f2615-691e-4127-9831-35b649514681: success
info: Initiating backup of plugin user-registration
info: Backup ["/var/www/wp-content/uploads/onecom-updater/backup/plugins/user-registration.zip"] verified.
info: DB backup was created earlier, skipping
info: plugin user-registration backup complete
info: Updating plugin user-registration
info: Deleting cache before taking screenshots
info: Probably invalid command - timeout -k 5m 5m /usr/local/bin/wp-cache-flush
info: Calling bound captureBatch, attempt::1
info: Calling bound waitForJobCompletion, attempt::1
info: ETA:: 119 seconds for job 5b167daa-74ef-4295-a383-73b9642f936a
info: Current capture status for job 5b167daa-74ef-4295-a383-73b9642f936a: in_progress ETA: 59
info: ETA:: 59 seconds for job 5b167daa-74ef-4295-a383-73b9642f936a
info: Current capture status for job 5b167daa-74ef-4295-a383-73b9642f936a: success ETA: undefined
info: Calling bound compare, attempt::1
info: Calling bound waitForCompareJob, attempt::1
info: ETA:: 55 seconds for job e444ba2a-4bdc-43ce-baa2-39e9d95cc460
info: Current compare status for job e444ba2a-4bdc-43ce-baa2-39e9d95cc460: success
info: Updating translations for all plugin.
info: Translations updated for all plugin.
info: Plugins update completed
info: Initiating theme update
info: None of the selected themes have pending update!
info: Themes update completed
info: Notifications enabled for all success status
info: Visual diff status Rollbacks:: false Diffs:: false
info: SSH already connected, exiting!
info: Detected locale - de_DE
info: Reading translation file /app/i18n/one.com/de_DE.json
info: Message sent: 250 2.0.0 Ok: queued as 9eda9786-f66d-11f0-84c7-93738998f14f locale: de_DE
info: Closed email transport
info: SMTP call successful
info: Uploading log
info: Checking if ssh is active.
info: Trying ssh connection
