info: Checking if ssh is active.
info: Trying ssh connection
info: Deleting cache before taking screenshots
info: Probably invalid command - timeout -k 5m 5m /usr/local/bin/wp-cache-flush
info: Detected error reporting::false and http status::200
info: Checking if installation is valid
info: Valid installation, proceeding with updates
info: No running native updates
info: Installation is unlocked for update
info: Initiating WP core update
info: No updates for WP Core!
info: WP core updates finished, proceeding with plugins' update
info: Initiating plugin update
info: Premium care dependencies - version:5.0.1 status:active
info: Found update for plugins
info: Deleting cache before taking screenshots
info: Probably invalid command - timeout -k 5m 5m /usr/local/bin/wp-cache-flush
info: Updated testUrlsCount to 6
info: Testing urls ["https://www.serelit.de","https://www.serelit.de/registration/","https://www.serelit.de/product/automatic-electric-disappearing-ladders/","https://www.serelit.de/project/aenean-vulputate/","https://www.serelit.de/service/fenster-balkon-profile/","https://www.serelit.de/member/phebe-e-french/"]
info: Calling bound captureBatch, attempt::1
info: Calling bound waitForJobCompletion, attempt::1
info: ETA:: 119 seconds for job 80b3d434-d5a3-4823-b29c-a8293564927e
info: Current capture status for job 80b3d434-d5a3-4823-b29c-a8293564927e: in_progress ETA: 59
info: ETA:: 59 seconds for job 80b3d434-d5a3-4823-b29c-a8293564927e
info: Current capture status for job 80b3d434-d5a3-4823-b29c-a8293564927e: success ETA: undefined
info: Initiating backup of plugin user-registration
info: Backup ["/var/www/wp-content/uploads/onecom-updater/backup/plugins/user-registration.zip"] verified.
info: Initiating DB backup
info: DB backed up
info: plugin user-registration backup complete
info: Secured backups with .htaccess
info: Updating plugin user-registration
info: Deleting cache before taking screenshots
info: Probably invalid command - timeout -k 5m 5m /usr/local/bin/wp-cache-flush
info: Calling bound captureBatch, attempt::1
info: Calling bound waitForJobCompletion, attempt::1
info: ETA:: 119 seconds for job 5dabc353-25c3-4f45-9c71-b490ec8498de
info: Current capture status for job 5dabc353-25c3-4f45-9c71-b490ec8498de: in_progress ETA: 59
info: ETA:: 59 seconds for job 5dabc353-25c3-4f45-9c71-b490ec8498de
info: Current capture status for job 5dabc353-25c3-4f45-9c71-b490ec8498de: success ETA: undefined
info: Calling bound compare, attempt::1
info: Calling bound waitForCompareJob, attempt::1
info: ETA:: 55 seconds for job fd2b6139-cbc5-4599-83c7-d8c95d8a61aa
info: Current compare status for job fd2b6139-cbc5-4599-83c7-d8c95d8a61aa: success
info: Updating translations for all plugin.
info: Translations updated for all plugin.
info: Plugins update completed
info: Initiating theme update
info: None of the selected themes have pending update!
info: Themes update completed
info: Notifications enabled for all success status
info: Visual diff status Rollbacks:: false Diffs:: false
info: SSH already connected, exiting!
info: Detected locale - de_DE
info: Reading translation file /app/i18n/one.com/de_DE.json
info: Message sent: 250 2.0.0 Ok: queued as 983d5c2c-f9ba-11f0-b3d2-a15b02d070c0 locale: de_DE
info: Closed email transport
info: SMTP call successful
info: Uploading log
info: Checking if ssh is active.
info: Trying ssh connection
