info: Checking if ssh is active.
info: Trying ssh connection
info: Deleting cache before taking screenshots
info: Detected error reporting::false and http status::200
info: Checking if installation is valid
info: Valid installation, proceeding with updates
info: Installation is unlocked for update
info: Initiating WP core update
info: No updates for WP Core!
info: WP core updates finished, proceeding with plugins' update
info: Initiating plugin update
info: Found update for plugins
info: Deleting cache before taking screenshots
info: Updated testUrlsCount to 6
info: ETA:: 139 seconds for job 836c1afe-ebc2-4b77-acba-f48d934ddadd
info: Current capture status for job 836c1afe-ebc2-4b77-acba-f48d934ddadd: in_progress ETA: 69
info: ETA:: 69 seconds for job 836c1afe-ebc2-4b77-acba-f48d934ddadd
info: Current capture status for job 836c1afe-ebc2-4b77-acba-f48d934ddadd: success ETA: undefined
info: Initiating backup of plugin font-awesome
info: Initiating DB backup
info: DB backed up
info: plugin font-awesome backup complete
info: Secured backups with .htaccess
info: Updating plugin font-awesome
info: Deleting cache before taking screenshots
info: ETA:: 139 seconds for job adb51a88-6ca0-413a-8589-17a5ae51c1c9
info: Current capture status for job adb51a88-6ca0-413a-8589-17a5ae51c1c9: in_progress ETA: 69
info: ETA:: 69 seconds for job adb51a88-6ca0-413a-8589-17a5ae51c1c9
info: Current capture status for job adb51a88-6ca0-413a-8589-17a5ae51c1c9: success ETA: undefined
error: Visual inspection failed:: AxiosError: Request failed with status code 502
info: Restoring plugin font-awesome from backup
info: Restoring plugin font-awesome restored from backup due to error in visual testing
info: Deleting cache before taking screenshots
info: Detected error reporting::false and http status::200
info: Initiating backup of plugin really-simple-ssl
info: DB backup was created earlier, skipping
info: plugin really-simple-ssl backup complete
info: Updating plugin really-simple-ssl
info: Deleting cache before taking screenshots
info: ETA:: 139 seconds for job 814b48cd-d370-42bc-8a8b-001bef410685
info: Current capture status for job 814b48cd-d370-42bc-8a8b-001bef410685: in_progress ETA: 69
info: ETA:: 69 seconds for job 814b48cd-d370-42bc-8a8b-001bef410685
info: Current capture status for job 814b48cd-d370-42bc-8a8b-001bef410685: success ETA: undefined
info: ETA:: 81 seconds for job 11fd2ca3-3518-4f16-8ebd-6526fb9c55ca
info: Current compare status for job 11fd2ca3-3518-4f16-8ebd-6526fb9c55ca: in_progress
info: ETA:: 40 seconds for job 11fd2ca3-3518-4f16-8ebd-6526fb9c55ca
info: Current compare status for job 11fd2ca3-3518-4f16-8ebd-6526fb9c55ca: in_progress
info: ETA:: 40 seconds for job 11fd2ca3-3518-4f16-8ebd-6526fb9c55ca
info: Current compare status for job 11fd2ca3-3518-4f16-8ebd-6526fb9c55ca: success
info: Restoring plugin really-simple-ssl from backup
info: plugin really-simple-ssl restored from backup
info: Deleting cache before taking screenshots
info: Detected error reporting::false and http status::200
info: Initiating backup of plugin woocommerce
info: DB backup was created earlier, skipping
info: plugin woocommerce backup complete
info: Updating plugin woocommerce
info: Deleting cache before taking screenshots
info: ETA:: 277 seconds for job 5cc1b4b8-3663-4bed-b636-cbc5c9059fc4
info: Current capture status for job 5cc1b4b8-3663-4bed-b636-cbc5c9059fc4: in_progress ETA: 69
info: ETA:: 69 seconds for job 5cc1b4b8-3663-4bed-b636-cbc5c9059fc4
info: Current capture status for job 5cc1b4b8-3663-4bed-b636-cbc5c9059fc4: success ETA: undefined
info: ETA:: 81 seconds for job 142d5291-7088-484b-96bc-a5be5bf693b5
info: Current compare status for job 142d5291-7088-484b-96bc-a5be5bf693b5: in_progress
info: ETA:: 40 seconds for job 142d5291-7088-484b-96bc-a5be5bf693b5
info: Current compare status for job 142d5291-7088-484b-96bc-a5be5bf693b5: success
info: Restoring plugin woocommerce from backup
info: plugin woocommerce restored from backup
info: Deleting cache before taking screenshots
info: Detected error reporting::false and http status::200
info: Updating translations for all plugin.
info: Translations updated for all plugin.
info: Plugins update completed
info: Initiating theme update
info: None of the selected themes have pending update!
info: Themes update completed
info: Visual diff status Rollbacks:: true Diffs:: true
info: Notifications enabled for all success status
info: SSH already connected, exiting!
info: Detected locale - de_DE
info: Reading translation file /app/i18n/one.com/de_DE.json
info: Message sent: 250 2.0.0 Ok: queued as 1b99f4b6-fa04-11ef-ab1b-8bb83626d7ef locale: de_DE
info: SMTP call successful
info: Uploading log
info: Checking if ssh is active.
info: Trying ssh connection
