info: Checking if ssh is active.
info: Trying ssh connection
info: Deleting cache before taking screenshots
info: Detected error reporting::false and http status::200
info: Checking if installation is valid
info: Valid installation, proceeding with updates
info: Installation is unlocked for update
info: Initiating WP core update
info: No updates for WP Core!
info: WP core updates finished, proceeding with plugins' update
info: Initiating plugin update
info: Found update for plugins
info: Deleting cache before taking screenshots
info: Updated testUrlsCount to 6
info: ETA:: 139 seconds for job b7288ef0-671f-4851-9355-0c7af7ae13fb
info: Current capture status for job b7288ef0-671f-4851-9355-0c7af7ae13fb: in_progress ETA: 69
info: ETA:: 69 seconds for job b7288ef0-671f-4851-9355-0c7af7ae13fb
info: Current capture status for job b7288ef0-671f-4851-9355-0c7af7ae13fb: success ETA: undefined
info: Initiating backup of plugin font-awesome
info: Initiating DB backup
info: DB backed up
info: plugin font-awesome backup complete
info: Secured backups with .htaccess
info: Updating plugin font-awesome
info: Deleting cache before taking screenshots
info: ETA:: 139 seconds for job 68251337-bd41-4ff1-b511-82f5d816f859
info: Current capture status for job 68251337-bd41-4ff1-b511-82f5d816f859: in_progress ETA: 69
info: ETA:: 69 seconds for job 68251337-bd41-4ff1-b511-82f5d816f859
info: Current capture status for job 68251337-bd41-4ff1-b511-82f5d816f859: success ETA: undefined
error: Visual inspection failed:: AxiosError: Request failed with status code 502
info: Restoring plugin font-awesome from backup
info: Restoring plugin font-awesome restored from backup due to error in visual testing
info: Deleting cache before taking screenshots
info: Detected error reporting::false and http status::200
info: Initiating backup of plugin wp-user-avatar
info: DB backup was created earlier, skipping
info: plugin wp-user-avatar backup complete
info: Updating plugin wp-user-avatar
info: Deleting cache before taking screenshots
info: ETA:: 139 seconds for job dc53d0a6-b2c8-41b2-afe1-6ed985eda30c
info: Current capture status for job dc53d0a6-b2c8-41b2-afe1-6ed985eda30c: success ETA: undefined
info: ETA:: 81 seconds for job cbceadc2-20b6-413e-bf20-01c128720e36
info: Current compare status for job cbceadc2-20b6-413e-bf20-01c128720e36: in_progress
info: ETA:: 40 seconds for job cbceadc2-20b6-413e-bf20-01c128720e36
info: Current compare status for job cbceadc2-20b6-413e-bf20-01c128720e36: in_progress
info: ETA:: 40 seconds for job cbceadc2-20b6-413e-bf20-01c128720e36
info: Current compare status for job cbceadc2-20b6-413e-bf20-01c128720e36: in_progress
info: ETA:: 40 seconds for job cbceadc2-20b6-413e-bf20-01c128720e36
info: Current compare status for job cbceadc2-20b6-413e-bf20-01c128720e36: success
info: Initiating backup of plugin really-simple-ssl
info: DB backup was created earlier, skipping
info: plugin really-simple-ssl backup complete
info: Updating plugin really-simple-ssl
info: Deleting cache before taking screenshots
info: ETA:: 139 seconds for job 90fe61b2-95ad-4610-9a09-77103c594281
info: Current capture status for job 90fe61b2-95ad-4610-9a09-77103c594281: in_progress ETA: 69
info: ETA:: 69 seconds for job 90fe61b2-95ad-4610-9a09-77103c594281
info: Current capture status for job 90fe61b2-95ad-4610-9a09-77103c594281: success ETA: undefined
info: ETA:: 81 seconds for job a32604da-1c78-422c-a09f-17f1f8240314
info: Current compare status for job a32604da-1c78-422c-a09f-17f1f8240314: success
info: Initiating backup of plugin woocommerce
info: DB backup was created earlier, skipping
info: plugin woocommerce backup complete
info: Updating plugin woocommerce
info: Deleting cache before taking screenshots
info: ETA:: 139 seconds for job ff77efd0-4092-4b9e-bf68-4995504d522b
info: Current capture status for job ff77efd0-4092-4b9e-bf68-4995504d522b: in_progress ETA: 69
info: ETA:: 69 seconds for job ff77efd0-4092-4b9e-bf68-4995504d522b
info: Current capture status for job ff77efd0-4092-4b9e-bf68-4995504d522b: in_progress ETA: 69
info: ETA:: 69 seconds for job ff77efd0-4092-4b9e-bf68-4995504d522b
info: Current capture status for job ff77efd0-4092-4b9e-bf68-4995504d522b: in_progress ETA: 69
info: ETA:: 69 seconds for job ff77efd0-4092-4b9e-bf68-4995504d522b
info: Current capture status for job ff77efd0-4092-4b9e-bf68-4995504d522b: in_progress ETA: 69
info: ETA:: 69 seconds for job ff77efd0-4092-4b9e-bf68-4995504d522b
info: Current capture status for job ff77efd0-4092-4b9e-bf68-4995504d522b: success ETA: undefined
info: ETA:: 81 seconds for job 4954f909-96aa-483f-9bd5-7b0c444d097b
info: Current compare status for job 4954f909-96aa-483f-9bd5-7b0c444d097b: success
info: Updating translations for all plugin.
info: Translations updated for all plugin.
info: Plugins update completed
info: Initiating theme update
info: None of the selected themes have pending update!
info: Themes update completed
info: Visual diff status Rollbacks:: true Diffs:: false
info: Notifications enabled for all success status
info: Uploading log
