info: Checking if ssh is active.
info: Trying ssh connection
info: Deleting cache before taking screenshots
info: Detected error reporting::false and http status::200
info: Checking if installation is valid
info: Valid installation, proceeding with updates
info: Installation is unlocked for update
info: Initiating WP core update
info: No updates for WP Core!
info: WP core updates finished, proceeding with plugins' update
info: Initiating plugin update
info: Found update for plugins
info: Deleting cache before taking screenshots
info: Updated testUrlsCount to 6
info: Testing urls ["https://www.serelit.de","https://www.serelit.de/registration/","https://www.serelit.de/product/automatic-electric-disappearing-ladders/","https://www.serelit.de/project/aenean-vulputate/","https://www.serelit.de/service/fenster-balkon-profile/","https://www.serelit.de/member/phebe-e-french/"]
info: Calling bound captureBatch, attempt::1
info: Calling bound waitForJobCompletion, attempt::1
info: ETA:: 139 seconds for job cd5dfff1-d0db-4671-80db-e6ca79f3b7f2
info: Current capture status for job cd5dfff1-d0db-4671-80db-e6ca79f3b7f2: in_progress ETA: 69
info: ETA:: 69 seconds for job cd5dfff1-d0db-4671-80db-e6ca79f3b7f2
info: Current capture status for job cd5dfff1-d0db-4671-80db-e6ca79f3b7f2: in_progress ETA: 69
info: ETA:: 69 seconds for job cd5dfff1-d0db-4671-80db-e6ca79f3b7f2
info: Current capture status for job cd5dfff1-d0db-4671-80db-e6ca79f3b7f2: in_progress ETA: 69
info: ETA:: 69 seconds for job cd5dfff1-d0db-4671-80db-e6ca79f3b7f2
info: Current capture status for job cd5dfff1-d0db-4671-80db-e6ca79f3b7f2: in_progress ETA: 69
info: ETA:: 69 seconds for job cd5dfff1-d0db-4671-80db-e6ca79f3b7f2
info: Current capture status for job cd5dfff1-d0db-4671-80db-e6ca79f3b7f2: success ETA: undefined
info: Initiating backup of plugin really-simple-ssl
info: Initiating DB backup
info: DB backed up
info: plugin really-simple-ssl backup complete
info: Secured backups with .htaccess
info: Updating plugin really-simple-ssl
info: Deleting cache before taking screenshots
info: Calling bound captureBatch, attempt::1
info: Calling bound waitForJobCompletion, attempt::1
info: ETA:: 139 seconds for job 9ac1918b-e486-4591-8041-65328cc977dc
info: Current capture status for job 9ac1918b-e486-4591-8041-65328cc977dc: in_progress ETA: 69
info: ETA:: 69 seconds for job 9ac1918b-e486-4591-8041-65328cc977dc
info: Current capture status for job 9ac1918b-e486-4591-8041-65328cc977dc: in_progress ETA: 69
info: ETA:: 69 seconds for job 9ac1918b-e486-4591-8041-65328cc977dc
info: Current capture status for job 9ac1918b-e486-4591-8041-65328cc977dc: success ETA: undefined
info: Calling bound compare, attempt::1
info: Calling bound waitForCompareJob, attempt::1
info: ETA:: 81 seconds for job 87f03660-b233-4534-a867-996c9b1b7512
info: Current compare status for job 87f03660-b233-4534-a867-996c9b1b7512: success
info: Initiating backup of plugin user-registration
info: DB backup was created earlier, skipping
info: plugin user-registration backup complete
info: Updating plugin user-registration
info: Deleting cache before taking screenshots
info: Calling bound captureBatch, attempt::1
info: Calling bound waitForJobCompletion, attempt::1
info: ETA:: 139 seconds for job cbbe715d-4a97-4d87-9721-b4eed93e532f
info: Current capture status for job cbbe715d-4a97-4d87-9721-b4eed93e532f: in_progress ETA: 69
info: ETA:: 69 seconds for job cbbe715d-4a97-4d87-9721-b4eed93e532f
info: Current capture status for job cbbe715d-4a97-4d87-9721-b4eed93e532f: in_progress ETA: 69
info: ETA:: 69 seconds for job cbbe715d-4a97-4d87-9721-b4eed93e532f
info: Current capture status for job cbbe715d-4a97-4d87-9721-b4eed93e532f: in_progress ETA: 69
info: ETA:: 69 seconds for job cbbe715d-4a97-4d87-9721-b4eed93e532f
info: Current capture status for job cbbe715d-4a97-4d87-9721-b4eed93e532f: in_progress ETA: 69
info: ETA:: 69 seconds for job cbbe715d-4a97-4d87-9721-b4eed93e532f
info: Current capture status for job cbbe715d-4a97-4d87-9721-b4eed93e532f: success ETA: undefined
info: Calling bound compare, attempt::1
info: Calling bound waitForCompareJob, attempt::1
info: ETA:: 81 seconds for job 3ef68ff0-c38b-4b74-a6ed-27c14cb8fe50
info: Current compare status for job 3ef68ff0-c38b-4b74-a6ed-27c14cb8fe50: success
info: Restoring plugin user-registration from backup
info: plugin user-registration restored from backup
info: Deleting cache before taking screenshots
info: Detected error reporting::false and http status::200
info: Updating translations for all plugin.
info: Translations updated for all plugin.
info: Plugins update completed
info: Initiating theme update
info: None of the selected themes have pending update!
info: Themes update completed
info: Visual diff status Rollbacks:: true Diffs:: true
info: Notifications enabled for all success status
info: SSH already connected, exiting!
info: Detected locale - de_DE
info: Reading translation file /app/i18n/one.com/de_DE.json
info: Message sent: 250 2.0.0 Ok: queued as 33a0f7ed-09ba-11f0-b9cb-9d0b146aa698 locale: de_DE
info: SMTP call successful
info: Uploading log
info: Checking if ssh is active.
info: Trying ssh connection
