info: Checking if ssh is active.
info: Trying ssh connection
info: Deleting cache before taking screenshots
info: Probably invalid command - timeout -k 5m 5m /usr/local/bin/wp-cache-flush
info: Detected error reporting::false and http status::200
info: Checking if installation is valid
info: Valid installation, proceeding with updates
info: No running native updates
info: Installation is unlocked for update
info: Initiating WP core update
info: No updates for WP Core!
info: WP core updates finished, proceeding with plugins' update
info: Initiating plugin update
info: Premium care dependencies - version:5.1.5 status:active
info: Found update for plugins
info: Deleting cache before taking screenshots
info: Probably invalid command - timeout -k 5m 5m /usr/local/bin/wp-cache-flush
info: Updated testUrlsCount to 6
info: Testing urls ["https://www.serelit.de","https://www.serelit.de/fliegengittersysteme/","https://www.serelit.de/product/automatic-electric-disappearing-ladders/","https://www.serelit.de/project/fliegengittersysteme/","https://www.serelit.de/service/fenster-balkon-profile/","https://www.serelit.de/member/phebe-e-french/"]
info: Calling bound captureBatch, attempt::1
info: Calling bound waitForJobCompletion, attempt::1
info: ETA:: 139 seconds for job 66df263b-85e3-4c1a-a308-ac257a1d4cbf
info: Current capture status for job 66df263b-85e3-4c1a-a308-ac257a1d4cbf: success ETA: undefined
info: Initiating backup of plugin font-awesome
info: Backup ["/var/www/wp-content/uploads/onecom-updater/backup/plugins/font-awesome.zip"] verified.
info: Initiating DB backup
info: DB backed up
info: plugin font-awesome backup complete
info: Secured backups with .htaccess
info: Updating plugin font-awesome
info: Deleting cache before taking screenshots
info: Probably invalid command - timeout -k 5m 5m /usr/local/bin/wp-cache-flush
info: Calling bound captureBatch, attempt::1
info: Calling bound waitForJobCompletion, attempt::1
info: ETA:: 139 seconds for job 5c3c0027-18e1-4781-9a5a-a3b7988a2d29
info: Current capture status for job 5c3c0027-18e1-4781-9a5a-a3b7988a2d29: success ETA: undefined
info: Calling bound compare, attempt::1
info: Calling bound waitForCompareJob, attempt::1
info: ETA:: 8 seconds for job 701f3da6-7e82-49d1-b326-e74899681115
info: Current compare status for job 701f3da6-7e82-49d1-b326-e74899681115: in_progress
info: ETA:: 4 seconds for job 701f3da6-7e82-49d1-b326-e74899681115
info: Current compare status for job 701f3da6-7e82-49d1-b326-e74899681115: success
info: Initiating backup of plugin mailchimp-for-wp
info: Backup ["/var/www/wp-content/uploads/onecom-updater/backup/plugins/mailchimp-for-wp.zip"] verified.
info: DB backup was created earlier, skipping
info: plugin mailchimp-for-wp backup complete
info: Updating plugin mailchimp-for-wp
info: Deleting cache before taking screenshots
info: Probably invalid command - timeout -k 5m 5m /usr/local/bin/wp-cache-flush
info: Calling bound captureBatch, attempt::1
info: Calling bound waitForJobCompletion, attempt::1
info: ETA:: 139 seconds for job 99ac6104-8bb8-4643-87ec-051aee9f0f8b
info: Current capture status for job 99ac6104-8bb8-4643-87ec-051aee9f0f8b: success ETA: undefined
info: Calling bound compare, attempt::1
info: Calling bound waitForCompareJob, attempt::1
info: ETA:: 8 seconds for job a776a48f-cb9f-4034-8662-4fb9d572e383
info: Current compare status for job a776a48f-cb9f-4034-8662-4fb9d572e383: in_progress
info: ETA:: 4 seconds for job a776a48f-cb9f-4034-8662-4fb9d572e383
info: Current compare status for job a776a48f-cb9f-4034-8662-4fb9d572e383: success
info: Initiating backup of plugin really-simple-ssl
info: Backup ["/var/www/wp-content/uploads/onecom-updater/backup/plugins/really-simple-ssl.zip"] verified.
info: DB backup was created earlier, skipping
info: plugin really-simple-ssl backup complete
info: Updating plugin really-simple-ssl
info: Deleting cache before taking screenshots
info: Probably invalid command - timeout -k 5m 5m /usr/local/bin/wp-cache-flush
info: Calling bound captureBatch, attempt::1
info: Calling bound waitForJobCompletion, attempt::1
info: ETA:: 139 seconds for job 0d789420-fb5c-4daf-9a9e-1e196779818a
info: Current capture status for job 0d789420-fb5c-4daf-9a9e-1e196779818a: success ETA: undefined
info: Calling bound compare, attempt::1
info: Calling bound waitForCompareJob, attempt::1
info: ETA:: 8 seconds for job 6e56ef95-67d4-4460-83e9-80fe94e3c03b
info: Current compare status for job 6e56ef95-67d4-4460-83e9-80fe94e3c03b: in_progress
info: ETA:: 4 seconds for job 6e56ef95-67d4-4460-83e9-80fe94e3c03b
info: Current compare status for job 6e56ef95-67d4-4460-83e9-80fe94e3c03b: success
info: Updating translations for all plugin.
info: Translations updated for all plugin.
info: Plugins update completed
info: Initiating theme update
info: None of the selected themes have pending update!
info: Themes update completed
info: Notifications enabled for all success status
info: Visual diff status Rollbacks:: false Diffs:: false
info: SSH already connected, exiting!
info: Detected locale - de_DE
info: Reading translation file /app/i18n/one.com/de_DE.json
info: Message sent: 250 2.0.0 Ok: queued as 001e9a86-48b7-11f1-8555-93738998f14f locale: de_DE
info: Closed email transport
info: SMTP call successful
info: Uploading log
info: Checking if ssh is active.
info: Trying ssh connection
