info: Checking if ssh is active.
info: Trying ssh connection
info: Deleting cache before taking screenshots
info: Probably invalid command - timeout -k 5m 5m /usr/local/bin/wp-cache-flush
error: [INFO] Assuming error reporting on due to exception
info: [INFO] HTTP broken due to exception AxiosError: Request failed with status code 503
info: Site detected as broken, disabling visual testing!
info: Checking if installation is valid
info: Valid installation, proceeding with updates
info: No running native updates
info: Installation is unlocked for update
info: Initiating WP core update
info: No updates for WP Core!
info: WP core updates finished, proceeding with plugins' update
info: Initiating plugin update
info: Premium care dependencies - version:5.1.5 status:active
info: Found update for plugins
info: Initiating backup of plugin creame-whatsapp-me
info: Backup ["/var/www/wp-content/uploads/onecom-updater/backup/plugins/creame-whatsapp-me.zip"] verified.
info: Initiating DB backup
info: DB backed up
info: plugin creame-whatsapp-me backup complete
info: Secured backups with .htaccess
info: Updating plugin creame-whatsapp-me
info: Updating translations for all plugin.
info: Translations updated for all plugin.
info: Plugins update completed
info: Initiating theme update
info: None of the selected themes have pending update!
info: Themes update completed
info: Notifications enabled for all success status
info: Visual diff status Rollbacks:: false Diffs:: false
info: SSH already connected, exiting!
info: Detected locale - de_DE
info: Reading translation file /app/i18n/one.com/de_DE.json
info: Message sent: 250 2.0.0 Ok: queued as cdfbb84b-53b5-11f1-986e-a15b02d070c0 locale: de_DE
info: Closed email transport
info: SMTP call successful
info: Uploading log
info: Checking if ssh is active.
info: Trying ssh connection
