info: Checking if ssh is active.
info: Trying ssh connection
info: Deleting cache before taking screenshots
info: Probably invalid command - timeout -k 5m 5m /usr/local/bin/wp-cache-flush
info: Detected error reporting::false and http status::200
info: Checking if installation is valid
info: Valid installation, proceeding with updates
info: No running native updates
info: Installation is unlocked for update
info: Initiating WP core update
info: No updates for WP Core!
info: WP core updates finished, proceeding with plugins' update
info: Initiating plugin update
info: Premium care dependencies - version:5.1.5 status:active
info: Found update for plugins
info: Deleting cache before taking screenshots
info: Probably invalid command - timeout -k 5m 5m /usr/local/bin/wp-cache-flush
info: Updated testUrlsCount to 6
info: Testing urls ["https://www.serelit.de","https://www.serelit.de/fliegengittersysteme/","https://www.serelit.de/product/automatic-electric-disappearing-ladders/","https://www.serelit.de/project/fliegengittersysteme/","https://www.serelit.de/service/fenster-balkon-profile/","https://www.serelit.de/member/phebe-e-french/"]
info: Calling bound captureBatch, attempt::1
info: Calling bound waitForJobCompletion, attempt::1
info: ETA:: 139 seconds for job eacc800d-068f-47bf-9a68-be7ed1df19ac
info: Current capture status for job eacc800d-068f-47bf-9a68-be7ed1df19ac: in_progress ETA: 69
info: ETA:: 69 seconds for job eacc800d-068f-47bf-9a68-be7ed1df19ac
info: Current capture status for job eacc800d-068f-47bf-9a68-be7ed1df19ac: success ETA: undefined
info: Initiating backup of plugin loco-translate
info: Backup ["/var/www/wp-content/uploads/onecom-updater/backup/plugins/loco-translate.zip"] verified.
info: Initiating DB backup
info: DB backed up
info: plugin loco-translate backup complete
info: Secured backups with .htaccess
info: Updating plugin loco-translate
info: Deleting cache before taking screenshots
info: Probably invalid command - timeout -k 5m 5m /usr/local/bin/wp-cache-flush
info: Calling bound captureBatch, attempt::1
info: Calling bound waitForJobCompletion, attempt::1
info: ETA:: 139 seconds for job 275cabb1-f957-4354-afe5-4d8d094c6b9a
info: Current capture status for job 275cabb1-f957-4354-afe5-4d8d094c6b9a: success ETA: undefined
info: Calling bound compare, attempt::1
info: Calling bound waitForCompareJob, attempt::1
info: ETA:: 9 seconds for job 86d957c8-2cde-40b5-8cb7-87ce2698c19e
info: Current compare status for job 86d957c8-2cde-40b5-8cb7-87ce2698c19e: in_progress
info: ETA:: 4 seconds for job 86d957c8-2cde-40b5-8cb7-87ce2698c19e
info: Current compare status for job 86d957c8-2cde-40b5-8cb7-87ce2698c19e: success
info: Initiating backup of plugin mailchimp-for-wp
info: Backup ["/var/www/wp-content/uploads/onecom-updater/backup/plugins/mailchimp-for-wp.zip"] verified.
info: DB backup was created earlier, skipping
info: plugin mailchimp-for-wp backup complete
info: Updating plugin mailchimp-for-wp
info: Deleting cache before taking screenshots
info: Probably invalid command - timeout -k 5m 5m /usr/local/bin/wp-cache-flush
info: Calling bound captureBatch, attempt::1
info: Calling bound waitForJobCompletion, attempt::1
info: ETA:: 139 seconds for job d93a3cc5-f05f-4e5a-b045-d771301014a3
info: Current capture status for job d93a3cc5-f05f-4e5a-b045-d771301014a3: success ETA: undefined
info: Calling bound compare, attempt::1
info: Calling bound waitForCompareJob, attempt::1
info: ETA:: 9 seconds for job 06521afc-214e-46c6-a606-91660052d872
info: Current compare status for job 06521afc-214e-46c6-a606-91660052d872: in_progress
info: ETA:: 4 seconds for job 06521afc-214e-46c6-a606-91660052d872
info: Current compare status for job 06521afc-214e-46c6-a606-91660052d872: success
info: Updating translations for all plugin.
info: Translations updated for all plugin.
info: Plugins update completed
info: Initiating theme update
info: None of the selected themes have pending update!
info: Themes update completed
info: Notifications enabled for all success status
info: Visual diff status Rollbacks:: false Diffs:: false
info: SSH already connected, exiting!
info: Detected locale - de_DE
info: Reading translation file /app/i18n/one.com/de_DE.json
info: Message sent: 250 2.0.0 Ok: queued as 992dabdc-5df6-11f1-98ef-93738998f14f locale: de_DE
info: Closed email transport
info: SMTP call successful
info: Uploading log
info: Checking if ssh is active.
info: Trying ssh connection
