info: Checking if ssh is active.
info: Trying ssh connection
info: Deleting cache before taking screenshots
info: Detected error reporting::false and http status::200
info: Checking if installation is valid
info: Valid installation, proceeding with updates
info: Installation is unlocked for update
info: Initiating WP core update
info: No updates for WP Core!
info: WP core updates finished, proceeding with plugins' update
info: Initiating plugin update
info: Found update for plugins
info: Deleting cache before taking screenshots
info: Updated testUrlsCount to 6
info: Testing urls ["https://www.serelit.de","https://www.serelit.de/registration/","https://www.serelit.de/product/automatic-electric-disappearing-ladders/","https://www.serelit.de/project/aenean-vulputate/","https://www.serelit.de/service/fenster-balkon-profile/","https://www.serelit.de/member/phebe-e-french/"]
info: Calling bound captureBatch, attempt::1
info: Calling bound waitForJobCompletion, attempt::1
info: ETA:: 139 seconds for job b44365bb-0a53-4f63-bafb-243fb8245e21
info: Current capture status for job b44365bb-0a53-4f63-bafb-243fb8245e21: success ETA: undefined
info: Initiating backup of plugin font-awesome
info: Backup ["/var/www/wp-content/uploads/onecom-updater/backup/plugins/font-awesome.zip"] verified.
info: Initiating DB backup
info: DB backed up
info: plugin font-awesome backup complete
info: Secured backups with .htaccess
info: Updating plugin font-awesome
info: Deleting cache before taking screenshots
info: Calling bound captureBatch, attempt::1
info: Calling bound waitForJobCompletion, attempt::1
info: ETA:: 139 seconds for job 6fd65f1a-286b-4137-ae4c-344654b647dd
info: Current capture status for job 6fd65f1a-286b-4137-ae4c-344654b647dd: in_progress ETA: 69
info: ETA:: 69 seconds for job 6fd65f1a-286b-4137-ae4c-344654b647dd
info: Current capture status for job 6fd65f1a-286b-4137-ae4c-344654b647dd: success ETA: undefined
info: Calling bound compare, attempt::1
info: Calling bound waitForCompareJob, attempt::1
info: ETA:: 32 seconds for job 92d0f30b-ee29-430b-85e1-5459b6071dc6
info: Current compare status for job 92d0f30b-ee29-430b-85e1-5459b6071dc6: success
info: Updating translations for all plugin.
info: Translations updated for all plugin.
info: Plugins update completed
info: Initiating theme update
info: None of the selected themes have pending update!
info: Themes update completed
info: Visual diff status Rollbacks:: false Diffs:: false
info: Notifications enabled for all success status
info: SSH already connected, exiting!
info: Detected locale - de_DE
info: Reading translation file /app/i18n/one.com/de_DE.json
info: Message sent: 250 2.0.0 Ok: queued as afd41b28-4178-11f0-a6d5-bb9973742618 locale: de_DE
info: SMTP call successful
info: Uploading log
info: Checking if ssh is active.
info: Trying ssh connection
