info: Checking if ssh is active.
info: Trying ssh connection
info: Deleting cache before taking screenshots
info: Detected error reporting::false and http status::200
info: Checking if installation is valid
info: Valid installation, proceeding with updates
info: Installation is unlocked for update
info: Initiating WP core update
info: No updates for WP Core!
info: WP core updates finished, proceeding with plugins' update
info: Initiating plugin update
info: Found update for plugins
info: Deleting cache before taking screenshots
info: Updated testUrlsCount to 6
info: Testing urls ["https://www.serelit.de","https://www.serelit.de/registration/","https://www.serelit.de/product/automatic-electric-disappearing-ladders/","https://www.serelit.de/project/aenean-vulputate/","https://www.serelit.de/service/fenster-balkon-profile/","https://www.serelit.de/member/phebe-e-french/"]
info: Calling bound captureBatch, attempt::1
info: Calling bound waitForJobCompletion, attempt::1
info: ETA:: 139 seconds for job 62755808-c6e9-43dd-8647-defb2ed337e4
info: Current capture status for job 62755808-c6e9-43dd-8647-defb2ed337e4: in_progress ETA: 69
info: ETA:: 69 seconds for job 62755808-c6e9-43dd-8647-defb2ed337e4
info: Current capture status for job 62755808-c6e9-43dd-8647-defb2ed337e4: success ETA: undefined
info: Initiating backup of plugin woocommerce
info: Backup ["/var/www/wp-content/uploads/onecom-updater/backup/plugins/woocommerce.zip"] verified.
info: Initiating DB backup
info: DB backed up
info: plugin woocommerce backup complete
info: Secured backups with .htaccess
info: Updating plugin woocommerce
info: Deleting cache before taking screenshots
info: Calling bound captureBatch, attempt::1
info: Calling bound waitForJobCompletion, attempt::1
info: ETA:: 139 seconds for job abf5b3bb-c7d3-4e3b-9432-5dc87213f790
info: Current capture status for job abf5b3bb-c7d3-4e3b-9432-5dc87213f790: in_progress ETA: 69
info: ETA:: 69 seconds for job abf5b3bb-c7d3-4e3b-9432-5dc87213f790
info: Current capture status for job abf5b3bb-c7d3-4e3b-9432-5dc87213f790: success ETA: undefined
info: Calling bound compare, attempt::1
info: Calling bound waitForCompareJob, attempt::1
info: ETA:: 37 seconds for job 7b83a1ce-7b7a-4155-9180-e3c6eef9377d
info: Current compare status for job 7b83a1ce-7b7a-4155-9180-e3c6eef9377d: success
info: Updating translations for all plugin.
info: Translations updated for all plugin.
info: Plugins update completed
info: Initiating theme update
info: None of the selected themes have pending update!
info: Themes update completed
info: Visual diff status Rollbacks:: false Diffs:: false
info: Notifications enabled for all success status
info: SSH already connected, exiting!
info: Detected locale - de_DE
info: Reading translation file /app/i18n/one.com/de_DE.json
info: Message sent: 250 2.0.0 Ok: queued as 3b402c78-462f-11f0-b533-bb9973742618 locale: de_DE
info: SMTP call successful
info: Uploading log
info: Checking if ssh is active.
info: Trying ssh connection
