info: Checking if ssh is active.
info: Trying ssh connection
info: Deleting cache before taking screenshots
info: Detected error reporting::false and http status::200
info: Checking if installation is valid
info: Valid installation, proceeding with updates
info: Installation is unlocked for update
info: Initiating WP core update
info: No updates for WP Core!
info: WP core updates finished, proceeding with plugins' update
info: Initiating plugin update
info: Found update for plugins
info: Deleting cache before taking screenshots
info: Updated testUrlsCount to 6
info: Testing urls ["https://www.serelit.de","https://www.serelit.de/registration/","https://www.serelit.de/product/automatic-electric-disappearing-ladders/","https://www.serelit.de/project/aenean-vulputate/","https://www.serelit.de/service/fenster-balkon-profile/","https://www.serelit.de/member/phebe-e-french/"]
info: Calling bound captureBatch, attempt::1
info: Calling bound waitForJobCompletion, attempt::1
info: ETA:: 139 seconds for job 65d4c84b-c4db-455e-86b2-611cbfa1f8c7
info: Current capture status for job 65d4c84b-c4db-455e-86b2-611cbfa1f8c7: in_progress ETA: 69
info: ETA:: 69 seconds for job 65d4c84b-c4db-455e-86b2-611cbfa1f8c7
info: Current capture status for job 65d4c84b-c4db-455e-86b2-611cbfa1f8c7: success ETA: undefined
info: Initiating backup of plugin complianz-gdpr
info: Backup ["/var/www/wp-content/uploads/onecom-updater/backup/plugins/complianz-gdpr.zip"] verified.
info: Initiating DB backup
info: DB backed up
info: plugin complianz-gdpr backup complete
info: Secured backups with .htaccess
info: Updating plugin complianz-gdpr
info: Deleting cache before taking screenshots
info: Calling bound captureBatch, attempt::1
info: Calling bound waitForJobCompletion, attempt::1
info: ETA:: 139 seconds for job d4632005-7946-4ae9-99b6-2c217ef2ae74
info: Current capture status for job d4632005-7946-4ae9-99b6-2c217ef2ae74: in_progress ETA: 69
info: ETA:: 69 seconds for job d4632005-7946-4ae9-99b6-2c217ef2ae74
info: Current capture status for job d4632005-7946-4ae9-99b6-2c217ef2ae74: success ETA: undefined
info: Calling bound compare, attempt::1
info: Calling bound waitForCompareJob, attempt::1
info: ETA:: 37 seconds for job cf7d06fe-f5ad-4644-8181-d3ff76bef747
info: Current compare status for job cf7d06fe-f5ad-4644-8181-d3ff76bef747: success
info: Initiating backup of plugin woocommerce
info: Backup ["/var/www/wp-content/uploads/onecom-updater/backup/plugins/woocommerce.zip"] verified.
info: DB backup was created earlier, skipping
info: plugin woocommerce backup complete
info: Updating plugin woocommerce
info: Deleting cache before taking screenshots
info: Calling bound captureBatch, attempt::1
info: Calling bound waitForJobCompletion, attempt::1
info: ETA:: 139 seconds for job 8422fe28-b989-4d89-b7f9-457cfb155880
info: Current capture status for job 8422fe28-b989-4d89-b7f9-457cfb155880: in_progress ETA: 69
info: ETA:: 69 seconds for job 8422fe28-b989-4d89-b7f9-457cfb155880
info: Current capture status for job 8422fe28-b989-4d89-b7f9-457cfb155880: success ETA: undefined
info: Calling bound compare, attempt::1
info: Calling bound waitForCompareJob, attempt::1
info: ETA:: 37 seconds for job b904c18d-801a-4a95-a94f-060f7357dd1b
info: Current compare status for job b904c18d-801a-4a95-a94f-060f7357dd1b: success
info: Updating translations for all plugin.
info: Translations updated for all plugin.
info: Plugins update completed
info: Initiating theme update
info: None of the selected themes have pending update!
info: Themes update completed
info: Visual diff status Rollbacks:: false Diffs:: false
info: Notifications enabled for all success status
info: SSH already connected, exiting!
info: Detected locale - de_DE
info: Reading translation file /app/i18n/one.com/de_DE.json
info: Message sent: 250 2.0.0 Ok: queued as cb968b78-4c79-11f0-97dd-9d0b146aa698 locale: de_DE
info: SMTP call successful
info: Uploading log
info: Checking if ssh is active.
info: Trying ssh connection
