info: Checking if ssh is active.
info: Trying ssh connection
info: Deleting cache before taking screenshots
info: Detected error reporting::false and http status::200
info: Checking if installation is valid
info: Valid installation, proceeding with updates
info: Installation is unlocked for update
info: Initiating WP core update
info: No updates for WP Core!
info: WP core updates finished, proceeding with plugins' update
info: Initiating plugin update
info: Found update for plugins
info: Deleting cache before taking screenshots
info: Updated testUrlsCount to 6
info: Testing urls ["https://www.serelit.de","https://www.serelit.de/registration/","https://www.serelit.de/product/automatic-electric-disappearing-ladders/","https://www.serelit.de/project/aenean-vulputate/","https://www.serelit.de/service/fenster-balkon-profile/","https://www.serelit.de/member/phebe-e-french/"]
info: Calling bound captureBatch, attempt::1
info: Calling bound waitForJobCompletion, attempt::1
info: ETA:: 139 seconds for job 0f46a6d4-3a1b-439d-a4cb-ad584f3e654f
info: Current capture status for job 0f46a6d4-3a1b-439d-a4cb-ad584f3e654f: in_progress ETA: 69
info: ETA:: 69 seconds for job 0f46a6d4-3a1b-439d-a4cb-ad584f3e654f
info: Current capture status for job 0f46a6d4-3a1b-439d-a4cb-ad584f3e654f: success ETA: undefined
info: Initiating backup of plugin creame-whatsapp-me
info: Backup ["/var/www/wp-content/uploads/onecom-updater/backup/plugins/creame-whatsapp-me.zip"] verified.
info: Initiating DB backup
info: DB backed up
info: plugin creame-whatsapp-me backup complete
info: Secured backups with .htaccess
info: Updating plugin creame-whatsapp-me
info: Deleting cache before taking screenshots
info: Calling bound captureBatch, attempt::1
info: Calling bound waitForJobCompletion, attempt::1
info: ETA:: 139 seconds for job de565a3b-f509-46b1-915d-ae0a2a7d1157
info: Current capture status for job de565a3b-f509-46b1-915d-ae0a2a7d1157: in_progress ETA: 69
info: ETA:: 69 seconds for job de565a3b-f509-46b1-915d-ae0a2a7d1157
info: Current capture status for job de565a3b-f509-46b1-915d-ae0a2a7d1157: success ETA: undefined
info: Calling bound compare, attempt::1
info: Calling bound waitForCompareJob, attempt::1
info: ETA:: 36 seconds for job ca6f438b-a0cc-419a-a6b3-59164f2a333a
info: Current compare status for job ca6f438b-a0cc-419a-a6b3-59164f2a333a: success
info: Initiating backup of plugin user-registration
info: Backup ["/var/www/wp-content/uploads/onecom-updater/backup/plugins/user-registration.zip"] verified.
info: DB backup was created earlier, skipping
info: plugin user-registration backup complete
info: Updating plugin user-registration
info: Deleting cache before taking screenshots
info: Calling bound captureBatch, attempt::1
info: Calling bound waitForJobCompletion, attempt::1
info: ETA:: 139 seconds for job 0dee98e8-e25d-4a08-9a9d-331a92c0518b
info: Current capture status for job 0dee98e8-e25d-4a08-9a9d-331a92c0518b: in_progress ETA: 69
info: ETA:: 69 seconds for job 0dee98e8-e25d-4a08-9a9d-331a92c0518b
info: Current capture status for job 0dee98e8-e25d-4a08-9a9d-331a92c0518b: in_progress ETA: 69
info: ETA:: 69 seconds for job 0dee98e8-e25d-4a08-9a9d-331a92c0518b
info: Current capture status for job 0dee98e8-e25d-4a08-9a9d-331a92c0518b: success ETA: undefined
info: Calling bound compare, attempt::1
info: Calling bound waitForCompareJob, attempt::1
info: ETA:: 36 seconds for job dd4b3c3e-385e-4e5a-93e1-a86c325e2efb
info: Current compare status for job dd4b3c3e-385e-4e5a-93e1-a86c325e2efb: success
info: Updating translations for all plugin.
info: Translations updated for all plugin.
info: Plugins update completed
info: Initiating theme update
info: None of the selected themes have pending update!
info: Themes update completed
info: Visual diff status Rollbacks:: false Diffs:: false
info: Notifications enabled for all success status
info: SSH already connected, exiting!
info: Detected locale - de_DE
info: Reading translation file /app/i18n/one.com/de_DE.json
info: Message sent: 250 2.0.0 Ok: queued as 34b15bae-4e0c-11f0-a60d-9d0b146aa698 locale: de_DE
info: SMTP call successful
info: Uploading log
info: Checking if ssh is active.
info: Trying ssh connection
