info: Checking if ssh is active.
info: Trying ssh connection
info: Deleting cache before taking screenshots
info: Detected error reporting::false and http status::200
info: Checking if installation is valid
info: Valid installation, proceeding with updates
info: Installation is unlocked for update
info: Initiating WP core update
info: No updates for WP Core!
info: WP core updates finished, proceeding with plugins' update
info: Initiating plugin update
info: Found update for plugins
info: Deleting cache before taking screenshots
info: Updated testUrlsCount to 6
info: Testing urls ["https://www.serelit.de","https://www.serelit.de/registration/","https://www.serelit.de/product/automatic-electric-disappearing-ladders/","https://www.serelit.de/project/aenean-vulputate/","https://www.serelit.de/service/fenster-balkon-profile/","https://www.serelit.de/member/phebe-e-french/"]
info: Calling bound captureBatch, attempt::1
info: Calling bound waitForJobCompletion, attempt::1
info: ETA:: 139 seconds for job e8d9542d-a002-45d3-a4bf-cdc7e1512be7
info: Current capture status for job e8d9542d-a002-45d3-a4bf-cdc7e1512be7: in_progress ETA: 69
info: ETA:: 69 seconds for job e8d9542d-a002-45d3-a4bf-cdc7e1512be7
info: Current capture status for job e8d9542d-a002-45d3-a4bf-cdc7e1512be7: success ETA: undefined
info: Initiating backup of plugin really-simple-ssl
info: Backup ["/var/www/wp-content/uploads/onecom-updater/backup/plugins/really-simple-ssl.zip"] verified.
info: Initiating DB backup
info: DB backed up
info: plugin really-simple-ssl backup complete
info: Secured backups with .htaccess
info: Updating plugin really-simple-ssl
info: Deleting cache before taking screenshots
info: Calling bound captureBatch, attempt::1
info: Calling bound waitForJobCompletion, attempt::1
info: ETA:: 139 seconds for job 217bcb94-722d-4325-a09e-c6cfb34780ec
info: Current capture status for job 217bcb94-722d-4325-a09e-c6cfb34780ec: in_progress ETA: 69
info: ETA:: 69 seconds for job 217bcb94-722d-4325-a09e-c6cfb34780ec
info: Current capture status for job 217bcb94-722d-4325-a09e-c6cfb34780ec: success ETA: undefined
info: Calling bound compare, attempt::1
info: Calling bound waitForCompareJob, attempt::1
info: ETA:: 37 seconds for job c79533d9-4d90-4398-b018-245897f6c17c
info: Current compare status for job c79533d9-4d90-4398-b018-245897f6c17c: success
info: Initiating backup of plugin woocommerce
info: Backup ["/var/www/wp-content/uploads/onecom-updater/backup/plugins/woocommerce.zip"] verified.
info: DB backup was created earlier, skipping
info: plugin woocommerce backup complete
info: Updating plugin woocommerce
info: Deleting cache before taking screenshots
info: Calling bound captureBatch, attempt::1
info: Calling bound waitForJobCompletion, attempt::1
info: ETA:: 139 seconds for job 0402716e-0f9a-4ecb-bef8-4777dd28bf11
info: Current capture status for job 0402716e-0f9a-4ecb-bef8-4777dd28bf11: in_progress ETA: 69
info: ETA:: 69 seconds for job 0402716e-0f9a-4ecb-bef8-4777dd28bf11
info: Current capture status for job 0402716e-0f9a-4ecb-bef8-4777dd28bf11: success ETA: undefined
info: Calling bound compare, attempt::1
info: Calling bound waitForCompareJob, attempt::1
info: ETA:: 37 seconds for job 5d90f42e-46ef-47bc-ba01-d03d76688f60
info: Current compare status for job 5d90f42e-46ef-47bc-ba01-d03d76688f60: success
info: Updating translations for all plugin.
info: Translations updated for all plugin.
info: Plugins update completed
info: Initiating theme update
info: None of the selected themes have pending update!
info: Themes update completed
info: Visual diff status Rollbacks:: false Diffs:: false
info: Notifications enabled for all success status
info: SSH already connected, exiting!
info: Detected locale - de_DE
info: Reading translation file /app/i18n/one.com/de_DE.json
info: Message sent: 250 2.0.0 Ok: queued as 1a7c6aae-5130-11f0-9f9f-bb9973742618 locale: de_DE
info: SMTP call successful
info: Uploading log
info: Checking if ssh is active.
info: Trying ssh connection
