info: Checking if ssh is active.
info: Trying ssh connection
info: Deleting cache before taking screenshots
info: Detected error reporting::false and http status::200
info: Checking if installation is valid
info: Valid installation, proceeding with updates
info: Installation is unlocked for update
info: Initiating WP core update
info: No updates for WP Core!
info: WP core updates finished, proceeding with plugins' update
info: Initiating plugin update
info: Found update for plugins
info: Deleting cache before taking screenshots
info: Updated testUrlsCount to 6
info: Testing urls ["https://www.serelit.de","https://www.serelit.de/registration/","https://www.serelit.de/product/automatic-electric-disappearing-ladders/","https://www.serelit.de/project/aenean-vulputate/","https://www.serelit.de/service/fenster-balkon-profile/","https://www.serelit.de/member/phebe-e-french/"]
info: Calling bound captureBatch, attempt::1
info: Calling bound waitForJobCompletion, attempt::1
info: ETA:: 139 seconds for job 7c6a6b33-40a1-46ee-88ef-25cbb0eaff4c
info: Current capture status for job 7c6a6b33-40a1-46ee-88ef-25cbb0eaff4c: in_progress ETA: 69
info: ETA:: 69 seconds for job 7c6a6b33-40a1-46ee-88ef-25cbb0eaff4c
info: Current capture status for job 7c6a6b33-40a1-46ee-88ef-25cbb0eaff4c: success ETA: undefined
info: Initiating backup of plugin contact-form-7
info: Backup ["/var/www/wp-content/uploads/onecom-updater/backup/plugins/contact-form-7.zip"] verified.
info: Initiating DB backup
info: DB backed up
info: plugin contact-form-7 backup complete
info: Secured backups with .htaccess
info: Updating plugin contact-form-7
info: Deleting cache before taking screenshots
info: Calling bound captureBatch, attempt::1
info: Calling bound waitForJobCompletion, attempt::1
info: ETA:: 139 seconds for job 19cfbf00-f56f-490b-903f-e99785f8461c
info: Current capture status for job 19cfbf00-f56f-490b-903f-e99785f8461c: in_progress ETA: 69
info: ETA:: 69 seconds for job 19cfbf00-f56f-490b-903f-e99785f8461c
info: Current capture status for job 19cfbf00-f56f-490b-903f-e99785f8461c: success ETA: undefined
info: Calling bound compare, attempt::1
info: Calling bound waitForCompareJob, attempt::1
info: ETA:: 35 seconds for job d8a80184-8858-4bf6-bc6f-e9c04ff535fa
info: Current compare status for job d8a80184-8858-4bf6-bc6f-e9c04ff535fa: success
info: Initiating backup of plugin mailchimp-for-wp
info: Backup ["/var/www/wp-content/uploads/onecom-updater/backup/plugins/mailchimp-for-wp.zip"] verified.
info: DB backup was created earlier, skipping
info: plugin mailchimp-for-wp backup complete
info: Updating plugin mailchimp-for-wp
info: Deleting cache before taking screenshots
info: Calling bound captureBatch, attempt::1
info: Calling bound waitForJobCompletion, attempt::1
info: ETA:: 139 seconds for job 72705635-f9ff-43d7-b970-ee6882f6280e
info: Current capture status for job 72705635-f9ff-43d7-b970-ee6882f6280e: in_progress ETA: 69
info: ETA:: 69 seconds for job 72705635-f9ff-43d7-b970-ee6882f6280e
info: Current capture status for job 72705635-f9ff-43d7-b970-ee6882f6280e: success ETA: undefined
info: Calling bound compare, attempt::1
info: Calling bound waitForCompareJob, attempt::1
info: ETA:: 35 seconds for job 535770f7-b244-42cc-8fb6-13d15e6313f6
info: Current compare status for job 535770f7-b244-42cc-8fb6-13d15e6313f6: success
info: Updating translations for all plugin.
info: Translations updated for all plugin.
info: Plugins update completed
info: Initiating theme update
info: None of the selected themes have pending update!
info: Themes update completed
info: Visual diff status Rollbacks:: false Diffs:: false
info: Notifications enabled for all success status
info: SSH already connected, exiting!
info: Detected locale - de_DE
info: Reading translation file /app/i18n/one.com/de_DE.json
info: Message sent: 250 2.0.0 Ok: queued as a18bf1e8-52c2-11f0-9323-9d0b146aa698 locale: de_DE
info: SMTP call successful
info: Uploading log
info: Checking if ssh is active.
info: Trying ssh connection
