info: Checking if ssh is active.
info: Trying ssh connection
info: Deleting cache before taking screenshots
info: Detected error reporting::false and http status::200
info: Checking if installation is valid
info: Valid installation, proceeding with updates
info: Installation is unlocked for update
info: Initiating WP core update
info: No updates for WP Core!
info: WP core updates finished, proceeding with plugins' update
info: Initiating plugin update
info: Found update for plugins
info: Deleting cache before taking screenshots
info: Updated testUrlsCount to 6
info: Testing urls ["https://www.serelit.de","https://www.serelit.de/registration/","https://www.serelit.de/product/automatic-electric-disappearing-ladders/","https://www.serelit.de/project/aenean-vulputate/","https://www.serelit.de/service/fenster-balkon-profile/","https://www.serelit.de/member/phebe-e-french/"]
info: Calling bound captureBatch, attempt::1
info: Calling bound waitForJobCompletion, attempt::1
info: ETA:: 139 seconds for job 75210a8c-b093-4498-94cb-4b147a0ae718
info: Current capture status for job 75210a8c-b093-4498-94cb-4b147a0ae718: in_progress ETA: 69
info: ETA:: 69 seconds for job 75210a8c-b093-4498-94cb-4b147a0ae718
info: Current capture status for job 75210a8c-b093-4498-94cb-4b147a0ae718: in_progress ETA: 69
info: ETA:: 69 seconds for job 75210a8c-b093-4498-94cb-4b147a0ae718
info: Current capture status for job 75210a8c-b093-4498-94cb-4b147a0ae718: success ETA: undefined
info: Initiating backup of plugin creame-whatsapp-me
info: Backup ["/var/www/wp-content/uploads/onecom-updater/backup/plugins/creame-whatsapp-me.zip"] verified.
info: Initiating DB backup
info: DB backed up
info: plugin creame-whatsapp-me backup complete
info: Secured backups with .htaccess
info: Updating plugin creame-whatsapp-me
info: Deleting cache before taking screenshots
info: Calling bound captureBatch, attempt::1
info: Calling bound waitForJobCompletion, attempt::1
info: ETA:: 139 seconds for job c81780ae-092d-4a41-9b13-fac4f6d94e02
info: Current capture status for job c81780ae-092d-4a41-9b13-fac4f6d94e02: in_progress ETA: 69
info: ETA:: 69 seconds for job c81780ae-092d-4a41-9b13-fac4f6d94e02
info: Current capture status for job c81780ae-092d-4a41-9b13-fac4f6d94e02: in_progress ETA: 69
info: ETA:: 69 seconds for job c81780ae-092d-4a41-9b13-fac4f6d94e02
info: Current capture status for job c81780ae-092d-4a41-9b13-fac4f6d94e02: in_progress ETA: 69
info: ETA:: 69 seconds for job c81780ae-092d-4a41-9b13-fac4f6d94e02
info: Current capture status for job c81780ae-092d-4a41-9b13-fac4f6d94e02: success ETA: undefined
info: Calling bound compare, attempt::1
info: Calling bound waitForCompareJob, attempt::1
info: ETA:: 78 seconds for job baf7b1a5-9c4e-4a1b-b483-40592dfbb709
info: Current compare status for job baf7b1a5-9c4e-4a1b-b483-40592dfbb709: success
info: Initiating backup of plugin really-simple-ssl
info: Backup ["/var/www/wp-content/uploads/onecom-updater/backup/plugins/really-simple-ssl.zip"] verified.
info: DB backup was created earlier, skipping
info: plugin really-simple-ssl backup complete
info: Updating plugin really-simple-ssl
info: Deleting cache before taking screenshots
info: Calling bound captureBatch, attempt::1
info: Calling bound waitForJobCompletion, attempt::1
info: ETA:: 139 seconds for job 1f1af184-821d-4a59-8ec4-82bd837d15bd
info: Current capture status for job 1f1af184-821d-4a59-8ec4-82bd837d15bd: in_progress ETA: 69
info: ETA:: 69 seconds for job 1f1af184-821d-4a59-8ec4-82bd837d15bd
info: Current capture status for job 1f1af184-821d-4a59-8ec4-82bd837d15bd: in_progress ETA: 69
info: ETA:: 69 seconds for job 1f1af184-821d-4a59-8ec4-82bd837d15bd
info: Current capture status for job 1f1af184-821d-4a59-8ec4-82bd837d15bd: success ETA: undefined
info: Calling bound compare, attempt::1
info: Calling bound waitForCompareJob, attempt::1
info: ETA:: 78 seconds for job ae51b49b-be46-4f93-88a4-ef2a62c8b92d
info: Current compare status for job ae51b49b-be46-4f93-88a4-ef2a62c8b92d: success
info: Updating translations for all plugin.
info: Translations updated for all plugin.
info: Plugins update completed
info: Initiating theme update
info: None of the selected themes have pending update!
info: Themes update completed
info: Visual diff status Rollbacks:: false Diffs:: false
info: Notifications enabled for all success status
info: SSH already connected, exiting!
info: Detected locale - de_DE
info: Reading translation file /app/i18n/one.com/de_DE.json
info: Message sent: 250 2.0.0 Ok: queued as 91e30e78-13e5-11f0-bf3b-69efdaf54c39 locale: de_DE
info: SMTP call successful
info: Uploading log
info: Checking if ssh is active.
info: Trying ssh connection
