info: Checking if ssh is active.
info: Trying ssh connection
info: Deleting cache before taking screenshots
info: Detected error reporting::false and http status::200
info: Checking if installation is valid
info: Valid installation, proceeding with updates
info: Installation is unlocked for update
info: Initiating WP core update
info: No updates for WP Core!
info: WP core updates finished, proceeding with plugins' update
info: Initiating plugin update
info: Found update for plugins
info: Deleting cache before taking screenshots
info: Updated testUrlsCount to 6
info: Testing urls ["https://www.serelit.de","https://www.serelit.de/registration/","https://www.serelit.de/product/automatic-electric-disappearing-ladders/","https://www.serelit.de/project/aenean-vulputate/","https://www.serelit.de/service/fenster-balkon-profile/","https://www.serelit.de/member/phebe-e-french/"]
info: Calling bound captureBatch, attempt::1
info: Calling bound waitForJobCompletion, attempt::1
info: ETA:: 139 seconds for job de2ba821-773c-4fc8-8855-3fc6bf64f123
info: Current capture status for job de2ba821-773c-4fc8-8855-3fc6bf64f123: in_progress ETA: 69
info: ETA:: 69 seconds for job de2ba821-773c-4fc8-8855-3fc6bf64f123
info: Current capture status for job de2ba821-773c-4fc8-8855-3fc6bf64f123: success ETA: undefined
info: Initiating backup of plugin contact-form-7
info: Backup ["/var/www/wp-content/uploads/onecom-updater/backup/plugins/contact-form-7.zip"] verified.
info: Initiating DB backup
info: DB backed up
info: plugin contact-form-7 backup complete
info: Updating plugin contact-form-7
info: Deleting cache before taking screenshots
info: Calling bound captureBatch, attempt::1
info: Calling bound waitForJobCompletion, attempt::1
info: ETA:: 139 seconds for job 2867981a-5632-4479-86dc-d2dc9afaa1d7
info: Current capture status for job 2867981a-5632-4479-86dc-d2dc9afaa1d7: success ETA: undefined
info: Calling bound compare, attempt::1
info: Calling bound waitForCompareJob, attempt::1
info: ETA:: 78 seconds for job adae03b2-3dfa-4612-934d-945a8823121d
info: Current compare status for job adae03b2-3dfa-4612-934d-945a8823121d: success
info: Initiating backup of plugin loco-translate
info: Backup ["/var/www/wp-content/uploads/onecom-updater/backup/plugins/loco-translate.zip"] verified.
info: DB backup was created earlier, skipping
info: plugin loco-translate backup complete
info: Updating plugin loco-translate
info: Deleting cache before taking screenshots
info: Calling bound captureBatch, attempt::1
info: Calling bound waitForJobCompletion, attempt::1
info: ETA:: 277 seconds for job 5a772006-1f37-4f82-8c43-cc0b03879fbe
info: Current capture status for job 5a772006-1f37-4f82-8c43-cc0b03879fbe: in_progress ETA: 69
info: ETA:: 69 seconds for job 5a772006-1f37-4f82-8c43-cc0b03879fbe
info: Current capture status for job 5a772006-1f37-4f82-8c43-cc0b03879fbe: in_progress ETA: 69
info: ETA:: 69 seconds for job 5a772006-1f37-4f82-8c43-cc0b03879fbe
info: Current capture status for job 5a772006-1f37-4f82-8c43-cc0b03879fbe: in_progress ETA: 69
info: ETA:: 69 seconds for job 5a772006-1f37-4f82-8c43-cc0b03879fbe
info: Current capture status for job 5a772006-1f37-4f82-8c43-cc0b03879fbe: in_progress ETA: 69
info: ETA:: 69 seconds for job 5a772006-1f37-4f82-8c43-cc0b03879fbe
info: Current capture status for job 5a772006-1f37-4f82-8c43-cc0b03879fbe: in_progress ETA: 69
info: ETA:: 69 seconds for job 5a772006-1f37-4f82-8c43-cc0b03879fbe
info: Current capture status for job 5a772006-1f37-4f82-8c43-cc0b03879fbe: success ETA: undefined
info: Calling bound compare, attempt::1
info: Calling bound waitForCompareJob, attempt::1
info: ETA:: 78 seconds for job 3a58a9de-8c03-42b6-9f74-7c8a9e4aaec4
info: Current compare status for job 3a58a9de-8c03-42b6-9f74-7c8a9e4aaec4: in_progress
info: ETA:: 39 seconds for job 3a58a9de-8c03-42b6-9f74-7c8a9e4aaec4
info: Current compare status for job 3a58a9de-8c03-42b6-9f74-7c8a9e4aaec4: success
info: Restoring plugin loco-translate from backup
info: plugin loco-translate restored from backup
info: Deleting cache before taking screenshots
info: Detected error reporting::false and http status::200
info: Initiating backup of plugin woocommerce
info: Backup ["/var/www/wp-content/uploads/onecom-updater/backup/plugins/woocommerce.zip"] verified.
info: DB backup was created earlier, skipping
info: plugin woocommerce backup complete
info: Updating plugin woocommerce
info: Deleting cache before taking screenshots
info: Calling bound captureBatch, attempt::1
info: Calling bound waitForJobCompletion, attempt::1
info: ETA:: 415 seconds for job 9ebdfa2b-be51-4202-9018-fd92cdb2a9c5
info: Current capture status for job 9ebdfa2b-be51-4202-9018-fd92cdb2a9c5: in_progress ETA: 69
info: ETA:: 69 seconds for job 9ebdfa2b-be51-4202-9018-fd92cdb2a9c5
info: Current capture status for job 9ebdfa2b-be51-4202-9018-fd92cdb2a9c5: in_progress ETA: 69
info: ETA:: 69 seconds for job 9ebdfa2b-be51-4202-9018-fd92cdb2a9c5
info: Current capture status for job 9ebdfa2b-be51-4202-9018-fd92cdb2a9c5: success ETA: undefined
info: Calling bound compare, attempt::1
info: Calling bound waitForCompareJob, attempt::1
info: ETA:: 78 seconds for job c14d380e-02a1-4dbd-826c-ec2888914ebd
info: Current compare status for job c14d380e-02a1-4dbd-826c-ec2888914ebd: success
info: Restoring plugin woocommerce from backup
info: plugin woocommerce restored from backup
info: Deleting cache before taking screenshots
info: Detected error reporting::false and http status::200
info: Updating translations for all plugin.
info: Translations updated for all plugin.
info: Plugins update completed
info: Initiating theme update
info: None of the selected themes have pending update!
info: Themes update completed
info: Visual diff status Rollbacks:: true Diffs:: true
info: Notifications enabled for all success status
info: SSH already connected, exiting!
info: Detected locale - de_DE
info: Reading translation file /app/i18n/one.com/de_DE.json
info: Message sent: 250 2.0.0 Ok: queued as b7731672-1978-11f0-a337-8bb83626d7ef locale: de_DE
info: SMTP call successful
info: Uploading log
info: Checking if ssh is active.
info: Trying ssh connection
