info: Checking if ssh is active.
info: Trying ssh connection
info: Deleting cache before taking screenshots
info: Probably invalid command - timeout -k 5m 5m /usr/local/bin/wp-cache-flush
info: Detected error reporting::false and http status::200
info: Checking if installation is valid
info: Valid installation, proceeding with updates
info: No running native updates
info: Installation is unlocked for update
info: Initiating WP core update
info: No updates for WP Core!
info: WP core updates finished, proceeding with plugins' update
info: Initiating plugin update
info: Found update for plugins
info: Deleting cache before taking screenshots
info: Probably invalid command - timeout -k 5m 5m /usr/local/bin/wp-cache-flush
info: Updated testUrlsCount to 6
info: Testing urls ["https://www.serelit.de","https://www.serelit.de/registration/","https://www.serelit.de/product/automatic-electric-disappearing-ladders/","https://www.serelit.de/project/aenean-vulputate/","https://www.serelit.de/service/fenster-balkon-profile/","https://www.serelit.de/member/phebe-e-french/"]
info: Calling bound captureBatch, attempt::1
info: Calling bound waitForJobCompletion, attempt::1
info: ETA:: 119 seconds for job 6f9e77f3-9082-4245-8125-c37019efd8bb
info: Current capture status for job 6f9e77f3-9082-4245-8125-c37019efd8bb: in_progress ETA: 59
info: ETA:: 59 seconds for job 6f9e77f3-9082-4245-8125-c37019efd8bb
info: Current capture status for job 6f9e77f3-9082-4245-8125-c37019efd8bb: success ETA: undefined
info: Initiating backup of plugin really-simple-ssl
info: Backup ["/var/www/wp-content/uploads/onecom-updater/backup/plugins/really-simple-ssl.zip"] verified.
info: Initiating DB backup
info: DB backed up
info: plugin really-simple-ssl backup complete
info: Secured backups with .htaccess
info: Updating plugin really-simple-ssl
info: Deleting cache before taking screenshots
info: Probably invalid command - timeout -k 5m 5m /usr/local/bin/wp-cache-flush
info: Calling bound captureBatch, attempt::1
info: Calling bound waitForJobCompletion, attempt::1
info: ETA:: 119 seconds for job 89055cc5-bd0c-4d74-a553-471080e034a2
info: Current capture status for job 89055cc5-bd0c-4d74-a553-471080e034a2: in_progress ETA: 59
info: ETA:: 59 seconds for job 89055cc5-bd0c-4d74-a553-471080e034a2
info: Current capture status for job 89055cc5-bd0c-4d74-a553-471080e034a2: success ETA: undefined
info: Calling bound compare, attempt::1
info: Calling bound waitForCompareJob, attempt::1
info: ETA:: 55 seconds for job 3685fa0b-c1e4-4133-9c62-eb8f2d64c21f
info: Current compare status for job 3685fa0b-c1e4-4133-9c62-eb8f2d64c21f: success
info: Initiating backup of plugin user-registration
info: Backup ["/var/www/wp-content/uploads/onecom-updater/backup/plugins/user-registration.zip"] verified.
info: DB backup was created earlier, skipping
info: plugin user-registration backup complete
info: Updating plugin user-registration
info: Deleting cache before taking screenshots
info: Probably invalid command - timeout -k 5m 5m /usr/local/bin/wp-cache-flush
info: Calling bound captureBatch, attempt::1
info: Calling bound waitForJobCompletion, attempt::1
info: ETA:: 119 seconds for job 51e2a692-eedc-45fa-bff1-a442b98c1545
info: Current capture status for job 51e2a692-eedc-45fa-bff1-a442b98c1545: in_progress ETA: 59
info: ETA:: 59 seconds for job 51e2a692-eedc-45fa-bff1-a442b98c1545
info: Current capture status for job 51e2a692-eedc-45fa-bff1-a442b98c1545: success ETA: undefined
info: Calling bound compare, attempt::1
info: Calling bound waitForCompareJob, attempt::1
info: ETA:: 55 seconds for job cd423cbb-dcd1-4434-9cac-1fcd14368a38
info: Current compare status for job cd423cbb-dcd1-4434-9cac-1fcd14368a38: success
info: Restoring plugin user-registration from backup
info: Restore command status:: true
info: plugin user-registration restored from backup
info: Deleting cache before taking screenshots
info: Probably invalid command - timeout -k 5m 5m /usr/local/bin/wp-cache-flush
info: Detected error reporting::false and http status::200
info: Updating translations for all plugin.
info: Translations updated for all plugin.
info: Plugins update completed
info: Initiating theme update
info: None of the selected themes have pending update!
info: Themes update completed
info: Notifications enabled for all success status
info: Visual diff status Rollbacks:: true Diffs:: true
info: SSH already connected, exiting!
info: Detected locale - de_DE
info: Reading translation file /app/i18n/one.com/de_DE.json
info: Message sent: 250 2.0.0 Ok: queued as 8bc72472-89db-11f0-917d-253411abe675 locale: de_DE
info: SMTP call successful
info: Uploading log
info: Checking if ssh is active.
info: Trying ssh connection
