info: Checking if ssh is active.
info: Trying ssh connection
info: Deleting cache before taking screenshots
info: Probably invalid command - timeout -k 5m 5m /usr/local/bin/wp-cache-flush
info: Detected error reporting::false and http status::200
info: Checking if installation is valid
info: Valid installation, proceeding with updates
info: No running native updates
info: Installation is unlocked for update
info: Initiating WP core update
info: No updates for WP Core!
info: WP core updates finished, proceeding with plugins' update
info: Initiating plugin update
info: Found update for plugins
info: Deleting cache before taking screenshots
info: Probably invalid command - timeout -k 5m 5m /usr/local/bin/wp-cache-flush
info: Updated testUrlsCount to 6
info: Testing urls ["https://www.serelit.de","https://www.serelit.de/registration/","https://www.serelit.de/product/automatic-electric-disappearing-ladders/","https://www.serelit.de/project/aenean-vulputate/","https://www.serelit.de/service/fenster-balkon-profile/","https://www.serelit.de/member/phebe-e-french/"]
info: Calling bound captureBatch, attempt::1
info: Calling bound waitForJobCompletion, attempt::1
info: ETA:: 119 seconds for job a1a3eb39-ba8a-4794-8959-17f8fa34f2b2
info: Current capture status for job a1a3eb39-ba8a-4794-8959-17f8fa34f2b2: in_progress ETA: 59
info: ETA:: 59 seconds for job a1a3eb39-ba8a-4794-8959-17f8fa34f2b2
info: Current capture status for job a1a3eb39-ba8a-4794-8959-17f8fa34f2b2: success ETA: undefined
info: Initiating backup of plugin mailchimp-for-wp
info: Backup ["/var/www/wp-content/uploads/onecom-updater/backup/plugins/mailchimp-for-wp.zip"] verified.
info: Initiating DB backup
info: DB backed up
info: plugin mailchimp-for-wp backup complete
info: Secured backups with .htaccess
info: Updating plugin mailchimp-for-wp
info: Deleting cache before taking screenshots
info: Probably invalid command - timeout -k 5m 5m /usr/local/bin/wp-cache-flush
info: Calling bound captureBatch, attempt::1
info: Calling bound waitForJobCompletion, attempt::1
info: ETA:: 119 seconds for job 22e122d9-6d65-4f84-988d-ce2dd7f62a4f
info: Current capture status for job 22e122d9-6d65-4f84-988d-ce2dd7f62a4f: in_progress ETA: 59
info: ETA:: 59 seconds for job 22e122d9-6d65-4f84-988d-ce2dd7f62a4f
info: Current capture status for job 22e122d9-6d65-4f84-988d-ce2dd7f62a4f: success ETA: undefined
info: Calling bound compare, attempt::1
info: Calling bound waitForCompareJob, attempt::1
info: ETA:: 55 seconds for job b9202dd6-ca70-4c37-873b-5adfa2a69cfe
info: Current compare status for job b9202dd6-ca70-4c37-873b-5adfa2a69cfe: success
info: Initiating backup of plugin user-registration
info: Backup ["/var/www/wp-content/uploads/onecom-updater/backup/plugins/user-registration.zip"] verified.
info: DB backup was created earlier, skipping
info: plugin user-registration backup complete
info: Updating plugin user-registration
info: Deleting cache before taking screenshots
info: Probably invalid command - timeout -k 5m 5m /usr/local/bin/wp-cache-flush
info: Calling bound captureBatch, attempt::1
info: Calling bound waitForJobCompletion, attempt::1
info: ETA:: 119 seconds for job 1ac0fdfe-56e7-47bf-89ee-4228b4bacca3
info: Current capture status for job 1ac0fdfe-56e7-47bf-89ee-4228b4bacca3: in_progress ETA: 59
info: ETA:: 59 seconds for job 1ac0fdfe-56e7-47bf-89ee-4228b4bacca3
info: Current capture status for job 1ac0fdfe-56e7-47bf-89ee-4228b4bacca3: success ETA: undefined
info: Calling bound compare, attempt::1
info: Calling bound waitForCompareJob, attempt::1
info: ETA:: 55 seconds for job 13518506-2ad2-4084-aa1a-098de3a215b2
info: Current compare status for job 13518506-2ad2-4084-aa1a-098de3a215b2: success
info: Restoring plugin user-registration from backup
info: Restore command status:: true
info: plugin user-registration restored from backup
info: Deleting cache before taking screenshots
info: Probably invalid command - timeout -k 5m 5m /usr/local/bin/wp-cache-flush
info: Detected error reporting::false and http status::200
info: Updating translations for all plugin.
info: Translations updated for all plugin.
info: Plugins update completed
info: Initiating theme update
info: None of the selected themes have pending update!
info: Themes update completed
info: Notifications enabled for all success status
info: Visual diff status Rollbacks:: true Diffs:: true
info: SSH already connected, exiting!
info: Detected locale - de_DE
info: Reading translation file /app/i18n/one.com/de_DE.json
info: Message sent: 250 2.0.0 Ok: queued as 3b182086-8ad4-11f0-a9d8-253411abe675 locale: de_DE
info: SMTP call successful
info: Uploading log
info: Checking if ssh is active.
info: Trying ssh connection
