info: Checking if ssh is active.
info: Trying ssh connection
info: Deleting cache before taking screenshots
info: Probably invalid command - timeout -k 5m 5m /usr/local/bin/wp-cache-flush
info: Detected error reporting::false and http status::200
info: Checking if installation is valid
info: Valid installation, proceeding with updates
info: No running native updates
info: Installation is unlocked for update
info: Initiating WP core update
info: No updates for WP Core!
info: WP core updates finished, proceeding with plugins' update
info: Initiating plugin update
info: Found update for plugins
info: Deleting cache before taking screenshots
info: Probably invalid command - timeout -k 5m 5m /usr/local/bin/wp-cache-flush
info: Updated testUrlsCount to 6
info: Testing urls ["https://www.serelit.de","https://www.serelit.de/registration/","https://www.serelit.de/product/automatic-electric-disappearing-ladders/","https://www.serelit.de/project/aenean-vulputate/","https://www.serelit.de/service/fenster-balkon-profile/","https://www.serelit.de/member/phebe-e-french/"]
info: Calling bound captureBatch, attempt::1
info: Calling bound waitForJobCompletion, attempt::1
info: ETA:: 119 seconds for job 11f80ec2-58b5-4bb8-9198-0e03837f47d2
info: Current capture status for job 11f80ec2-58b5-4bb8-9198-0e03837f47d2: in_progress ETA: 59
info: ETA:: 59 seconds for job 11f80ec2-58b5-4bb8-9198-0e03837f47d2
info: Current capture status for job 11f80ec2-58b5-4bb8-9198-0e03837f47d2: success ETA: undefined
info: Initiating backup of plugin user-registration
info: Backup ["/var/www/wp-content/uploads/onecom-updater/backup/plugins/user-registration.zip"] verified.
info: Initiating DB backup
info: DB backed up
info: plugin user-registration backup complete
info: Secured backups with .htaccess
info: Updating plugin user-registration
info: Deleting cache before taking screenshots
info: Probably invalid command - timeout -k 5m 5m /usr/local/bin/wp-cache-flush
info: Calling bound captureBatch, attempt::1
info: Calling bound waitForJobCompletion, attempt::1
info: ETA:: 119 seconds for job 7abceaef-1c04-4958-ace3-7b940d84b778
info: Current capture status for job 7abceaef-1c04-4958-ace3-7b940d84b778: in_progress ETA: 59
info: ETA:: 59 seconds for job 7abceaef-1c04-4958-ace3-7b940d84b778
info: Current capture status for job 7abceaef-1c04-4958-ace3-7b940d84b778: success ETA: undefined
info: Calling bound compare, attempt::1
info: Calling bound waitForCompareJob, attempt::1
info: ETA:: 55 seconds for job c156be0c-e9d2-491c-89a4-819cf5e5d160
info: Current compare status for job c156be0c-e9d2-491c-89a4-819cf5e5d160: success
info: Restoring plugin user-registration from backup
info: Restore command status:: true
info: plugin user-registration restored from backup
info: Deleting cache before taking screenshots
info: Probably invalid command - timeout -k 5m 5m /usr/local/bin/wp-cache-flush
info: Detected error reporting::false and http status::200
info: Updating translations for all plugin.
info: Translations updated for all plugin.
info: Plugins update completed
info: Initiating theme update
info: None of the selected themes have pending update!
info: Themes update completed
info: Will retry current update {}
info: Messages published to queue
info: Notifications enabled for all success status
info: Visual diff status Rollbacks:: true Diffs:: true
info: SSH already connected, exiting!
info: Detected locale - de_DE
info: Reading translation file /app/i18n/one.com/de_DE.json
info: Message sent: 250 2.0.0 Ok: queued as 6090b0a2-8c06-11f0-915a-a15b02d070c0 locale: de_DE
info: SMTP call successful
info: Uploading log
info: Checking if ssh is active.
info: Trying ssh connection
