info: Checking if ssh is active.
info: Trying ssh connection
info: Deleting cache before taking screenshots
info: Probably invalid command - timeout -k 5m 5m /usr/local/bin/wp-cache-flush
info: Detected error reporting::false and http status::200
info: Checking if installation is valid
info: Valid installation, proceeding with updates
info: No running native updates
info: Installation is unlocked for update
info: Initiating WP core update
info: No updates for WP Core!
info: WP core updates finished, proceeding with plugins' update
info: Initiating plugin update
info: Found update for plugins
info: Deleting cache before taking screenshots
info: Probably invalid command - timeout -k 5m 5m /usr/local/bin/wp-cache-flush
info: Updated testUrlsCount to 6
info: Testing urls ["https://www.serelit.de","https://www.serelit.de/registration/","https://www.serelit.de/product/automatic-electric-disappearing-ladders/","https://www.serelit.de/project/aenean-vulputate/","https://www.serelit.de/service/fenster-balkon-profile/","https://www.serelit.de/member/phebe-e-french/"]
info: Calling bound captureBatch, attempt::1
info: Calling bound waitForJobCompletion, attempt::1
info: ETA:: 119 seconds for job 65da5e98-5556-4ffd-8909-9799f0cd6d67
info: Current capture status for job 65da5e98-5556-4ffd-8909-9799f0cd6d67: in_progress ETA: 59
info: ETA:: 59 seconds for job 65da5e98-5556-4ffd-8909-9799f0cd6d67
info: Current capture status for job 65da5e98-5556-4ffd-8909-9799f0cd6d67: success ETA: undefined
info: Initiating backup of plugin user-registration
info: Backup ["/var/www/wp-content/uploads/onecom-updater/backup/plugins/user-registration.zip"] verified.
info: Initiating DB backup
info: DB backed up
info: plugin user-registration backup complete
info: Secured backups with .htaccess
info: Updating plugin user-registration
info: Deleting cache before taking screenshots
info: Probably invalid command - timeout -k 5m 5m /usr/local/bin/wp-cache-flush
info: Calling bound captureBatch, attempt::1
info: Calling bound waitForJobCompletion, attempt::1
info: ETA:: 119 seconds for job 8e080c56-d465-40a5-8eb3-f17d19eb90f5
info: Current capture status for job 8e080c56-d465-40a5-8eb3-f17d19eb90f5: in_progress ETA: 59
info: ETA:: 59 seconds for job 8e080c56-d465-40a5-8eb3-f17d19eb90f5
info: Current capture status for job 8e080c56-d465-40a5-8eb3-f17d19eb90f5: success ETA: undefined
info: Calling bound compare, attempt::1
info: Calling bound waitForCompareJob, attempt::1
info: ETA:: 55 seconds for job 48331af2-b8b7-4a04-abb0-719ac49b29bf
info: Current compare status for job 48331af2-b8b7-4a04-abb0-719ac49b29bf: success
info: Restoring plugin user-registration from backup
info: Restore command status:: true
info: plugin user-registration restored from backup
info: Deleting cache before taking screenshots
info: Probably invalid command - timeout -k 5m 5m /usr/local/bin/wp-cache-flush
info: Detected error reporting::false and http status::200
info: Updating translations for all plugin.
info: Translations updated for all plugin.
info: Plugins update completed
info: Initiating theme update
info: None of the selected themes have pending update!
info: Themes update completed
info: Will retry current update {}
info: Messages published to queue
info: Notifications enabled for all success status
info: Visual diff status Rollbacks:: true Diffs:: true
info: SSH already connected, exiting!
info: Detected locale - de_DE
info: Reading translation file /app/i18n/one.com/de_DE.json
info: Message sent: 250 2.0.0 Ok: queued as 8668c5e6-8cd6-11f0-bf9e-93738998f14f locale: de_DE
info: SMTP call successful
info: Uploading log
info: Checking if ssh is active.
info: Trying ssh connection
