info: Checking if ssh is active.
info: Trying ssh connection
info: Deleting cache before taking screenshots
info: Probably invalid command - timeout -k 5m 5m /usr/local/bin/wp-cache-flush
info: Detected error reporting::false and http status::200
info: Checking if installation is valid
info: Valid installation, proceeding with updates
info: No running native updates
info: Installation is unlocked for update
info: Initiating WP core update
info: No updates for WP Core!
info: WP core updates finished, proceeding with plugins' update
info: Initiating plugin update
info: Found update for plugins
info: Deleting cache before taking screenshots
info: Probably invalid command - timeout -k 5m 5m /usr/local/bin/wp-cache-flush
info: Updated testUrlsCount to 6
info: Testing urls ["https://www.serelit.de","https://www.serelit.de/registration/","https://www.serelit.de/product/automatic-electric-disappearing-ladders/","https://www.serelit.de/project/aenean-vulputate/","https://www.serelit.de/service/fenster-balkon-profile/","https://www.serelit.de/member/phebe-e-french/"]
info: Calling bound captureBatch, attempt::1
info: Calling bound waitForJobCompletion, attempt::1
info: ETA:: 119 seconds for job c3269d38-5737-4076-ab95-8dc3a15edff5
info: Current capture status for job c3269d38-5737-4076-ab95-8dc3a15edff5: in_progress ETA: 59
info: ETA:: 59 seconds for job c3269d38-5737-4076-ab95-8dc3a15edff5
info: Current capture status for job c3269d38-5737-4076-ab95-8dc3a15edff5: success ETA: undefined
info: Initiating backup of plugin creame-whatsapp-me
info: Backup ["/var/www/wp-content/uploads/onecom-updater/backup/plugins/creame-whatsapp-me.zip"] verified.
info: Initiating DB backup
info: DB backed up
info: plugin creame-whatsapp-me backup complete
info: Secured backups with .htaccess
info: Updating plugin creame-whatsapp-me
info: Deleting cache before taking screenshots
info: Probably invalid command - timeout -k 5m 5m /usr/local/bin/wp-cache-flush
info: Calling bound captureBatch, attempt::1
info: Calling bound waitForJobCompletion, attempt::1
info: ETA:: 119 seconds for job 7ce10115-c585-4b30-aa9d-2ad56c2ca908
info: Current capture status for job 7ce10115-c585-4b30-aa9d-2ad56c2ca908: in_progress ETA: 59
info: ETA:: 59 seconds for job 7ce10115-c585-4b30-aa9d-2ad56c2ca908
info: Current capture status for job 7ce10115-c585-4b30-aa9d-2ad56c2ca908: success ETA: undefined
info: Calling bound compare, attempt::1
info: Calling bound waitForCompareJob, attempt::1
info: ETA:: 55 seconds for job 20319f88-0e7a-4357-9c22-70344395c767
info: Current compare status for job 20319f88-0e7a-4357-9c22-70344395c767: success
info: Initiating backup of plugin user-registration
info: Backup ["/var/www/wp-content/uploads/onecom-updater/backup/plugins/user-registration.zip"] verified.
info: DB backup was created earlier, skipping
info: plugin user-registration backup complete
info: Updating plugin user-registration
info: Deleting cache before taking screenshots
info: Probably invalid command - timeout -k 5m 5m /usr/local/bin/wp-cache-flush
info: Calling bound captureBatch, attempt::1
info: Calling bound waitForJobCompletion, attempt::1
info: ETA:: 119 seconds for job 93f57322-0b97-4f48-a631-ac215f4c6a4c
info: Current capture status for job 93f57322-0b97-4f48-a631-ac215f4c6a4c: in_progress ETA: 59
info: ETA:: 59 seconds for job 93f57322-0b97-4f48-a631-ac215f4c6a4c
info: Current capture status for job 93f57322-0b97-4f48-a631-ac215f4c6a4c: success ETA: undefined
info: Calling bound compare, attempt::1
info: Calling bound waitForCompareJob, attempt::1
info: ETA:: 55 seconds for job dd7f9b20-64c5-4c19-8a1f-8edd1393cbc0
info: Current compare status for job dd7f9b20-64c5-4c19-8a1f-8edd1393cbc0: success
info: Restoring plugin user-registration from backup
info: Restore command status:: true
info: plugin user-registration restored from backup
info: Deleting cache before taking screenshots
info: Probably invalid command - timeout -k 5m 5m /usr/local/bin/wp-cache-flush
info: Detected error reporting::false and http status::200
info: Updating translations for all plugin.
info: Translations updated for all plugin.
info: Plugins update completed
info: Initiating theme update
info: None of the selected themes have pending update!
info: Themes update completed
info: Notifications enabled for all success status
info: Visual diff status Rollbacks:: true Diffs:: true
info: SSH already connected, exiting!
info: Detected locale - de_DE
info: Reading translation file /app/i18n/one.com/de_DE.json
info: Message sent: 250 2.0.0 Ok: queued as 4bc07067-8f46-11f0-a26c-dff7430348e1 locale: de_DE
info: SMTP call successful
info: Uploading log
info: Checking if ssh is active.
info: Trying ssh connection
