info: Checking if ssh is active.
info: Trying ssh connection
info: Deleting cache before taking screenshots
info: Probably invalid command - timeout -k 5m 5m /usr/local/bin/wp-cache-flush
info: Detected error reporting::false and http status::200
info: Checking if installation is valid
info: Valid installation, proceeding with updates
info: No running native updates
info: Installation is unlocked for update
info: Initiating WP core update
info: No updates for WP Core!
info: WP core updates finished, proceeding with plugins' update
info: Initiating plugin update
info: Found update for plugins
info: Deleting cache before taking screenshots
info: Probably invalid command - timeout -k 5m 5m /usr/local/bin/wp-cache-flush
info: Updated testUrlsCount to 6
info: Testing urls ["https://www.serelit.de","https://www.serelit.de/registration/","https://www.serelit.de/product/automatic-electric-disappearing-ladders/","https://www.serelit.de/project/aenean-vulputate/","https://www.serelit.de/service/fenster-balkon-profile/","https://www.serelit.de/member/phebe-e-french/"]
info: Calling bound captureBatch, attempt::1
info: Calling bound waitForJobCompletion, attempt::1
info: ETA:: 119 seconds for job 68914020-c06f-4244-94dd-37669b8af260
info: Current capture status for job 68914020-c06f-4244-94dd-37669b8af260: in_progress ETA: 59
info: ETA:: 59 seconds for job 68914020-c06f-4244-94dd-37669b8af260
info: Current capture status for job 68914020-c06f-4244-94dd-37669b8af260: success ETA: undefined
info: Initiating backup of plugin wp-user-avatar
info: Backup ["/var/www/wp-content/uploads/onecom-updater/backup/plugins/wp-user-avatar.zip"] verified.
info: Initiating DB backup
info: DB backed up
info: plugin wp-user-avatar backup complete
info: Secured backups with .htaccess
info: Updating plugin wp-user-avatar
info: Deleting cache before taking screenshots
info: Probably invalid command - timeout -k 5m 5m /usr/local/bin/wp-cache-flush
info: Calling bound captureBatch, attempt::1
info: Calling bound waitForJobCompletion, attempt::1
info: ETA:: 119 seconds for job 21bbf86c-5b4b-431a-9385-901afd13a380
info: Current capture status for job 21bbf86c-5b4b-431a-9385-901afd13a380: in_progress ETA: 59
info: ETA:: 59 seconds for job 21bbf86c-5b4b-431a-9385-901afd13a380
info: Current capture status for job 21bbf86c-5b4b-431a-9385-901afd13a380: success ETA: undefined
info: Calling bound compare, attempt::1
info: Calling bound waitForCompareJob, attempt::1
info: ETA:: 55 seconds for job b6344bf9-0753-407a-a8b2-a0fc3230b70d
info: Current compare status for job b6344bf9-0753-407a-a8b2-a0fc3230b70d: success
info: Initiating backup of plugin really-simple-ssl
info: Backup ["/var/www/wp-content/uploads/onecom-updater/backup/plugins/really-simple-ssl.zip"] verified.
info: DB backup was created earlier, skipping
info: plugin really-simple-ssl backup complete
info: Updating plugin really-simple-ssl
info: Deleting cache before taking screenshots
info: Probably invalid command - timeout -k 5m 5m /usr/local/bin/wp-cache-flush
info: Calling bound captureBatch, attempt::1
info: Calling bound waitForJobCompletion, attempt::1
info: ETA:: 119 seconds for job adce7dd4-5f3e-43b9-8dff-3cc167f62a88
info: Current capture status for job adce7dd4-5f3e-43b9-8dff-3cc167f62a88: in_progress ETA: 59
info: ETA:: 59 seconds for job adce7dd4-5f3e-43b9-8dff-3cc167f62a88
info: Current capture status for job adce7dd4-5f3e-43b9-8dff-3cc167f62a88: success ETA: undefined
info: Calling bound compare, attempt::1
info: Calling bound waitForCompareJob, attempt::1
info: ETA:: 55 seconds for job 8e4644ce-343c-4d90-88ef-6585663a82a4
info: Current compare status for job 8e4644ce-343c-4d90-88ef-6585663a82a4: success
info: Initiating backup of plugin user-registration
info: Backup ["/var/www/wp-content/uploads/onecom-updater/backup/plugins/user-registration.zip"] verified.
info: DB backup was created earlier, skipping
info: plugin user-registration backup complete
info: Updating plugin user-registration
info: Deleting cache before taking screenshots
info: Probably invalid command - timeout -k 5m 5m /usr/local/bin/wp-cache-flush
info: Calling bound captureBatch, attempt::1
info: Calling bound waitForJobCompletion, attempt::1
info: ETA:: 119 seconds for job 4ccd58ee-6085-434b-97ed-dd081caa326a
info: Current capture status for job 4ccd58ee-6085-434b-97ed-dd081caa326a: in_progress ETA: 59
info: ETA:: 59 seconds for job 4ccd58ee-6085-434b-97ed-dd081caa326a
info: Current capture status for job 4ccd58ee-6085-434b-97ed-dd081caa326a: success ETA: undefined
info: Calling bound compare, attempt::1
info: Calling bound waitForCompareJob, attempt::1
info: ETA:: 55 seconds for job 6386227a-5306-4e2a-ada0-0fb2f2419f86
info: Current compare status for job 6386227a-5306-4e2a-ada0-0fb2f2419f86: success
info: Updating translations for all plugin.
info: Translations updated for all plugin.
info: Plugins update completed
info: Initiating theme update
info: None of the selected themes have pending update!
info: Themes update completed
info: Notifications enabled for all success status
info: Visual diff status Rollbacks:: false Diffs:: false
info: SSH already connected, exiting!
info: Detected locale - de_DE
info: Reading translation file /app/i18n/one.com/de_DE.json
info: Message sent: 250 2.0.0 Ok: queued as d4e4ee47-98e2-11f0-9b8b-93738998f14f locale: de_DE
info: SMTP call successful
info: Uploading log
info: Checking if ssh is active.
info: Trying ssh connection
