info: Checking if ssh is active.
info: Trying ssh connection
info: Deleting cache before taking screenshots
info: Detected error reporting::false and http status::200
info: Checking if installation is valid
info: Valid installation, proceeding with updates
info: Installation is unlocked for update
info: Initiating WP core update
info: No updates for WP Core!
info: WP core updates finished, proceeding with plugins' update
info: Initiating plugin update
info: Found update for plugins
info: Deleting cache before taking screenshots
info: Updated testUrlsCount to 6
info: Testing urls ["https://www.serelit.de","https://www.serelit.de/registration/","https://www.serelit.de/product/automatic-electric-disappearing-ladders/","https://www.serelit.de/project/aenean-vulputate/","https://www.serelit.de/service/fenster-balkon-profile/","https://www.serelit.de/member/phebe-e-french/"]
info: Calling bound captureBatch, attempt::1
info: Calling bound waitForJobCompletion, attempt::1
info: ETA:: 139 seconds for job 4e9f253a-bd41-414d-8793-6fed5149c7c5
info: Current capture status for job 4e9f253a-bd41-414d-8793-6fed5149c7c5: in_progress ETA: 69
info: ETA:: 69 seconds for job 4e9f253a-bd41-414d-8793-6fed5149c7c5
info: Current capture status for job 4e9f253a-bd41-414d-8793-6fed5149c7c5: in_progress ETA: 69
info: ETA:: 69 seconds for job 4e9f253a-bd41-414d-8793-6fed5149c7c5
info: Current capture status for job 4e9f253a-bd41-414d-8793-6fed5149c7c5: in_progress ETA: 69
info: ETA:: 69 seconds for job 4e9f253a-bd41-414d-8793-6fed5149c7c5
info: Current capture status for job 4e9f253a-bd41-414d-8793-6fed5149c7c5: success ETA: undefined
info: Initiating backup of plugin creame-whatsapp-me
info: Backup ["/var/www/wp-content/uploads/onecom-updater/backup/plugins/creame-whatsapp-me.zip"] verified.
info: Initiating DB backup
info: DB backed up
info: plugin creame-whatsapp-me backup complete
info: Secured backups with .htaccess
info: Updating plugin creame-whatsapp-me
info: Deleting cache before taking screenshots
info: Calling bound captureBatch, attempt::1
info: Calling bound waitForJobCompletion, attempt::1
info: ETA:: 139 seconds for job 4672ceca-8eff-413d-8484-f6ed333dd1c9
info: Current capture status for job 4672ceca-8eff-413d-8484-f6ed333dd1c9: in_progress ETA: 69
info: ETA:: 69 seconds for job 4672ceca-8eff-413d-8484-f6ed333dd1c9
info: Current capture status for job 4672ceca-8eff-413d-8484-f6ed333dd1c9: in_progress ETA: 69
info: ETA:: 69 seconds for job 4672ceca-8eff-413d-8484-f6ed333dd1c9
info: Current capture status for job 4672ceca-8eff-413d-8484-f6ed333dd1c9: success ETA: undefined
info: Calling bound compare, attempt::1
info: Calling bound waitForCompareJob, attempt::1
info: ETA:: 36 seconds for job a54e249b-514c-411c-a5e9-560fedf016bb
info: Current compare status for job a54e249b-514c-411c-a5e9-560fedf016bb: success
info: Updating translations for all plugin.
info: Translations updated for all plugin.
info: Plugins update completed
info: Initiating theme update
info: None of the selected themes have pending update!
info: Themes update completed
info: Visual diff status Rollbacks:: false Diffs:: false
info: Notifications enabled for all success status
info: SSH already connected, exiting!
info: Detected locale - de_DE
info: Reading translation file /app/i18n/one.com/de_DE.json
info: Message sent: 250 2.0.0 Ok: queued as f064454b-590c-11f0-8b0f-93738998f14f locale: de_DE
info: SMTP call successful
info: Uploading log
info: Checking if ssh is active.
info: Trying ssh connection
