info: Checking if ssh is active.
info: Trying ssh connection
info: Deleting cache before taking screenshots
info: Detected error reporting::false and http status::200
info: Checking if installation is valid
info: Valid installation, proceeding with updates
info: Installation is unlocked for update
info: Initiating WP core update
info: No updates for WP Core!
info: WP core updates finished, proceeding with plugins' update
info: Initiating plugin update
info: Found update for plugins
info: Deleting cache before taking screenshots
info: Updated testUrlsCount to 6
info: Testing urls ["https://www.serelit.de","https://www.serelit.de/registration/","https://www.serelit.de/product/automatic-electric-disappearing-ladders/","https://www.serelit.de/project/aenean-vulputate/","https://www.serelit.de/service/fenster-balkon-profile/","https://www.serelit.de/member/phebe-e-french/"]
info: Calling bound captureBatch, attempt::1
info: Calling bound waitForJobCompletion, attempt::1
info: ETA:: 139 seconds for job 2b7e0ab2-f301-4dc1-ac3a-98399486a0ec
info: Current capture status for job 2b7e0ab2-f301-4dc1-ac3a-98399486a0ec: in_progress ETA: 69
info: ETA:: 69 seconds for job 2b7e0ab2-f301-4dc1-ac3a-98399486a0ec
info: Current capture status for job 2b7e0ab2-f301-4dc1-ac3a-98399486a0ec: success ETA: undefined
info: Initiating backup of plugin wp-user-avatar
info: Backup ["/var/www/wp-content/uploads/onecom-updater/backup/plugins/wp-user-avatar.zip"] verified.
info: Initiating DB backup
info: DB backed up
info: plugin wp-user-avatar backup complete
info: Updating plugin wp-user-avatar
info: Deleting cache before taking screenshots
info: Calling bound captureBatch, attempt::1
info: Calling bound waitForJobCompletion, attempt::1
info: ETA:: 139 seconds for job de4c0750-4eb5-4334-ab82-837cbc575773
info: Current capture status for job de4c0750-4eb5-4334-ab82-837cbc575773: in_progress ETA: 69
info: ETA:: 69 seconds for job de4c0750-4eb5-4334-ab82-837cbc575773
info: Current capture status for job de4c0750-4eb5-4334-ab82-837cbc575773: success ETA: undefined
info: Calling bound compare, attempt::1
info: Calling bound waitForCompareJob, attempt::1
info: ETA:: 29 seconds for job b3d67bf5-9061-413f-8d42-1125c9cf1597
info: Current compare status for job b3d67bf5-9061-413f-8d42-1125c9cf1597: success
info: Initiating backup of plugin really-simple-ssl
info: Backup ["/var/www/wp-content/uploads/onecom-updater/backup/plugins/really-simple-ssl.zip"] verified.
info: DB backup was created earlier, skipping
info: plugin really-simple-ssl backup complete
info: Updating plugin really-simple-ssl
info: Deleting cache before taking screenshots
info: Calling bound captureBatch, attempt::1
info: Calling bound waitForJobCompletion, attempt::1
info: ETA:: 139 seconds for job 946cf81a-fc18-4223-bd43-f525a4059707
info: Current capture status for job 946cf81a-fc18-4223-bd43-f525a4059707: in_progress ETA: 69
info: ETA:: 69 seconds for job 946cf81a-fc18-4223-bd43-f525a4059707
info: Current capture status for job 946cf81a-fc18-4223-bd43-f525a4059707: success ETA: undefined
info: Calling bound compare, attempt::1
info: Calling bound waitForCompareJob, attempt::1
info: ETA:: 29 seconds for job 0e8e14a7-315c-47b0-aabb-7d3bbcf567e8
info: Current compare status for job 0e8e14a7-315c-47b0-aabb-7d3bbcf567e8: success
info: Initiating backup of plugin woocommerce
info: Backup ["/var/www/wp-content/uploads/onecom-updater/backup/plugins/woocommerce.zip"] verified.
info: DB backup was created earlier, skipping
info: plugin woocommerce backup complete
info: Updating plugin woocommerce
info: Deleting cache before taking screenshots
info: Calling bound captureBatch, attempt::1
info: Calling bound waitForJobCompletion, attempt::1
info: ETA:: 139 seconds for job abed9110-cd9d-4d80-8e33-8d0c2f336c35
info: Current capture status for job abed9110-cd9d-4d80-8e33-8d0c2f336c35: in_progress ETA: 69
info: ETA:: 69 seconds for job abed9110-cd9d-4d80-8e33-8d0c2f336c35
info: Current capture status for job abed9110-cd9d-4d80-8e33-8d0c2f336c35: success ETA: undefined
info: Calling bound compare, attempt::1
info: Calling bound waitForCompareJob, attempt::1
info: ETA:: 29 seconds for job 7f9e128c-7a77-4d1f-aff4-4d3757c9ec9a
info: Current compare status for job 7f9e128c-7a77-4d1f-aff4-4d3757c9ec9a: success
info: Updating translations for all plugin.
info: Translations updated for all plugin.
info: Plugins update completed
info: Initiating theme update
info: None of the selected themes have pending update!
info: Themes update completed
info: Visual diff status Rollbacks:: false Diffs:: false
info: Notifications enabled for all success status
info: SSH already connected, exiting!
info: Detected locale - de_DE
info: Reading translation file /app/i18n/one.com/de_DE.json
info: Message sent: 250 2.0.0 Ok: queued as 5ca149f9-629d-11f0-83ea-253411abe675 locale: de_DE
info: SMTP call successful
info: Uploading log
info: Checking if ssh is active.
info: Trying ssh connection
