info: Checking if ssh is active.
info: Trying ssh connection
info: Deleting cache before taking screenshots
info: Probably invalid command - timeout -k 5m 5m /usr/local/bin/wp-cache-flush
info: Detected error reporting::false and http status::200
info: Checking if installation is valid
info: Valid installation, proceeding with updates
info: No running native updates
info: Installation is unlocked for update
info: Initiating WP core update
info: No updates for WP Core!
info: WP core updates finished, proceeding with plugins' update
info: Initiating plugin update
info: Found update for plugins
info: Deleting cache before taking screenshots
info: Probably invalid command - timeout -k 5m 5m /usr/local/bin/wp-cache-flush
info: Updated testUrlsCount to 6
info: Testing urls ["https://www.serelit.de","https://www.serelit.de/registration/","https://www.serelit.de/product/automatic-electric-disappearing-ladders/","https://www.serelit.de/project/aenean-vulputate/","https://www.serelit.de/service/fenster-balkon-profile/","https://www.serelit.de/member/phebe-e-french/"]
info: Calling bound captureBatch, attempt::1
info: Calling bound waitForJobCompletion, attempt::1
info: ETA:: 139 seconds for job f0edef34-6b0c-48e2-8f37-f9987edf96cd
info: Current capture status for job f0edef34-6b0c-48e2-8f37-f9987edf96cd: in_progress ETA: 69
info: ETA:: 69 seconds for job f0edef34-6b0c-48e2-8f37-f9987edf96cd
info: Current capture status for job f0edef34-6b0c-48e2-8f37-f9987edf96cd: success ETA: undefined
info: Initiating backup of plugin font-awesome
info: Backup ["/var/www/wp-content/uploads/onecom-updater/backup/plugins/font-awesome.zip"] verified.
info: Initiating DB backup
info: DB backed up
info: plugin font-awesome backup complete
info: Secured backups with .htaccess
info: Updating plugin font-awesome
info: Deleting cache before taking screenshots
info: Probably invalid command - timeout -k 5m 5m /usr/local/bin/wp-cache-flush
info: Calling bound captureBatch, attempt::1
info: Calling bound waitForJobCompletion, attempt::1
info: ETA:: 139 seconds for job 4d07ea28-ff7b-4048-be27-68ff32b80c9d
info: Current capture status for job 4d07ea28-ff7b-4048-be27-68ff32b80c9d: in_progress ETA: 69
info: ETA:: 69 seconds for job 4d07ea28-ff7b-4048-be27-68ff32b80c9d
info: Current capture status for job 4d07ea28-ff7b-4048-be27-68ff32b80c9d: success ETA: undefined
info: Calling bound compare, attempt::1
info: Calling bound waitForCompareJob, attempt::1
info: ETA:: 34 seconds for job 3e3114f0-81c2-4b7f-b70f-ce961e685ead
info: Current compare status for job 3e3114f0-81c2-4b7f-b70f-ce961e685ead: in_progress
info: ETA:: 16 seconds for job 3e3114f0-81c2-4b7f-b70f-ce961e685ead
info: Current compare status for job 3e3114f0-81c2-4b7f-b70f-ce961e685ead: success
info: Initiating backup of plugin woocommerce
info: Backup ["/var/www/wp-content/uploads/onecom-updater/backup/plugins/woocommerce.zip"] verified.
info: DB backup was created earlier, skipping
info: plugin woocommerce backup complete
info: Updating plugin woocommerce
info: Deleting cache before taking screenshots
info: Probably invalid command - timeout -k 5m 5m /usr/local/bin/wp-cache-flush
info: Calling bound captureBatch, attempt::1
info: Calling bound waitForJobCompletion, attempt::1
info: ETA:: 415 seconds for job bb151f03-febb-4118-9b40-232109401793
info: Current capture status for job bb151f03-febb-4118-9b40-232109401793: success ETA: undefined
info: Calling bound compare, attempt::1
info: Calling bound waitForCompareJob, attempt::1
info: ETA:: 34 seconds for job e28c74b4-26d6-4dcd-82f6-cf9bc5b6cfd2
info: Current compare status for job e28c74b4-26d6-4dcd-82f6-cf9bc5b6cfd2: in_progress
info: ETA:: 17 seconds for job e28c74b4-26d6-4dcd-82f6-cf9bc5b6cfd2
info: Current compare status for job e28c74b4-26d6-4dcd-82f6-cf9bc5b6cfd2: success
info: Updating translations for all plugin.
info: Translations updated for all plugin.
info: Plugins update completed
info: Initiating theme update
info: None of the selected themes have pending update!
info: Themes update completed
info: Visual diff status Rollbacks:: false Diffs:: false
info: Notifications enabled for all success status
info: SSH already connected, exiting!
info: Detected locale - de_DE
info: Reading translation file /app/i18n/one.com/de_DE.json
info: Message sent: 250 2.0.0 Ok: queued as 6fca5062-67fa-11f0-9710-253411abe675 locale: de_DE
info: SMTP call successful
info: Uploading log
info: Checking if ssh is active.
info: Trying ssh connection
