info: Checking if ssh is active.
info: Trying ssh connection
info: Deleting cache before taking screenshots
info: Probably invalid command - timeout -k 5m 5m /usr/local/bin/wp-cache-flush
info: Detected error reporting::false and http status::200
info: Checking if installation is valid
info: Valid installation, proceeding with updates
info: No running native updates
info: Installation is unlocked for update
info: Initiating WP core update
info: No updates for WP Core!
info: WP core updates finished, proceeding with plugins' update
info: Initiating plugin update
info: Premium care dependencies - version:5.1.2 status:active
info: Found update for plugins
info: Deleting cache before taking screenshots
info: Probably invalid command - timeout -k 5m 5m /usr/local/bin/wp-cache-flush
info: Updated testUrlsCount to 6
info: Testing urls ["https://www.serelit.de","https://www.serelit.de/registration/","https://www.serelit.de/product/automatic-electric-disappearing-ladders/","https://www.serelit.de/project/aenean-vulputate/","https://www.serelit.de/service/fenster-balkon-profile/","https://www.serelit.de/member/phebe-e-french/"]
info: Calling bound captureBatch, attempt::1
info: Calling bound waitForJobCompletion, attempt::1
info: ETA:: 139 seconds for job 489101df-c002-4f63-a51f-6ab8bc0b7efd
info: Current capture status for job 489101df-c002-4f63-a51f-6ab8bc0b7efd: in_progress ETA: 69
info: ETA:: 69 seconds for job 489101df-c002-4f63-a51f-6ab8bc0b7efd
info: Current capture status for job 489101df-c002-4f63-a51f-6ab8bc0b7efd: success ETA: undefined
info: Initiating backup of plugin really-simple-ssl
info: Backup ["/var/www/wp-content/uploads/onecom-updater/backup/plugins/really-simple-ssl.zip"] verified.
info: Initiating DB backup
info: DB backed up
info: plugin really-simple-ssl backup complete
info: Secured backups with .htaccess
info: Updating plugin really-simple-ssl
info: Deleting cache before taking screenshots
info: Probably invalid command - timeout -k 5m 5m /usr/local/bin/wp-cache-flush
info: Calling bound captureBatch, attempt::1
info: Calling bound waitForJobCompletion, attempt::1
info: ETA:: 139 seconds for job 9b354b4b-2934-4776-84b5-e1605e177fdd
info: Current capture status for job 9b354b4b-2934-4776-84b5-e1605e177fdd: in_progress ETA: 69
info: ETA:: 69 seconds for job 9b354b4b-2934-4776-84b5-e1605e177fdd
info: Current capture status for job 9b354b4b-2934-4776-84b5-e1605e177fdd: success ETA: undefined
info: Calling bound compare, attempt::1
info: Calling bound waitForCompareJob, attempt::1
info: ETA:: 9 seconds for job 487f9474-11a8-40c6-bc7e-d4d20f9323f7
info: Current compare status for job 487f9474-11a8-40c6-bc7e-d4d20f9323f7: in_progress
info: ETA:: 4 seconds for job 487f9474-11a8-40c6-bc7e-d4d20f9323f7
info: Current compare status for job 487f9474-11a8-40c6-bc7e-d4d20f9323f7: success
info: Initiating backup of plugin woocommerce
info: Backup ["/var/www/wp-content/uploads/onecom-updater/backup/plugins/woocommerce.zip"] verified.
info: DB backup was created earlier, skipping
info: plugin woocommerce backup complete
info: Updating plugin woocommerce
info: Deleting cache before taking screenshots
info: Probably invalid command - timeout -k 5m 5m /usr/local/bin/wp-cache-flush
info: Calling bound captureBatch, attempt::1
info: Calling bound waitForJobCompletion, attempt::1
info: ETA:: 139 seconds for job d0079e90-d728-4d55-98b5-e78a49eab5a3
info: Current capture status for job d0079e90-d728-4d55-98b5-e78a49eab5a3: in_progress ETA: 69
info: ETA:: 69 seconds for job d0079e90-d728-4d55-98b5-e78a49eab5a3
info: Current capture status for job d0079e90-d728-4d55-98b5-e78a49eab5a3: success ETA: undefined
info: Calling bound compare, attempt::1
info: Calling bound waitForCompareJob, attempt::1
info: ETA:: 9 seconds for job 3acafc16-8592-45ce-a19f-8e42579a6768
info: Current compare status for job 3acafc16-8592-45ce-a19f-8e42579a6768: success
info: Updating translations for all plugin.
info: Translations updated for all plugin.
info: Plugins update completed
info: Initiating theme update
info: None of the selected themes have pending update!
info: Themes update completed
info: Notifications enabled for all success status
info: Visual diff status Rollbacks:: false Diffs:: false
info: SSH already connected, exiting!
info: Detected locale - de_DE
info: Reading translation file /app/i18n/one.com/de_DE.json
info: Message sent: 250 2.0.0 Ok: queued as c0c6d05d-2d71-11f1-b4c2-a15b02d070c0 locale: de_DE
info: Closed email transport
info: SMTP call successful
info: Uploading log
info: Checking if ssh is active.
info: Trying ssh connection
