info: Checking if ssh is active.
info: Trying ssh connection
info: Deleting cache before taking screenshots
info: Probably invalid command - timeout -k 5m 5m /usr/local/bin/wp-cache-flush
info: Detected error reporting::false and http status::200
info: Checking if installation is valid
info: Valid installation, proceeding with updates
info: No running native updates
info: Installation is unlocked for update
info: Initiating WP core update
info: No updates for WP Core!
info: WP core updates finished, proceeding with plugins' update
info: Initiating plugin update
info: Premium care dependencies - version:5.1.5 status:active
info: Found update for plugins
info: Deleting cache before taking screenshots
info: Probably invalid command - timeout -k 5m 5m /usr/local/bin/wp-cache-flush
info: Updated testUrlsCount to 6
info: Testing urls ["https://www.serelit.de","https://www.serelit.de/fliegengittersysteme/","https://www.serelit.de/product/automatic-electric-disappearing-ladders/","https://www.serelit.de/project/fliegengittersysteme/","https://www.serelit.de/service/fenster-balkon-profile/","https://www.serelit.de/member/phebe-e-french/"]
info: Calling bound captureBatch, attempt::1
info: Calling bound waitForJobCompletion, attempt::1
info: ETA:: 139 seconds for job c28be04b-fbff-4e91-9edd-32574bb0439d
info: Current capture status for job c28be04b-fbff-4e91-9edd-32574bb0439d: success ETA: undefined
info: Initiating backup of plugin loco-translate
info: Backup ["/var/www/wp-content/uploads/onecom-updater/backup/plugins/loco-translate.zip"] verified.
info: Initiating DB backup
info: DB backed up
info: plugin loco-translate backup complete
info: Secured backups with .htaccess
info: Updating plugin loco-translate
info: Deleting cache before taking screenshots
info: Probably invalid command - timeout -k 5m 5m /usr/local/bin/wp-cache-flush
info: Calling bound captureBatch, attempt::1
info: Calling bound waitForJobCompletion, attempt::1
info: ETA:: 139 seconds for job 061ccce3-f3ce-4b7a-9ec4-81fbaa41fa43
info: Current capture status for job 061ccce3-f3ce-4b7a-9ec4-81fbaa41fa43: success ETA: undefined
info: Calling bound compare, attempt::1
info: Calling bound waitForCompareJob, attempt::1
info: ETA:: 9 seconds for job 3f65f66e-c563-40de-aad5-f996230dc24c
info: Current compare status for job 3f65f66e-c563-40de-aad5-f996230dc24c: in_progress
info: ETA:: 4 seconds for job 3f65f66e-c563-40de-aad5-f996230dc24c
info: Current compare status for job 3f65f66e-c563-40de-aad5-f996230dc24c: success
info: Initiating backup of plugin user-registration
info: Backup ["/var/www/wp-content/uploads/onecom-updater/backup/plugins/user-registration.zip"] verified.
info: DB backup was created earlier, skipping
info: plugin user-registration backup complete
info: Updating plugin user-registration
info: Deleting cache before taking screenshots
info: Probably invalid command - timeout -k 5m 5m /usr/local/bin/wp-cache-flush
info: Calling bound captureBatch, attempt::1
info: Calling bound waitForJobCompletion, attempt::1
info: ETA:: 139 seconds for job 6f56e134-9a55-43f7-bfed-f5db34636661
info: Current capture status for job 6f56e134-9a55-43f7-bfed-f5db34636661: success ETA: undefined
info: Calling bound compare, attempt::1
info: Calling bound waitForCompareJob, attempt::1
info: ETA:: 9 seconds for job 79f76269-d84d-4de1-a30a-0db0c8d1c95f
info: Current compare status for job 79f76269-d84d-4de1-a30a-0db0c8d1c95f: in_progress
info: ETA:: 4 seconds for job 79f76269-d84d-4de1-a30a-0db0c8d1c95f
info: Current compare status for job 79f76269-d84d-4de1-a30a-0db0c8d1c95f: success
info: Updating translations for all plugin.
info: Translations updated for all plugin.
info: Plugins update completed
info: Initiating theme update
info: None of the selected themes have pending update!
info: Themes update completed
info: Notifications enabled for all success status
info: Visual diff status Rollbacks:: false Diffs:: false
info: SSH already connected, exiting!
info: Detected locale - de_DE
info: Reading translation file /app/i18n/one.com/de_DE.json
info: Message sent: 250 2.0.0 Ok: queued as c6d7d5b6-4335-11f1-9146-f530f854b380 locale: de_DE
info: Closed email transport
info: SMTP call successful
info: Uploading log
info: Checking if ssh is active.
info: Trying ssh connection
