info: Checking if ssh is active.
info: Trying ssh connection
info: Deleting cache before taking screenshots
info: Detected error reporting::false and http status::200
info: Checking if installation is valid
info: Valid installation, proceeding with updates
info: Installation is unlocked for update
info: Initiating WP core update
info: No updates for WP Core!
info: WP core updates finished, proceeding with plugins' update
info: Initiating plugin update
info: Found update for plugins
info: Deleting cache before taking screenshots
info: Updated testUrlsCount to 6
info: Testing urls ["https://www.serelit.de","https://www.serelit.de/registration/","https://www.serelit.de/product/automatic-electric-disappearing-ladders/","https://www.serelit.de/project/aenean-vulputate/","https://www.serelit.de/service/fenster-balkon-profile/","https://www.serelit.de/member/phebe-e-french/"]
info: Calling bound captureBatch, attempt::1
info: Calling bound waitForJobCompletion, attempt::1
info: ETA:: 139 seconds for job 31cd95a1-092c-4f6b-983f-970c8c6c4b84
info: Current capture status for job 31cd95a1-092c-4f6b-983f-970c8c6c4b84: in_progress ETA: 69
info: ETA:: 69 seconds for job 31cd95a1-092c-4f6b-983f-970c8c6c4b84
info: Current capture status for job 31cd95a1-092c-4f6b-983f-970c8c6c4b84: success ETA: undefined
info: Initiating backup of plugin mailchimp-for-wp
info: Backup ["/var/www/wp-content/uploads/onecom-updater/backup/plugins/mailchimp-for-wp.zip"] verified.
info: Initiating DB backup
info: DB backed up
info: plugin mailchimp-for-wp backup complete
info: Secured backups with .htaccess
info: Updating plugin mailchimp-for-wp
info: Deleting cache before taking screenshots
info: Calling bound captureBatch, attempt::1
info: Calling bound waitForJobCompletion, attempt::1
info: ETA:: 139 seconds for job 1669aa30-9823-431b-9588-ab01942a0b1e
info: Current capture status for job 1669aa30-9823-431b-9588-ab01942a0b1e: in_progress ETA: 69
info: ETA:: 69 seconds for job 1669aa30-9823-431b-9588-ab01942a0b1e
info: Current capture status for job 1669aa30-9823-431b-9588-ab01942a0b1e: success ETA: undefined
info: Calling bound compare, attempt::1
info: Calling bound waitForCompareJob, attempt::1
info: ETA:: 56 seconds for job 9218686e-3959-4f48-ac66-59a79113fea0
info: Current compare status for job 9218686e-3959-4f48-ac66-59a79113fea0: success
info: Initiating backup of plugin snazzy-maps
info: Backup ["/var/www/wp-content/uploads/onecom-updater/backup/plugins/snazzy-maps.zip"] verified.
info: DB backup was created earlier, skipping
info: plugin snazzy-maps backup complete
info: Updating plugin snazzy-maps
info: Deleting cache before taking screenshots
info: Calling bound captureBatch, attempt::1
info: Calling bound waitForJobCompletion, attempt::1
info: ETA:: 139 seconds for job 6da420db-1786-474a-bbf5-a41487568cc2
info: Current capture status for job 6da420db-1786-474a-bbf5-a41487568cc2: in_progress ETA: 69
info: ETA:: 69 seconds for job 6da420db-1786-474a-bbf5-a41487568cc2
info: Current capture status for job 6da420db-1786-474a-bbf5-a41487568cc2: success ETA: undefined
info: Calling bound compare, attempt::1
info: Calling bound waitForCompareJob, attempt::1
info: ETA:: 56 seconds for job 147ea04f-ab26-4522-8c61-a90b299517ea
info: Current compare status for job 147ea04f-ab26-4522-8c61-a90b299517ea: in_progress
info: ETA:: 28 seconds for job 147ea04f-ab26-4522-8c61-a90b299517ea
info: Current compare status for job 147ea04f-ab26-4522-8c61-a90b299517ea: success
info: Restoring plugin snazzy-maps from backup
info: plugin snazzy-maps restored from backup
info: Deleting cache before taking screenshots
info: Detected error reporting::false and http status::200
info: Initiating backup of plugin user-registration
info: Backup ["/var/www/wp-content/uploads/onecom-updater/backup/plugins/user-registration.zip"] verified.
info: DB backup was created earlier, skipping
info: plugin user-registration backup complete
info: Updating plugin user-registration
info: Deleting cache before taking screenshots
info: Calling bound captureBatch, attempt::1
info: Calling bound waitForJobCompletion, attempt::1
info: ETA:: 139 seconds for job 3d98e09b-498d-4a7e-8c33-0243352e83cc
info: Current capture status for job 3d98e09b-498d-4a7e-8c33-0243352e83cc: in_progress ETA: 69
info: ETA:: 69 seconds for job 3d98e09b-498d-4a7e-8c33-0243352e83cc
info: Current capture status for job 3d98e09b-498d-4a7e-8c33-0243352e83cc: in_progress ETA: 69
info: ETA:: 69 seconds for job 3d98e09b-498d-4a7e-8c33-0243352e83cc
info: Current capture status for job 3d98e09b-498d-4a7e-8c33-0243352e83cc: success ETA: undefined
info: Calling bound compare, attempt::1
info: Calling bound waitForCompareJob, attempt::1
info: ETA:: 56 seconds for job 87f62a3d-b124-40b0-a0c8-3f4c32181590
info: Current compare status for job 87f62a3d-b124-40b0-a0c8-3f4c32181590: in_progress
info: ETA:: 28 seconds for job 87f62a3d-b124-40b0-a0c8-3f4c32181590
info: Current compare status for job 87f62a3d-b124-40b0-a0c8-3f4c32181590: in_progress
info: ETA:: 28 seconds for job 87f62a3d-b124-40b0-a0c8-3f4c32181590
info: Current compare status for job 87f62a3d-b124-40b0-a0c8-3f4c32181590: success
info: Restoring plugin user-registration from backup
info: plugin user-registration restored from backup
info: Deleting cache before taking screenshots
info: Detected error reporting::false and http status::200
info: Initiating backup of plugin woocommerce
info: Backup ["/var/www/wp-content/uploads/onecom-updater/backup/plugins/woocommerce.zip"] verified.
info: DB backup was created earlier, skipping
info: plugin woocommerce backup complete
info: Updating plugin woocommerce
info: Deleting cache before taking screenshots
info: Calling bound captureBatch, attempt::1
info: Calling bound waitForJobCompletion, attempt::1
info: ETA:: 139 seconds for job 50887a80-11c9-47b1-92bd-096d9e251a3c
info: Current capture status for job 50887a80-11c9-47b1-92bd-096d9e251a3c: queued ETA: 139
info: ETA:: 139 seconds for job 50887a80-11c9-47b1-92bd-096d9e251a3c
info: Current capture status for job 50887a80-11c9-47b1-92bd-096d9e251a3c: queued ETA: 139
info: ETA:: 139 seconds for job 50887a80-11c9-47b1-92bd-096d9e251a3c
info: Current capture status for job 50887a80-11c9-47b1-92bd-096d9e251a3c: in_progress ETA: 69
info: ETA:: 69 seconds for job 50887a80-11c9-47b1-92bd-096d9e251a3c
info: Current capture status for job 50887a80-11c9-47b1-92bd-096d9e251a3c: in_progress ETA: 69
info: ETA:: 69 seconds for job 50887a80-11c9-47b1-92bd-096d9e251a3c
info: Current capture status for job 50887a80-11c9-47b1-92bd-096d9e251a3c: success ETA: undefined
info: Calling bound compare, attempt::1
info: Calling bound waitForCompareJob, attempt::1
info: ETA:: 56 seconds for job ea2cb6e3-3340-45bd-acdb-494d282f98d5
info: Current compare status for job ea2cb6e3-3340-45bd-acdb-494d282f98d5: in_progress
info: ETA:: 28 seconds for job ea2cb6e3-3340-45bd-acdb-494d282f98d5
info: Current compare status for job ea2cb6e3-3340-45bd-acdb-494d282f98d5: in_progress
info: ETA:: 28 seconds for job ea2cb6e3-3340-45bd-acdb-494d282f98d5
info: Current compare status for job ea2cb6e3-3340-45bd-acdb-494d282f98d5: in_progress
info: ETA:: 28 seconds for job ea2cb6e3-3340-45bd-acdb-494d282f98d5
info: Current compare status for job ea2cb6e3-3340-45bd-acdb-494d282f98d5: in_progress
info: ETA:: 28 seconds for job ea2cb6e3-3340-45bd-acdb-494d282f98d5
info: Current compare status for job ea2cb6e3-3340-45bd-acdb-494d282f98d5: success
info: Restoring plugin woocommerce from backup
info: plugin woocommerce restored from backup
info: Deleting cache before taking screenshots
info: Detected error reporting::false and http status::200
info: Updating translations for all plugin.
info: Translations updated for all plugin.
info: Plugins update completed
info: Initiating theme update
info: None of the selected themes have pending update!
info: Themes update completed
info: Visual diff status Rollbacks:: true Diffs:: true
info: Notifications enabled for all success status
info: SSH already connected, exiting!
info: Detected locale - de_DE
info: Reading translation file /app/i18n/one.com/de_DE.json
info: Message sent: 250 2.0.0 Ok: queued as 18076eac-2ea0-11f0-8e95-8bb83626d7ef locale: de_DE
info: SMTP call successful
info: Uploading log
info: Checking if ssh is active.
info: Trying ssh connection
