info: Checking if ssh is active.
info: Trying ssh connection
info: Deleting cache before taking screenshots
info: Detected error reporting::false and http status::200
info: Checking if installation is valid
info: Valid installation, proceeding with updates
info: Installation is unlocked for update
info: Initiating WP core update
info: No updates for WP Core!
info: WP core updates finished, proceeding with plugins' update
info: Initiating plugin update
info: Found update for plugins
info: Deleting cache before taking screenshots
info: Updated testUrlsCount to 6
info: Testing urls ["https://www.serelit.de","https://www.serelit.de/registration/","https://www.serelit.de/product/automatic-electric-disappearing-ladders/","https://www.serelit.de/project/aenean-vulputate/","https://www.serelit.de/service/fenster-balkon-profile/","https://www.serelit.de/member/phebe-e-french/"]
info: Calling bound captureBatch, attempt::1
info: Calling bound waitForJobCompletion, attempt::1
info: ETA:: 139 seconds for job 09bda6bc-483e-4bd2-9ef4-6df88c215498
info: Current capture status for job 09bda6bc-483e-4bd2-9ef4-6df88c215498: in_progress ETA: 69
info: ETA:: 69 seconds for job 09bda6bc-483e-4bd2-9ef4-6df88c215498
info: Current capture status for job 09bda6bc-483e-4bd2-9ef4-6df88c215498: in_progress ETA: 69
info: ETA:: 69 seconds for job 09bda6bc-483e-4bd2-9ef4-6df88c215498
info: Current capture status for job 09bda6bc-483e-4bd2-9ef4-6df88c215498: in_progress ETA: 69
info: ETA:: 69 seconds for job 09bda6bc-483e-4bd2-9ef4-6df88c215498
info: Current capture status for job 09bda6bc-483e-4bd2-9ef4-6df88c215498: in_progress ETA: 69
info: ETA:: 69 seconds for job 09bda6bc-483e-4bd2-9ef4-6df88c215498
info: Current capture status for job 09bda6bc-483e-4bd2-9ef4-6df88c215498: success ETA: undefined
info: Initiating backup of plugin woocommerce
info: Backup ["/var/www/wp-content/uploads/onecom-updater/backup/plugins/woocommerce.zip"] verified.
info: Initiating DB backup
info: DB backed up
info: plugin woocommerce backup complete
info: Secured backups with .htaccess
info: Updating plugin woocommerce
info: Deleting cache before taking screenshots
info: Calling bound captureBatch, attempt::1
info: Calling bound waitForJobCompletion, attempt::1
info: ETA:: 139 seconds for job 5c8c2fa5-8fe7-4371-8b48-6a2bbc779c9a
info: Current capture status for job 5c8c2fa5-8fe7-4371-8b48-6a2bbc779c9a: in_progress ETA: 69
info: ETA:: 69 seconds for job 5c8c2fa5-8fe7-4371-8b48-6a2bbc779c9a
info: Current capture status for job 5c8c2fa5-8fe7-4371-8b48-6a2bbc779c9a: in_progress ETA: 69
info: ETA:: 69 seconds for job 5c8c2fa5-8fe7-4371-8b48-6a2bbc779c9a
info: Current capture status for job 5c8c2fa5-8fe7-4371-8b48-6a2bbc779c9a: success ETA: undefined
info: Calling bound compare, attempt::1
info: Calling bound waitForCompareJob, attempt::1
info: ETA:: 55 seconds for job e1303ba2-2bdc-418d-9244-55b333ae2f5c
info: Current compare status for job e1303ba2-2bdc-418d-9244-55b333ae2f5c: in_progress
info: ETA:: 27 seconds for job e1303ba2-2bdc-418d-9244-55b333ae2f5c
info: Current compare status for job e1303ba2-2bdc-418d-9244-55b333ae2f5c: success
info: Restoring plugin woocommerce from backup
info: plugin woocommerce restored from backup
info: Deleting cache before taking screenshots
info: Detected error reporting::false and http status::200
info: Updating translations for all plugin.
info: Translations updated for all plugin.
info: Plugins update completed
info: Initiating theme update
info: None of the selected themes have pending update!
info: Themes update completed
info: Visual diff status Rollbacks:: true Diffs:: true
info: Notifications enabled for all success status
info: SSH already connected, exiting!
info: Detected locale - de_DE
info: Reading translation file /app/i18n/one.com/de_DE.json
info: Message sent: 250 2.0.0 Ok: queued as 2c63dbd6-34e7-11f0-86b8-9d0b146aa698 locale: de_DE
info: SMTP call successful
info: Uploading log
info: Checking if ssh is active.
info: Trying ssh connection
