info: Checking if ssh is active.
info: Trying ssh connection
info: Deleting cache before taking screenshots
info: Detected error reporting::false and http status::200
info: Checking if installation is valid
info: Valid installation, proceeding with updates
info: Installation is unlocked for update
info: Initiating WP core update
info: No updates for WP Core!
info: WP core updates finished, proceeding with plugins' update
info: Initiating plugin update
info: Found update for plugins
info: Deleting cache before taking screenshots
info: Updated testUrlsCount to 6
info: Testing urls ["https://www.serelit.de","https://www.serelit.de/registration/","https://www.serelit.de/product/automatic-electric-disappearing-ladders/","https://www.serelit.de/project/aenean-vulputate/","https://www.serelit.de/service/fenster-balkon-profile/","https://www.serelit.de/member/phebe-e-french/"]
info: Calling bound captureBatch, attempt::1
info: Calling bound waitForJobCompletion, attempt::1
info: ETA:: 139 seconds for job 6f0ef094-76a9-4225-aa7e-97e2a8dbd8fe
info: Current capture status for job 6f0ef094-76a9-4225-aa7e-97e2a8dbd8fe: in_progress ETA: 69
info: ETA:: 69 seconds for job 6f0ef094-76a9-4225-aa7e-97e2a8dbd8fe
info: Current capture status for job 6f0ef094-76a9-4225-aa7e-97e2a8dbd8fe: success ETA: undefined
info: Initiating backup of plugin creame-whatsapp-me
info: Backup ["/var/www/wp-content/uploads/onecom-updater/backup/plugins/creame-whatsapp-me.zip"] verified.
info: Initiating DB backup
info: DB backed up
info: plugin creame-whatsapp-me backup complete
info: Secured backups with .htaccess
info: Updating plugin creame-whatsapp-me
info: Deleting cache before taking screenshots
info: Calling bound captureBatch, attempt::1
info: Calling bound waitForJobCompletion, attempt::1
info: ETA:: 139 seconds for job 535bece8-4910-49d5-9435-bdccea87935a
info: Current capture status for job 535bece8-4910-49d5-9435-bdccea87935a: in_progress ETA: 69
info: ETA:: 69 seconds for job 535bece8-4910-49d5-9435-bdccea87935a
info: Current capture status for job 535bece8-4910-49d5-9435-bdccea87935a: success ETA: undefined
info: Calling bound compare, attempt::1
info: Calling bound waitForCompareJob, attempt::1
info: ETA:: 64 seconds for job 644fe978-d7fd-408e-9a0c-a44fd45db63d
info: Current compare status for job 644fe978-d7fd-408e-9a0c-a44fd45db63d: in_progress
info: ETA:: 32 seconds for job 644fe978-d7fd-408e-9a0c-a44fd45db63d
info: Current compare status for job 644fe978-d7fd-408e-9a0c-a44fd45db63d: success
info: Restoring plugin creame-whatsapp-me from backup
info: plugin creame-whatsapp-me restored from backup
info: Deleting cache before taking screenshots
info: Detected error reporting::false and http status::200
info: Initiating backup of plugin loco-translate
info: Backup ["/var/www/wp-content/uploads/onecom-updater/backup/plugins/loco-translate.zip"] verified.
info: DB backup was created earlier, skipping
info: plugin loco-translate backup complete
info: Updating plugin loco-translate
info: Deleting cache before taking screenshots
info: Calling bound captureBatch, attempt::1
info: Calling bound waitForJobCompletion, attempt::1
info: ETA:: 139 seconds for job 70abf385-43b5-4e39-accc-3439e8c5eb93
info: Current capture status for job 70abf385-43b5-4e39-accc-3439e8c5eb93: in_progress ETA: 69
info: ETA:: 69 seconds for job 70abf385-43b5-4e39-accc-3439e8c5eb93
info: Current capture status for job 70abf385-43b5-4e39-accc-3439e8c5eb93: success ETA: undefined
info: Calling bound compare, attempt::1
info: Calling bound waitForCompareJob, attempt::1
info: ETA:: 64 seconds for job 51ccc7da-5430-4d1e-9d3c-293c9714ebd4
info: Current compare status for job 51ccc7da-5430-4d1e-9d3c-293c9714ebd4: in_progress
info: ETA:: 32 seconds for job 51ccc7da-5430-4d1e-9d3c-293c9714ebd4
info: Current compare status for job 51ccc7da-5430-4d1e-9d3c-293c9714ebd4: in_progress
info: ETA:: 32 seconds for job 51ccc7da-5430-4d1e-9d3c-293c9714ebd4
info: Current compare status for job 51ccc7da-5430-4d1e-9d3c-293c9714ebd4: in_progress
info: ETA:: 32 seconds for job 51ccc7da-5430-4d1e-9d3c-293c9714ebd4
info: Current compare status for job 51ccc7da-5430-4d1e-9d3c-293c9714ebd4: success
info: Restoring plugin loco-translate from backup
info: plugin loco-translate restored from backup
info: Deleting cache before taking screenshots
info: Detected error reporting::false and http status::200
info: Initiating backup of plugin woocommerce
info: Backup ["/var/www/wp-content/uploads/onecom-updater/backup/plugins/woocommerce.zip"] verified.
info: DB backup was created earlier, skipping
info: plugin woocommerce backup complete
info: Updating plugin woocommerce
info: Deleting cache before taking screenshots
info: Calling bound captureBatch, attempt::1
info: Calling bound waitForJobCompletion, attempt::1
info: ETA:: 139 seconds for job 14b3be61-84c2-4c31-8943-db1c349d0358
info: Current capture status for job 14b3be61-84c2-4c31-8943-db1c349d0358: in_progress ETA: 69
info: ETA:: 69 seconds for job 14b3be61-84c2-4c31-8943-db1c349d0358
info: Current capture status for job 14b3be61-84c2-4c31-8943-db1c349d0358: in_progress ETA: 69
info: ETA:: 69 seconds for job 14b3be61-84c2-4c31-8943-db1c349d0358
info: Current capture status for job 14b3be61-84c2-4c31-8943-db1c349d0358: success ETA: undefined
info: Calling bound compare, attempt::1
info: Calling bound waitForCompareJob, attempt::1
info: ETA:: 64 seconds for job bfa73c5d-8716-43f2-a169-a523732d3d75
info: Current compare status for job bfa73c5d-8716-43f2-a169-a523732d3d75: in_progress
info: ETA:: 32 seconds for job bfa73c5d-8716-43f2-a169-a523732d3d75
info: Current compare status for job bfa73c5d-8716-43f2-a169-a523732d3d75: success
info: Restoring plugin woocommerce from backup
info: plugin woocommerce restored from backup
info: Deleting cache before taking screenshots
info: Detected error reporting::false and http status::200
info: Updating translations for all plugin.
info: Translations updated for all plugin.
info: Plugins update completed
info: Initiating theme update
info: None of the selected themes have pending update!
info: Themes update completed
info: Visual diff status Rollbacks:: true Diffs:: true
info: Notifications enabled for all success status
info: SSH already connected, exiting!
info: Detected locale - de_DE
info: Reading translation file /app/i18n/one.com/de_DE.json
info: Message sent: 250 2.0.0 Ok: queued as d7a2fae7-3685-11f0-9d49-bb9973742618 locale: de_DE
info: SMTP call successful
info: Uploading log
info: Checking if ssh is active.
info: Trying ssh connection
