info: Checking if ssh is active.
info: Trying ssh connection
info: Deleting cache before taking screenshots
info: Detected error reporting::false and http status::200
info: Checking if installation is valid
info: Valid installation, proceeding with updates
info: Installation is unlocked for update
info: Initiating WP core update
info: No updates for WP Core!
info: WP core updates finished, proceeding with plugins' update
info: Initiating plugin update
info: Found update for plugins
info: Deleting cache before taking screenshots
info: Updated testUrlsCount to 6
info: Testing urls ["https://www.serelit.de","https://www.serelit.de/registration/","https://www.serelit.de/product/automatic-electric-disappearing-ladders/","https://www.serelit.de/project/aenean-vulputate/","https://www.serelit.de/service/fenster-balkon-profile/","https://www.serelit.de/member/phebe-e-french/"]
info: Calling bound captureBatch, attempt::1
info: Calling bound waitForJobCompletion, attempt::1
info: ETA:: 139 seconds for job 3a61777b-7d98-4bd0-a213-68dac2abfbe2
info: Current capture status for job 3a61777b-7d98-4bd0-a213-68dac2abfbe2: success ETA: undefined
info: Initiating backup of plugin creame-whatsapp-me
info: Backup ["/var/www/wp-content/uploads/onecom-updater/backup/plugins/creame-whatsapp-me.zip"] verified.
info: Initiating DB backup
info: DB backed up
info: plugin creame-whatsapp-me backup complete
info: Secured backups with .htaccess
info: Updating plugin creame-whatsapp-me
info: Deleting cache before taking screenshots
info: Calling bound captureBatch, attempt::1
info: Calling bound waitForJobCompletion, attempt::1
info: ETA:: 139 seconds for job 3ab7f746-63ec-4243-a05c-8427ee88c8c0
info: Current capture status for job 3ab7f746-63ec-4243-a05c-8427ee88c8c0: in_progress ETA: 69
info: ETA:: 69 seconds for job 3ab7f746-63ec-4243-a05c-8427ee88c8c0
info: Current capture status for job 3ab7f746-63ec-4243-a05c-8427ee88c8c0: success ETA: undefined
info: Calling bound compare, attempt::1
info: Calling bound waitForCompareJob, attempt::1
info: ETA:: 48 seconds for job a3d71cc1-7d58-4666-8345-f0781922c6bb
info: Current compare status for job a3d71cc1-7d58-4666-8345-f0781922c6bb: success
info: Initiating backup of plugin loco-translate
info: Backup ["/var/www/wp-content/uploads/onecom-updater/backup/plugins/loco-translate.zip"] verified.
info: DB backup was created earlier, skipping
info: plugin loco-translate backup complete
info: Updating plugin loco-translate
info: Deleting cache before taking screenshots
info: Calling bound captureBatch, attempt::1
info: Calling bound waitForJobCompletion, attempt::1
info: ETA:: 139 seconds for job 7a05fb67-f8ca-42b1-9219-2d9afad4d875
info: Current capture status for job 7a05fb67-f8ca-42b1-9219-2d9afad4d875: in_progress ETA: 69
info: ETA:: 69 seconds for job 7a05fb67-f8ca-42b1-9219-2d9afad4d875
info: Current capture status for job 7a05fb67-f8ca-42b1-9219-2d9afad4d875: success ETA: undefined
info: Calling bound compare, attempt::1
info: Calling bound waitForCompareJob, attempt::1
info: ETA:: 48 seconds for job 95e0c804-ed48-4223-9875-818177642679
info: Current compare status for job 95e0c804-ed48-4223-9875-818177642679: success
info: Initiating backup of plugin woocommerce
info: Backup ["/var/www/wp-content/uploads/onecom-updater/backup/plugins/woocommerce.zip"] verified.
info: DB backup was created earlier, skipping
info: plugin woocommerce backup complete
info: Updating plugin woocommerce
info: Deleting cache before taking screenshots
info: Calling bound captureBatch, attempt::1
info: Calling bound waitForJobCompletion, attempt::1
info: ETA:: 139 seconds for job 26ceea3f-da4a-41d4-bbe3-c5cd79b36e71
info: Current capture status for job 26ceea3f-da4a-41d4-bbe3-c5cd79b36e71: success ETA: undefined
info: Calling bound compare, attempt::1
info: Calling bound waitForCompareJob, attempt::1
info: ETA:: 48 seconds for job 4d54a816-a14e-4fb8-85bf-db658d69079c
info: Current compare status for job 4d54a816-a14e-4fb8-85bf-db658d69079c: success
info: Updating translations for all plugin.
info: Translations updated for all plugin.
info: Plugins update completed
info: Initiating theme update
info: None of the selected themes have pending update!
info: Themes update completed
info: Visual diff status Rollbacks:: false Diffs:: false
info: Notifications enabled for all success status
info: SSH already connected, exiting!
info: Detected locale - de_DE
info: Reading translation file /app/i18n/one.com/de_DE.json
info: Message sent: 250 2.0.0 Ok: queued as e5b7ea7e-380b-11f0-8912-dff7430348e1 locale: de_DE
info: SMTP call successful
info: Uploading log
info: Checking if ssh is active.
info: Trying ssh connection
