info: Checking if ssh is active.
info: Trying ssh connection
info: Deleting cache before taking screenshots
info: Probably invalid command - timeout -k 5m 5m /usr/local/bin/wp-cache-flush
info: Detected error reporting::false and http status::200
info: Checking if installation is valid
info: Valid installation, proceeding with updates
info: No running native updates
info: Installation is unlocked for update
info: Initiating WP core update
info: No updates for WP Core!
info: WP core updates finished, proceeding with plugins' update
info: Initiating plugin update
info: Found update for plugins
info: Deleting cache before taking screenshots
info: Probably invalid command - timeout -k 5m 5m /usr/local/bin/wp-cache-flush
info: Updated testUrlsCount to 6
info: Testing urls ["https://www.serelit.de","https://www.serelit.de/registration/","https://www.serelit.de/product/automatic-electric-disappearing-ladders/","https://www.serelit.de/project/aenean-vulputate/","https://www.serelit.de/service/fenster-balkon-profile/","https://www.serelit.de/member/phebe-e-french/"]
info: Calling bound captureBatch, attempt::1
info: Calling bound waitForJobCompletion, attempt::1
info: ETA:: 139 seconds for job 7a520f11-9c2c-402c-a02f-fcee54c570d2
info: Current capture status for job 7a520f11-9c2c-402c-a02f-fcee54c570d2: in_progress ETA: 69
info: ETA:: 69 seconds for job 7a520f11-9c2c-402c-a02f-fcee54c570d2
info: Current capture status for job 7a520f11-9c2c-402c-a02f-fcee54c570d2: success ETA: undefined
info: Initiating backup of plugin really-simple-ssl
info: Backup ["/var/www/wp-content/uploads/onecom-updater/backup/plugins/really-simple-ssl.zip"] verified.
info: Initiating DB backup
info: DB backed up
info: plugin really-simple-ssl backup complete
info: Secured backups with .htaccess
info: Updating plugin really-simple-ssl
info: Deleting cache before taking screenshots
info: Probably invalid command - timeout -k 5m 5m /usr/local/bin/wp-cache-flush
info: Calling bound captureBatch, attempt::1
info: Calling bound waitForJobCompletion, attempt::1
info: ETA:: 139 seconds for job 50d92b9d-a41f-484e-8a74-95838d485721
info: Current capture status for job 50d92b9d-a41f-484e-8a74-95838d485721: in_progress ETA: 69
info: ETA:: 69 seconds for job 50d92b9d-a41f-484e-8a74-95838d485721
info: Current capture status for job 50d92b9d-a41f-484e-8a74-95838d485721: success ETA: undefined
info: Calling bound compare, attempt::1
info: Calling bound waitForCompareJob, attempt::1
info: ETA:: 32 seconds for job e36b3110-4390-4509-8522-623a9ca5b59c
info: Current compare status for job e36b3110-4390-4509-8522-623a9ca5b59c: success
info: Updating translations for all plugin.
info: Translations updated for all plugin.
info: Plugins update completed
info: Initiating theme update
info: Found update for themes
info: Initiating backup of theme twentytwentyfive
info: Backup ["/var/www/wp-content/uploads/onecom-updater/backup/themes/twentytwentyfive.zip"] verified.
info: DB backup was created earlier, skipping
info: theme twentytwentyfive backup complete
info: Updating theme twentytwentyfive
info: theme is inactive, skipping visual testing
info: Updating translations for all theme.
info: Translations updated for all theme.
info: Themes update completed
info: Notifications enabled for all success status
info: Visual diff status Rollbacks:: false Diffs:: false
info: SSH already connected, exiting!
info: Detected locale - de_DE
info: Reading translation file /app/i18n/one.com/de_DE.json
info: Message sent: 250 2.0.0 Ok: queued as 1c59796d-7623-11f0-b96d-93738998f14f locale: de_DE
info: SMTP call successful
info: Uploading log
info: Checking if ssh is active.
info: Trying ssh connection
