info: Checking if ssh is active.
info: Trying ssh connection
info: Deleting cache before taking screenshots
info: Probably invalid command - timeout -k 5m 5m /usr/local/bin/wp-cache-flush
info: Detected error reporting::false and http status::200
info: Checking if installation is valid
info: Valid installation, proceeding with updates
info: No running native updates
info: Installation is unlocked for update
info: Initiating WP core update
info: No updates for WP Core!
info: WP core updates finished, proceeding with plugins' update
info: Initiating plugin update
info: Found update for plugins
info: Deleting cache before taking screenshots
info: Probably invalid command - timeout -k 5m 5m /usr/local/bin/wp-cache-flush
info: Updated testUrlsCount to 6
info: Testing urls ["https://www.serelit.de","https://www.serelit.de/registration/","https://www.serelit.de/product/automatic-electric-disappearing-ladders/","https://www.serelit.de/project/aenean-vulputate/","https://www.serelit.de/service/fenster-balkon-profile/","https://www.serelit.de/member/phebe-e-french/"]
info: Calling bound captureBatch, attempt::1
info: Calling bound waitForJobCompletion, attempt::1
info: ETA:: 139 seconds for job 4224613e-f411-4cbf-9e93-2fc5689d8f86
info: Current capture status for job 4224613e-f411-4cbf-9e93-2fc5689d8f86: failed ETA: undefined
info: Capture failed for 4224613e-f411-4cbf-9e93-2fc5689d8f86
error: All attempts to call bound waitForJobCompletion failed, throwing raised exception
error: Error while updating plugin :: capture_job_failed
error: Exiting due to :: Error: NEEDS_REQUEUE
info: No updates, skipping email
info: Uploading log
