info: Checking if ssh is active.
info: Trying ssh connection
info: Deleting cache before taking screenshots
info: Probably invalid command - timeout -k 5m 5m /usr/local/bin/wp-cache-flush
info: Detected error reporting::false and http status::200
info: Checking if installation is valid
info: Valid installation, proceeding with updates
info: No running native updates
info: Installation is unlocked for update
info: Initiating WP core update
info: No updates for WP Core!
info: WP core updates finished, proceeding with plugins' update
info: Initiating plugin update
info: Found update for plugins
info: Deleting cache before taking screenshots
info: Probably invalid command - timeout -k 5m 5m /usr/local/bin/wp-cache-flush
info: Updated testUrlsCount to 6
info: Testing urls ["https://www.serelit.de","https://www.serelit.de/registration/","https://www.serelit.de/product/automatic-electric-disappearing-ladders/","https://www.serelit.de/project/aenean-vulputate/","https://www.serelit.de/service/fenster-balkon-profile/","https://www.serelit.de/member/phebe-e-french/"]
info: Calling bound captureBatch, attempt::1
info: Calling bound waitForJobCompletion, attempt::1
info: ETA:: 119 seconds for job 3136f7c3-1aed-4ce4-8de7-021d789b84e7
info: Current capture status for job 3136f7c3-1aed-4ce4-8de7-021d789b84e7: in_progress ETA: 59
info: ETA:: 59 seconds for job 3136f7c3-1aed-4ce4-8de7-021d789b84e7
info: Current capture status for job 3136f7c3-1aed-4ce4-8de7-021d789b84e7: success ETA: undefined
info: Initiating backup of plugin woocommerce
info: Backup ["/var/www/wp-content/uploads/onecom-updater/backup/plugins/woocommerce.zip"] verified.
info: Initiating DB backup
info: DB backed up
info: plugin woocommerce backup complete
info: Secured backups with .htaccess
info: Updating plugin woocommerce
info: Deleting cache before taking screenshots
info: Probably invalid command - timeout -k 5m 5m /usr/local/bin/wp-cache-flush
info: Calling bound captureBatch, attempt::1
info: Calling bound waitForJobCompletion, attempt::1
info: ETA:: 119 seconds for job 318e93a7-9f04-48ce-8dea-270c6ca420a2
info: Current capture status for job 318e93a7-9f04-48ce-8dea-270c6ca420a2: in_progress ETA: 59
info: ETA:: 59 seconds for job 318e93a7-9f04-48ce-8dea-270c6ca420a2
info: Current capture status for job 318e93a7-9f04-48ce-8dea-270c6ca420a2: success ETA: undefined
info: Calling bound compare, attempt::1
info: Calling bound waitForCompareJob, attempt::1
info: ETA:: 25 seconds for job 119a51dc-f3df-4160-8d2c-4bfec04c91bb
info: Current compare status for job 119a51dc-f3df-4160-8d2c-4bfec04c91bb: success
info: Updating translations for all plugin.
info: Translations updated for all plugin.
info: Plugins update completed
info: Initiating theme update
info: None of the selected themes have pending update!
info: Themes update completed
info: Notifications enabled for all success status
info: Visual diff status Rollbacks:: false Diffs:: false
info: SSH already connected, exiting!
info: Detected locale - de_DE
info: Reading translation file /app/i18n/one.com/de_DE.json
info: Message sent: 250 2.0.0 Ok: queued as 45021b98-7e4e-11f0-af4e-253411abe675 locale: de_DE
info: SMTP call successful
info: Uploading log
info: Checking if ssh is active.
info: Trying ssh connection
