info: Checking if ssh is active.
info: Trying ssh connection
info: Deleting cache before taking screenshots
info: Probably invalid command - timeout -k 5m 5m /usr/local/bin/wp-cache-flush
info: Detected error reporting::false and http status::200
info: Checking if installation is valid
info: Valid installation, proceeding with updates
info: No running native updates
info: Installation is unlocked for update
info: Initiating WP core update
info: No updates for WP Core!
info: WP core updates finished, proceeding with plugins' update
info: Initiating plugin update
info: Found update for plugins
info: Deleting cache before taking screenshots
info: Probably invalid command - timeout -k 5m 5m /usr/local/bin/wp-cache-flush
info: Updated testUrlsCount to 6
info: Testing urls ["https://www.serelit.de","https://www.serelit.de/registration/","https://www.serelit.de/product/automatic-electric-disappearing-ladders/","https://www.serelit.de/project/aenean-vulputate/","https://www.serelit.de/service/fenster-balkon-profile/","https://www.serelit.de/member/phebe-e-french/"]
info: Calling bound captureBatch, attempt::1
info: Calling bound waitForJobCompletion, attempt::1
info: ETA:: 119 seconds for job 4bc0ceb2-6159-414c-9f0f-5dbe9a8a0ba5
info: Current capture status for job 4bc0ceb2-6159-414c-9f0f-5dbe9a8a0ba5: in_progress ETA: 59
info: ETA:: 59 seconds for job 4bc0ceb2-6159-414c-9f0f-5dbe9a8a0ba5
info: Current capture status for job 4bc0ceb2-6159-414c-9f0f-5dbe9a8a0ba5: success ETA: undefined
info: Initiating backup of plugin creame-whatsapp-me
info: Backup ["/var/www/wp-content/uploads/onecom-updater/backup/plugins/creame-whatsapp-me.zip"] verified.
info: Initiating DB backup
info: DB backed up
info: plugin creame-whatsapp-me backup complete
info: Secured backups with .htaccess
info: Updating plugin creame-whatsapp-me
info: Deleting cache before taking screenshots
info: Probably invalid command - timeout -k 5m 5m /usr/local/bin/wp-cache-flush
info: Calling bound captureBatch, attempt::1
info: Calling bound waitForJobCompletion, attempt::1
info: ETA:: 119 seconds for job d45574b2-e4d4-4a5c-91fd-1bfed182582d
info: Current capture status for job d45574b2-e4d4-4a5c-91fd-1bfed182582d: in_progress ETA: 59
info: ETA:: 59 seconds for job d45574b2-e4d4-4a5c-91fd-1bfed182582d
info: Current capture status for job d45574b2-e4d4-4a5c-91fd-1bfed182582d: success ETA: undefined
info: Calling bound compare, attempt::1
info: Calling bound waitForCompareJob, attempt::1
info: ETA:: 55 seconds for job 1ec7d30f-5c76-42ac-861e-025d4bcbf684
info: Current compare status for job 1ec7d30f-5c76-42ac-861e-025d4bcbf684: success
info: Initiating backup of plugin really-simple-ssl
info: Backup ["/var/www/wp-content/uploads/onecom-updater/backup/plugins/really-simple-ssl.zip"] verified.
info: DB backup was created earlier, skipping
info: plugin really-simple-ssl backup complete
info: Updating plugin really-simple-ssl
info: Deleting cache before taking screenshots
info: Probably invalid command - timeout -k 5m 5m /usr/local/bin/wp-cache-flush
info: Calling bound captureBatch, attempt::1
info: Calling bound waitForJobCompletion, attempt::1
info: ETA:: 119 seconds for job 648898df-a7a6-40b2-a381-49342142d68a
info: Current capture status for job 648898df-a7a6-40b2-a381-49342142d68a: in_progress ETA: 59
info: ETA:: 59 seconds for job 648898df-a7a6-40b2-a381-49342142d68a
info: Current capture status for job 648898df-a7a6-40b2-a381-49342142d68a: success ETA: undefined
info: Calling bound compare, attempt::1
info: Calling bound waitForCompareJob, attempt::1
info: ETA:: 55 seconds for job b9642c47-4f63-40c1-8719-45c8900580af
info: Current compare status for job b9642c47-4f63-40c1-8719-45c8900580af: success
info: Updating translations for all plugin.
info: Translations updated for all plugin.
info: Plugins update completed
info: Initiating theme update
info: None of the selected themes have pending update!
info: Themes update completed
info: Notifications enabled for all success status
info: Visual diff status Rollbacks:: false Diffs:: false
info: SSH already connected, exiting!
info: Detected locale - de_DE
info: Reading translation file /app/i18n/one.com/de_DE.json
info: Message sent: 250 2.0.0 Ok: queued as fe34c68e-82a8-11f0-9b34-253411abe675 locale: de_DE
info: SMTP call successful
info: Uploading log
info: Checking if ssh is active.
info: Trying ssh connection
