info: Checking if ssh is active.
info: Trying ssh connection
info: Deleting cache before taking screenshots
info: Probably invalid command - timeout -k 5m 5m /usr/local/bin/wp-cache-flush
info: Detected error reporting::false and http status::200
info: Checking if installation is valid
info: Valid installation, proceeding with updates
info: No running native updates
info: Installation is unlocked for update
info: Initiating WP core update
info: No updates for WP Core!
info: WP core updates finished, proceeding with plugins' update
info: Initiating plugin update
info: Premium care dependencies - version:4.7.2 status:active
info: Found update for plugins
info: Deleting cache before taking screenshots
info: Probably invalid command - timeout -k 5m 5m /usr/local/bin/wp-cache-flush
info: Updated testUrlsCount to 6
info: Testing urls ["https://www.serelit.de","https://www.serelit.de/registration/","https://www.serelit.de/product/automatic-electric-disappearing-ladders/","https://www.serelit.de/project/aenean-vulputate/","https://www.serelit.de/service/fenster-balkon-profile/","https://www.serelit.de/member/phebe-e-french/"]
info: Calling bound captureBatch, attempt::1
info: Calling bound waitForJobCompletion, attempt::1
info: ETA:: 119 seconds for job 759c9a46-af51-4ea0-89ac-746385330411
info: Current capture status for job 759c9a46-af51-4ea0-89ac-746385330411: in_progress ETA: 59
info: ETA:: 59 seconds for job 759c9a46-af51-4ea0-89ac-746385330411
info: Current capture status for job 759c9a46-af51-4ea0-89ac-746385330411: success ETA: undefined
info: Initiating backup of plugin user-registration
info: Backup ["/var/www/wp-content/uploads/onecom-updater/backup/plugins/user-registration.zip"] verified.
info: Initiating DB backup
info: DB backed up
info: plugin user-registration backup complete
info: Secured backups with .htaccess
info: Updating plugin user-registration
info: Deleting cache before taking screenshots
info: Probably invalid command - timeout -k 5m 5m /usr/local/bin/wp-cache-flush
info: Calling bound captureBatch, attempt::1
info: Calling bound waitForJobCompletion, attempt::1
info: ETA:: 119 seconds for job bdb53660-06b9-4bd7-8415-05bde07787a3
info: Current capture status for job bdb53660-06b9-4bd7-8415-05bde07787a3: in_progress ETA: 59
info: ETA:: 59 seconds for job bdb53660-06b9-4bd7-8415-05bde07787a3
info: Current capture status for job bdb53660-06b9-4bd7-8415-05bde07787a3: success ETA: undefined
info: Calling bound compare, attempt::1
info: Calling bound waitForCompareJob, attempt::1
info: ETA:: 55 seconds for job bd1c91cf-80ac-42fc-8289-6d6d13fb4762
info: Current compare status for job bd1c91cf-80ac-42fc-8289-6d6d13fb4762: success
info: Restoring plugin user-registration from backup
info: Restore command status:: true
info: plugin user-registration restored from backup
info: Deleting cache before taking screenshots
info: Probably invalid command - timeout -k 5m 5m /usr/local/bin/wp-cache-flush
info: Detected error reporting::false and http status::200
info: Initiating backup of plugin woocommerce
info: Backup ["/var/www/wp-content/uploads/onecom-updater/backup/plugins/woocommerce.zip"] verified.
info: DB backup was created earlier, skipping
info: plugin woocommerce backup complete
info: Updating plugin woocommerce
info: Deleting cache before taking screenshots
info: Probably invalid command - timeout -k 5m 5m /usr/local/bin/wp-cache-flush
info: Calling bound captureBatch, attempt::1
info: Calling bound waitForJobCompletion, attempt::1
info: ETA:: 119 seconds for job b8c08879-666f-42f0-867d-4cbfde39cdbd
info: Current capture status for job b8c08879-666f-42f0-867d-4cbfde39cdbd: in_progress ETA: 59
info: ETA:: 59 seconds for job b8c08879-666f-42f0-867d-4cbfde39cdbd
info: Current capture status for job b8c08879-666f-42f0-867d-4cbfde39cdbd: success ETA: undefined
info: Calling bound compare, attempt::1
info: Calling bound waitForCompareJob, attempt::1
info: ETA:: 55 seconds for job d980a39f-860e-4de4-be31-ec9576fbb33c
info: Current compare status for job d980a39f-860e-4de4-be31-ec9576fbb33c: success
info: Updating translations for all plugin.
info: Translations updated for all plugin.
info: Plugins update completed
info: Initiating theme update
info: None of the selected themes have pending update!
info: Themes update completed
info: Notifications enabled for all success status
info: Visual diff status Rollbacks:: true Diffs:: true
info: SSH already connected, exiting!
info: Detected locale - de_DE
info: Reading translation file /app/i18n/one.com/de_DE.json
error: Could not send email report:: Missing helper: "Read" 
info: SMTP call successful
info: Uploading log
info: Checking if ssh is active.
info: Trying ssh connection
