info: Checking if ssh is active.
info: Trying ssh connection
info: Deleting cache before taking screenshots
info: Probably invalid command - timeout -k 5m 5m /usr/local/bin/wp-cache-flush
info: Detected error reporting::false and http status::200
info: Checking if installation is valid
info: Valid installation, proceeding with updates
info: No running native updates
info: Installation is unlocked for update
info: Initiating WP core update
info: No updates for WP Core!
info: WP core updates finished, proceeding with plugins' update
info: Initiating plugin update
info: Premium care dependencies - version:4.7.3 status:active
info: Found update for plugins
info: Deleting cache before taking screenshots
info: Probably invalid command - timeout -k 5m 5m /usr/local/bin/wp-cache-flush
info: Updated testUrlsCount to 6
info: Testing urls ["https://www.serelit.de","https://www.serelit.de/registration/","https://www.serelit.de/product/automatic-electric-disappearing-ladders/","https://www.serelit.de/project/aenean-vulputate/","https://www.serelit.de/service/fenster-balkon-profile/","https://www.serelit.de/member/phebe-e-french/"]
info: Calling bound captureBatch, attempt::1
info: Calling bound waitForJobCompletion, attempt::1
info: ETA:: 600 seconds for job fd26cda7-1a0d-4714-bba3-23412bec502e
info: Current capture status for job fd26cda7-1a0d-4714-bba3-23412bec502e: success ETA: undefined
info: Initiating backup of plugin complianz-gdpr
info: Backup ["/var/www/wp-content/uploads/onecom-updater/backup/plugins/complianz-gdpr.zip"] verified.
info: Initiating DB backup
info: DB backed up
info: plugin complianz-gdpr backup complete
info: Secured backups with .htaccess
info: Updating plugin complianz-gdpr
info: Deleting cache before taking screenshots
info: Probably invalid command - timeout -k 5m 5m /usr/local/bin/wp-cache-flush
info: Calling bound captureBatch, attempt::1
info: Calling bound waitForJobCompletion, attempt::1
info: ETA:: 600 seconds for job 13dce66d-1835-48a1-a8e1-7a816bf3a341
info: Current capture status for job 13dce66d-1835-48a1-a8e1-7a816bf3a341: success ETA: undefined
info: Calling bound compare, attempt::1
info: Calling bound waitForCompareJob, attempt::1
info: ETA:: 55 seconds for job 03491ddf-1383-4055-9297-ef385e81aafb
info: Current compare status for job 03491ddf-1383-4055-9297-ef385e81aafb: success
info: Initiating backup of plugin user-registration
info: Backup ["/var/www/wp-content/uploads/onecom-updater/backup/plugins/user-registration.zip"] verified.
info: DB backup was created earlier, skipping
info: plugin user-registration backup complete
info: Updating plugin user-registration
info: Deleting cache before taking screenshots
info: Probably invalid command - timeout -k 5m 5m /usr/local/bin/wp-cache-flush
info: Calling bound captureBatch, attempt::1
info: Calling bound waitForJobCompletion, attempt::1
info: ETA:: 600 seconds for job 6795e6b6-8589-4fe8-810e-0fe4eed8baf0
info: Current capture status for job 6795e6b6-8589-4fe8-810e-0fe4eed8baf0: success ETA: undefined
info: Calling bound compare, attempt::1
info: Calling bound waitForCompareJob, attempt::1
info: ETA:: 55 seconds for job 059d4ad2-1f87-4e23-9686-3e873d9ef272
info: Current compare status for job 059d4ad2-1f87-4e23-9686-3e873d9ef272: success
info: Restoring plugin user-registration from backup
info: Restore command status:: true
info: plugin user-registration restored from backup
info: Deleting cache before taking screenshots
info: Probably invalid command - timeout -k 5m 5m /usr/local/bin/wp-cache-flush
info: Detected error reporting::false and http status::200
info: Updating translations for all plugin.
info: Translations updated for all plugin.
info: Plugins update completed
info: Initiating theme update
info: None of the selected themes have pending update!
info: Themes update completed
info: Notifications enabled for all success status
info: Visual diff status Rollbacks:: true Diffs:: true
info: SSH already connected, exiting!
info: Detected locale - de_DE
info: Reading translation file /app/i18n/one.com/de_DE.json
error: Could not send email report:: Missing helper: "Read" 
info: SMTP call successful
info: Uploading log
info: Checking if ssh is active.
info: Trying ssh connection
