info: Checking if ssh is active.
info: Trying ssh connection
info: Deleting cache before taking screenshots
info: Probably invalid command - timeout -k 5m 5m /usr/local/bin/wp-cache-flush
info: Detected error reporting::false and http status::200
info: Checking if installation is valid
info: Valid installation, proceeding with updates
info: No running native updates
info: Installation is unlocked for update
info: Initiating WP core update
info: No updates for WP Core!
info: WP core updates finished, proceeding with plugins' update
info: Initiating plugin update
info: Premium care dependencies - version:4.7.3 status:active
info: Found update for plugins
info: Deleting cache before taking screenshots
info: Probably invalid command - timeout -k 5m 5m /usr/local/bin/wp-cache-flush
info: Updated testUrlsCount to 6
info: Testing urls ["https://www.serelit.de","https://www.serelit.de/registration/","https://www.serelit.de/product/automatic-electric-disappearing-ladders/","https://www.serelit.de/project/aenean-vulputate/","https://www.serelit.de/service/fenster-balkon-profile/","https://www.serelit.de/member/phebe-e-french/"]
info: Calling bound captureBatch, attempt::1
info: Calling bound waitForJobCompletion, attempt::1
info: ETA:: 119 seconds for job 8230ff85-0598-470e-8703-db68f2117146
info: Current capture status for job 8230ff85-0598-470e-8703-db68f2117146: in_progress ETA: 59
info: ETA:: 59 seconds for job 8230ff85-0598-470e-8703-db68f2117146
info: Current capture status for job 8230ff85-0598-470e-8703-db68f2117146: success ETA: undefined
info: Initiating backup of plugin complianz-gdpr
info: Backup ["/var/www/wp-content/uploads/onecom-updater/backup/plugins/complianz-gdpr.zip"] verified.
info: Initiating DB backup
info: DB backed up
info: plugin complianz-gdpr backup complete
info: Secured backups with .htaccess
info: Updating plugin complianz-gdpr
info: Deleting cache before taking screenshots
info: Probably invalid command - timeout -k 5m 5m /usr/local/bin/wp-cache-flush
info: Calling bound captureBatch, attempt::1
info: Calling bound waitForJobCompletion, attempt::1
info: ETA:: 119 seconds for job 9bf420c7-656e-4b20-826f-0b3b7a5abe66
info: Current capture status for job 9bf420c7-656e-4b20-826f-0b3b7a5abe66: in_progress ETA: 59
info: ETA:: 59 seconds for job 9bf420c7-656e-4b20-826f-0b3b7a5abe66
info: Current capture status for job 9bf420c7-656e-4b20-826f-0b3b7a5abe66: success ETA: undefined
info: Calling bound compare, attempt::1
info: Calling bound waitForCompareJob, attempt::1
info: ETA:: 55 seconds for job 67822a06-a6d8-4e5d-a88f-3f4e90fdcbd6
info: Current compare status for job 67822a06-a6d8-4e5d-a88f-3f4e90fdcbd6: success
info: Initiating backup of plugin really-simple-ssl
info: Backup ["/var/www/wp-content/uploads/onecom-updater/backup/plugins/really-simple-ssl.zip"] verified.
info: DB backup was created earlier, skipping
info: plugin really-simple-ssl backup complete
info: Updating plugin really-simple-ssl
info: Deleting cache before taking screenshots
info: Probably invalid command - timeout -k 5m 5m /usr/local/bin/wp-cache-flush
info: Calling bound captureBatch, attempt::1
info: Calling bound waitForJobCompletion, attempt::1
info: ETA:: 119 seconds for job cc1cf5ce-5245-4704-9819-74a8e7c1364d
info: Current capture status for job cc1cf5ce-5245-4704-9819-74a8e7c1364d: in_progress ETA: 59
info: ETA:: 59 seconds for job cc1cf5ce-5245-4704-9819-74a8e7c1364d
info: Current capture status for job cc1cf5ce-5245-4704-9819-74a8e7c1364d: success ETA: undefined
info: Calling bound compare, attempt::1
info: Calling bound waitForCompareJob, attempt::1
info: ETA:: 55 seconds for job c44a9081-3237-44c7-9ba7-adf6eac8797b
info: Current compare status for job c44a9081-3237-44c7-9ba7-adf6eac8797b: success
info: Initiating backup of plugin user-registration
info: Backup ["/var/www/wp-content/uploads/onecom-updater/backup/plugins/user-registration.zip"] verified.
info: DB backup was created earlier, skipping
info: plugin user-registration backup complete
info: Updating plugin user-registration
info: Deleting cache before taking screenshots
info: Probably invalid command - timeout -k 5m 5m /usr/local/bin/wp-cache-flush
info: Calling bound captureBatch, attempt::1
info: Calling bound waitForJobCompletion, attempt::1
info: ETA:: 119 seconds for job 6df6f01a-6c08-49f4-8cce-1313111762aa
info: Current capture status for job 6df6f01a-6c08-49f4-8cce-1313111762aa: in_progress ETA: 59
info: ETA:: 59 seconds for job 6df6f01a-6c08-49f4-8cce-1313111762aa
info: Current capture status for job 6df6f01a-6c08-49f4-8cce-1313111762aa: success ETA: undefined
info: Calling bound compare, attempt::1
info: Calling bound waitForCompareJob, attempt::1
info: ETA:: 55 seconds for job a9e14114-0d1c-4ad0-a942-d35ffcc766da
info: Current compare status for job a9e14114-0d1c-4ad0-a942-d35ffcc766da: success
info: Restoring plugin user-registration from backup
info: Restore command status:: true
info: plugin user-registration restored from backup
info: Deleting cache before taking screenshots
info: Probably invalid command - timeout -k 5m 5m /usr/local/bin/wp-cache-flush
info: Detected error reporting::false and http status::200
info: Updating translations for all plugin.
info: Translations updated for all plugin.
info: Plugins update completed
info: Initiating theme update
info: None of the selected themes have pending update!
info: Themes update completed
info: Notifications enabled for all success status
info: Visual diff status Rollbacks:: true Diffs:: true
info: SSH already connected, exiting!
info: Detected locale - de_DE
info: Reading translation file /app/i18n/one.com/de_DE.json
error: Could not send email report:: Missing helper: "Read" 
info: SMTP call successful
info: Uploading log
info: Checking if ssh is active.
info: Trying ssh connection
