info: Checking if ssh is active.
info: Trying ssh connection
info: Deleting cache before taking screenshots
info: Probably invalid command - timeout -k 5m 5m /usr/local/bin/wp-cache-flush
info: Detected error reporting::false and http status::200
info: Checking if installation is valid
info: Valid installation, proceeding with updates
info: No running native updates
info: Installation is unlocked for update
info: Initiating WP core update
info: No updates for WP Core!
info: WP core updates finished, proceeding with plugins' update
info: Initiating plugin update
info: Premium care dependencies - version:5.0.5 status:active
info: Found update for plugins
info: Deleting cache before taking screenshots
info: Probably invalid command - timeout -k 5m 5m /usr/local/bin/wp-cache-flush
info: Updated testUrlsCount to 6
info: Testing urls ["https://www.serelit.de","https://www.serelit.de/registration/","https://www.serelit.de/product/automatic-electric-disappearing-ladders/","https://www.serelit.de/project/aenean-vulputate/","https://www.serelit.de/service/fenster-balkon-profile/","https://www.serelit.de/member/phebe-e-french/"]
info: Calling bound captureBatch, attempt::1
info: Calling bound waitForJobCompletion, attempt::1
info: ETA:: 119 seconds for job 3c1ce068-dd19-48d7-b358-652b19abed1a
info: Current capture status for job 3c1ce068-dd19-48d7-b358-652b19abed1a: in_progress ETA: 59
info: ETA:: 59 seconds for job 3c1ce068-dd19-48d7-b358-652b19abed1a
info: Current capture status for job 3c1ce068-dd19-48d7-b358-652b19abed1a: success ETA: undefined
info: Initiating backup of plugin wp-social
info: Backup ["/var/www/wp-content/uploads/onecom-updater/backup/plugins/wp-social.zip"] verified.
info: Initiating DB backup
info: DB backed up
info: plugin wp-social backup complete
info: Secured backups with .htaccess
info: Updating plugin wp-social
info: Deleting cache before taking screenshots
info: Probably invalid command - timeout -k 5m 5m /usr/local/bin/wp-cache-flush
info: Calling bound captureBatch, attempt::1
info: Calling bound waitForJobCompletion, attempt::1
info: ETA:: 119 seconds for job 40d52f63-eb88-499d-ab23-2b9406dc7789
info: Current capture status for job 40d52f63-eb88-499d-ab23-2b9406dc7789: in_progress ETA: 59
info: ETA:: 59 seconds for job 40d52f63-eb88-499d-ab23-2b9406dc7789
info: Current capture status for job 40d52f63-eb88-499d-ab23-2b9406dc7789: success ETA: undefined
info: Calling bound compare, attempt::1
info: Calling bound waitForCompareJob, attempt::1
info: ETA:: 55 seconds for job 21ef1a4b-40ad-4216-8c94-d9d3d08cd1c4
info: Current compare status for job 21ef1a4b-40ad-4216-8c94-d9d3d08cd1c4: success
info: Updating translations for all plugin.
info: Translations updated for all plugin.
info: Plugins update completed
info: Initiating theme update
info: None of the selected themes have pending update!
info: Themes update completed
info: Notifications enabled for all success status
info: Visual diff status Rollbacks:: false Diffs:: false
info: SSH already connected, exiting!
info: Detected locale - de_DE
info: Reading translation file /app/i18n/one.com/de_DE.json
info: Message sent: 250 2.0.0 Ok: queued as e68e48dd-0628-11f1-a8fd-a15b02d070c0 locale: de_DE
info: Closed email transport
info: SMTP call successful
info: Uploading log
info: Checking if ssh is active.
info: Trying ssh connection
