info: Checking if ssh is active.
info: Trying ssh connection
info: Deleting cache before taking screenshots
info: Probably invalid command - timeout -k 5m 5m /usr/local/bin/wp-cache-flush
info: Detected error reporting::false and http status::200
info: Checking if installation is valid
info: Valid installation, proceeding with updates
info: No running native updates
info: Installation is unlocked for update
info: Initiating WP core update
info: No updates for WP Core!
info: WP core updates finished, proceeding with plugins' update
info: Initiating plugin update
info: Premium care dependencies - version:5.0.6 status:active
info: Found update for plugins
info: Deleting cache before taking screenshots
info: Probably invalid command - timeout -k 5m 5m /usr/local/bin/wp-cache-flush
info: Updated testUrlsCount to 6
info: Testing urls ["https://www.serelit.de","https://www.serelit.de/registration/","https://www.serelit.de/product/automatic-electric-disappearing-ladders/","https://www.serelit.de/project/aenean-vulputate/","https://www.serelit.de/service/fenster-balkon-profile/","https://www.serelit.de/member/phebe-e-french/"]
info: Calling bound captureBatch, attempt::1
info: Calling bound waitForJobCompletion, attempt::1
info: ETA:: 119 seconds for job 5d211a9e-c637-4805-8d17-4270f0994d70
info: Current capture status for job 5d211a9e-c637-4805-8d17-4270f0994d70: in_progress ETA: 59
info: ETA:: 59 seconds for job 5d211a9e-c637-4805-8d17-4270f0994d70
info: Current capture status for job 5d211a9e-c637-4805-8d17-4270f0994d70: success ETA: undefined
info: Initiating backup of plugin really-simple-ssl
info: Backup ["/var/www/wp-content/uploads/onecom-updater/backup/plugins/really-simple-ssl.zip"] verified.
info: Initiating DB backup
info: DB backed up
info: plugin really-simple-ssl backup complete
info: Secured backups with .htaccess
info: Updating plugin really-simple-ssl
info: Deleting cache before taking screenshots
info: Probably invalid command - timeout -k 5m 5m /usr/local/bin/wp-cache-flush
info: Calling bound captureBatch, attempt::1
info: Calling bound waitForJobCompletion, attempt::1
info: ETA:: 119 seconds for job 761f117f-a17d-4cd8-bd86-66f518fae855
info: Current capture status for job 761f117f-a17d-4cd8-bd86-66f518fae855: in_progress ETA: 59
info: ETA:: 59 seconds for job 761f117f-a17d-4cd8-bd86-66f518fae855
info: Current capture status for job 761f117f-a17d-4cd8-bd86-66f518fae855: success ETA: undefined
info: Calling bound compare, attempt::1
info: Calling bound waitForCompareJob, attempt::1
info: ETA:: 55 seconds for job ae3ca856-ac2e-43ac-ac96-9e1c4a6404ec
info: Current compare status for job ae3ca856-ac2e-43ac-ac96-9e1c4a6404ec: success
info: Initiating backup of plugin user-registration
info: Backup ["/var/www/wp-content/uploads/onecom-updater/backup/plugins/user-registration.zip"] verified.
info: DB backup was created earlier, skipping
info: plugin user-registration backup complete
info: Updating plugin user-registration
info: Deleting cache before taking screenshots
info: Probably invalid command - timeout -k 5m 5m /usr/local/bin/wp-cache-flush
info: Calling bound captureBatch, attempt::1
info: Calling bound waitForJobCompletion, attempt::1
info: ETA:: 119 seconds for job 02e78f6c-78df-4a63-9e45-1eb0266738a6
info: Current capture status for job 02e78f6c-78df-4a63-9e45-1eb0266738a6: in_progress ETA: 59
info: ETA:: 59 seconds for job 02e78f6c-78df-4a63-9e45-1eb0266738a6
info: Current capture status for job 02e78f6c-78df-4a63-9e45-1eb0266738a6: success ETA: undefined
info: Calling bound compare, attempt::1
info: Calling bound waitForCompareJob, attempt::1
info: ETA:: 55 seconds for job 35ca4ea1-a486-4e49-b8d0-ce0de4ea538e
info: Current compare status for job 35ca4ea1-a486-4e49-b8d0-ce0de4ea538e: success
info: Initiating backup of plugin woocommerce
info: Backup ["/var/www/wp-content/uploads/onecom-updater/backup/plugins/woocommerce.zip"] verified.
info: DB backup was created earlier, skipping
info: plugin woocommerce backup complete
info: Updating plugin woocommerce
info: Deleting cache before taking screenshots
info: Probably invalid command - timeout -k 5m 5m /usr/local/bin/wp-cache-flush
info: Calling bound captureBatch, attempt::1
info: Calling bound waitForJobCompletion, attempt::1
info: ETA:: 119 seconds for job c3f7b09e-1eeb-43c5-8798-05bd5cd896b9
info: Current capture status for job c3f7b09e-1eeb-43c5-8798-05bd5cd896b9: in_progress ETA: 59
info: ETA:: 59 seconds for job c3f7b09e-1eeb-43c5-8798-05bd5cd896b9
info: Current capture status for job c3f7b09e-1eeb-43c5-8798-05bd5cd896b9: success ETA: undefined
info: Calling bound compare, attempt::1
info: Calling bound waitForCompareJob, attempt::1
info: ETA:: 55 seconds for job 3b4d30e6-0001-4e37-8fde-6a757bf24980
info: Current compare status for job 3b4d30e6-0001-4e37-8fde-6a757bf24980: success
info: Updating translations for all plugin.
info: Translations updated for all plugin.
info: Plugins update completed
info: Initiating theme update
info: None of the selected themes have pending update!
info: Themes update completed
info: Notifications enabled for all success status
info: Visual diff status Rollbacks:: false Diffs:: false
info: SSH already connected, exiting!
info: Detected locale - de_DE
info: Reading translation file /app/i18n/one.com/de_DE.json
info: Message sent: 250 2.0.0 Ok: queued as c4c62819-08a1-11f1-93c9-e703aa78c5d2 locale: de_DE
info: Closed email transport
info: SMTP call successful
info: Uploading log
info: Checking if ssh is active.
info: Trying ssh connection
