info: Checking if ssh is active.
info: Trying ssh connection
info: Deleting cache before taking screenshots
info: Probably invalid command - timeout -k 5m 5m /usr/local/bin/wp-cache-flush
info: Detected error reporting::false and http status::200
info: Checking if installation is valid
info: Valid installation, proceeding with updates
info: No running native updates
info: Installation is unlocked for update
info: Initiating WP core update
info: No updates for WP Core!
info: WP core updates finished, proceeding with plugins' update
info: Initiating plugin update
info: Premium care dependencies - version:5.0.8 status:active
info: Found update for plugins
info: Deleting cache before taking screenshots
info: Probably invalid command - timeout -k 5m 5m /usr/local/bin/wp-cache-flush
info: Updated testUrlsCount to 6
info: Testing urls ["https://www.serelit.de","https://www.serelit.de/registration/","https://www.serelit.de/product/automatic-electric-disappearing-ladders/","https://www.serelit.de/project/aenean-vulputate/","https://www.serelit.de/service/fenster-balkon-profile/","https://www.serelit.de/member/phebe-e-french/"]
info: Calling bound captureBatch, attempt::1
info: Calling bound waitForJobCompletion, attempt::1
info: ETA:: 119 seconds for job ebbbbcf9-f64d-4192-9e49-85c27a21d391
info: Current capture status for job ebbbbcf9-f64d-4192-9e49-85c27a21d391: in_progress ETA: 59
info: ETA:: 59 seconds for job ebbbbcf9-f64d-4192-9e49-85c27a21d391
info: Current capture status for job ebbbbcf9-f64d-4192-9e49-85c27a21d391: success ETA: undefined
info: Initiating backup of plugin really-simple-ssl
info: Backup ["/var/www/wp-content/uploads/onecom-updater/backup/plugins/really-simple-ssl.zip"] verified.
info: Initiating DB backup
info: DB backed up
info: plugin really-simple-ssl backup complete
info: Secured backups with .htaccess
info: Updating plugin really-simple-ssl
info: Deleting cache before taking screenshots
info: Probably invalid command - timeout -k 5m 5m /usr/local/bin/wp-cache-flush
info: Calling bound captureBatch, attempt::1
info: Calling bound waitForJobCompletion, attempt::1
info: ETA:: 119 seconds for job f034a1b8-3bf0-439f-a5a5-1e6ca8f0642b
info: Current capture status for job f034a1b8-3bf0-439f-a5a5-1e6ca8f0642b: in_progress ETA: 59
info: ETA:: 59 seconds for job f034a1b8-3bf0-439f-a5a5-1e6ca8f0642b
info: Current capture status for job f034a1b8-3bf0-439f-a5a5-1e6ca8f0642b: success ETA: undefined
info: Calling bound compare, attempt::1
info: Calling bound waitForCompareJob, attempt::1
info: ETA:: 55 seconds for job 72139d02-cc11-4174-8bad-8b9894d2d3f3
info: Current compare status for job 72139d02-cc11-4174-8bad-8b9894d2d3f3: success
info: Updating translations for all plugin.
info: Translations updated for all plugin.
info: Plugins update completed
info: Initiating theme update
info: None of the selected themes have pending update!
info: Themes update completed
info: Notifications enabled for all success status
info: Visual diff status Rollbacks:: false Diffs:: false
info: SSH already connected, exiting!
info: Detected locale - de_DE
info: Reading translation file /app/i18n/one.com/de_DE.json
info: Message sent: 250 2.0.0 Ok: queued as 7cd12f63-138c-11f1-9a84-e703aa78c5d2 locale: de_DE
info: Closed email transport
info: SMTP call successful
info: Uploading log
info: Checking if ssh is active.
info: Trying ssh connection
