info: Checking if ssh is active.
info: Trying ssh connection
info: Deleting cache before taking screenshots
info: Probably invalid command - timeout -k 5m 5m /usr/local/bin/wp-cache-flush
info: Detected error reporting::false and http status::200
info: Checking if installation is valid
info: Valid installation, proceeding with updates
info: No running native updates
info: Installation is unlocked for update
info: Initiating WP core update
info: No updates for WP Core!
info: WP core updates finished, proceeding with plugins' update
info: Initiating plugin update
info: Premium care dependencies - version:4.7.1 status:active
info: Found update for plugins
info: Deleting cache before taking screenshots
info: Probably invalid command - timeout -k 5m 5m /usr/local/bin/wp-cache-flush
info: Updated testUrlsCount to 6
info: Testing urls ["https://www.serelit.de","https://www.serelit.de/registration/","https://www.serelit.de/product/automatic-electric-disappearing-ladders/","https://www.serelit.de/project/aenean-vulputate/","https://www.serelit.de/service/fenster-balkon-profile/","https://www.serelit.de/member/phebe-e-french/"]
info: Calling bound captureBatch, attempt::1
info: Calling bound waitForJobCompletion, attempt::1
info: ETA:: 119 seconds for job 2782bb8f-d4a4-41ed-9c99-bbcffa44ecfe
info: Current capture status for job 2782bb8f-d4a4-41ed-9c99-bbcffa44ecfe: in_progress ETA: 59
info: ETA:: 59 seconds for job 2782bb8f-d4a4-41ed-9c99-bbcffa44ecfe
info: Current capture status for job 2782bb8f-d4a4-41ed-9c99-bbcffa44ecfe: success ETA: undefined
info: Initiating backup of plugin font-awesome
info: Backup ["/var/www/wp-content/uploads/onecom-updater/backup/plugins/font-awesome.zip"] verified.
info: Initiating DB backup
info: DB backed up
info: plugin font-awesome backup complete
info: Secured backups with .htaccess
info: Updating plugin font-awesome
info: Deleting cache before taking screenshots
info: Probably invalid command - timeout -k 5m 5m /usr/local/bin/wp-cache-flush
info: Calling bound captureBatch, attempt::1
info: Calling bound waitForJobCompletion, attempt::1
info: ETA:: 119 seconds for job 267492f0-3c0d-4902-95bc-d01700cd6307
info: Current capture status for job 267492f0-3c0d-4902-95bc-d01700cd6307: in_progress ETA: 59
info: ETA:: 59 seconds for job 267492f0-3c0d-4902-95bc-d01700cd6307
info: Current capture status for job 267492f0-3c0d-4902-95bc-d01700cd6307: success ETA: undefined
info: Calling bound compare, attempt::1
info: Calling bound waitForCompareJob, attempt::1
info: ETA:: 55 seconds for job d239e26a-07a9-4924-8394-78aa277b18b5
info: Current compare status for job d239e26a-07a9-4924-8394-78aa277b18b5: success
info: Updating translations for all plugin.
info: Translations updated for all plugin.
info: Plugins update completed
info: Initiating theme update
info: None of the selected themes have pending update!
info: Themes update completed
info: Notifications enabled for all success status
info: Repeated update with no new info, skipping email
info: Uploading log
