info: Checking if ssh is active.
info: Trying ssh connection
info: Deleting cache before taking screenshots
info: Probably invalid command - timeout -k 5m 5m /usr/local/bin/wp-cache-flush
info: Detected error reporting::false and http status::200
info: Checking if installation is valid
info: Valid installation, proceeding with updates
info: No running native updates
info: Installation is unlocked for update
info: Initiating WP core update
info: No updates for WP Core!
info: WP core updates finished, proceeding with plugins' update
info: Initiating plugin update
info: Premium care dependencies - version:4.7.1 status:active
info: Found update for plugins
info: Deleting cache before taking screenshots
info: Probably invalid command - timeout -k 5m 5m /usr/local/bin/wp-cache-flush
info: Updated testUrlsCount to 6
info: Testing urls ["https://www.serelit.de","https://www.serelit.de/registration/","https://www.serelit.de/product/automatic-electric-disappearing-ladders/","https://www.serelit.de/project/aenean-vulputate/","https://www.serelit.de/service/fenster-balkon-profile/","https://www.serelit.de/member/phebe-e-french/"]
info: Calling bound captureBatch, attempt::1
info: Calling bound waitForJobCompletion, attempt::1
info: ETA:: 119 seconds for job 6576bac1-d48a-4eda-83c9-4b5f7061644d
info: Current capture status for job 6576bac1-d48a-4eda-83c9-4b5f7061644d: in_progress ETA: 59
info: ETA:: 59 seconds for job 6576bac1-d48a-4eda-83c9-4b5f7061644d
info: Current capture status for job 6576bac1-d48a-4eda-83c9-4b5f7061644d: success ETA: undefined
info: Initiating backup of plugin user-registration
info: Backup ["/var/www/wp-content/uploads/onecom-updater/backup/plugins/user-registration.zip"] verified.
info: Initiating DB backup
info: DB backed up
info: plugin user-registration backup complete
info: Secured backups with .htaccess
info: Updating plugin user-registration
info: Deleting cache before taking screenshots
info: Probably invalid command - timeout -k 5m 5m /usr/local/bin/wp-cache-flush
info: Calling bound captureBatch, attempt::1
info: Calling bound waitForJobCompletion, attempt::1
info: ETA:: 119 seconds for job fa5f9036-7c96-4f90-b2c1-3a2701d64f2e
info: Current capture status for job fa5f9036-7c96-4f90-b2c1-3a2701d64f2e: in_progress ETA: 59
info: ETA:: 59 seconds for job fa5f9036-7c96-4f90-b2c1-3a2701d64f2e
info: Current capture status for job fa5f9036-7c96-4f90-b2c1-3a2701d64f2e: success ETA: undefined
info: Calling bound compare, attempt::1
info: Calling bound waitForCompareJob, attempt::1
info: ETA:: 55 seconds for job b560917c-4cc3-446d-a549-0634d1580578
info: Current compare status for job b560917c-4cc3-446d-a549-0634d1580578: success
info: Restoring plugin user-registration from backup
info: Restore command status:: true
info: plugin user-registration restored from backup
info: Deleting cache before taking screenshots
info: Probably invalid command - timeout -k 5m 5m /usr/local/bin/wp-cache-flush
info: Detected error reporting::false and http status::200
info: Updating translations for all plugin.
info: Translations updated for all plugin.
info: Plugins update completed
info: Initiating theme update
info: None of the selected themes have pending update!
info: Themes update completed
info: Will retry current update {}
info: Messages published to queue
info: Notifications enabled for all success status
info: Repeated update with no new info, skipping email
info: Uploading log
