info: Checking if ssh is active.
info: Trying ssh connection
info: Deleting cache before taking screenshots
info: Probably invalid command - timeout -k 5m 5m /usr/local/bin/wp-cache-flush
info: Detected error reporting::false and http status::200
info: Checking if installation is valid
info: Valid installation, proceeding with updates
info: No running native updates
info: Installation is unlocked for update
info: Initiating WP core update
info: No updates for WP Core!
info: WP core updates finished, proceeding with plugins' update
info: Initiating plugin update
info: Premium care dependencies - version:4.7.2 status:active
info: Found update for plugins
info: Deleting cache before taking screenshots
info: Probably invalid command - timeout -k 5m 5m /usr/local/bin/wp-cache-flush
info: Updated testUrlsCount to 6
info: Testing urls ["https://www.serelit.de","https://www.serelit.de/registration/","https://www.serelit.de/product/automatic-electric-disappearing-ladders/","https://www.serelit.de/project/aenean-vulputate/","https://www.serelit.de/service/fenster-balkon-profile/","https://www.serelit.de/member/phebe-e-french/"]
info: Calling bound captureBatch, attempt::1
info: Calling bound waitForJobCompletion, attempt::1
info: ETA:: 119 seconds for job 7ead470d-6ac5-4563-baf8-3002e8d79322
info: Current capture status for job 7ead470d-6ac5-4563-baf8-3002e8d79322: in_progress ETA: 59
info: ETA:: 59 seconds for job 7ead470d-6ac5-4563-baf8-3002e8d79322
info: Current capture status for job 7ead470d-6ac5-4563-baf8-3002e8d79322: success ETA: undefined
info: Initiating backup of plugin really-simple-ssl
info: Backup ["/var/www/wp-content/uploads/onecom-updater/backup/plugins/really-simple-ssl.zip"] verified.
info: Initiating DB backup
info: DB backed up
info: plugin really-simple-ssl backup complete
info: Secured backups with .htaccess
info: Updating plugin really-simple-ssl
info: Deleting cache before taking screenshots
info: Probably invalid command - timeout -k 5m 5m /usr/local/bin/wp-cache-flush
info: Calling bound captureBatch, attempt::1
info: Calling bound waitForJobCompletion, attempt::1
info: ETA:: 119 seconds for job d2329a0d-7314-4f30-9523-9fa16409424b
info: Current capture status for job d2329a0d-7314-4f30-9523-9fa16409424b: in_progress ETA: 59
info: ETA:: 59 seconds for job d2329a0d-7314-4f30-9523-9fa16409424b
info: Current capture status for job d2329a0d-7314-4f30-9523-9fa16409424b: success ETA: undefined
info: Calling bound compare, attempt::1
info: Calling bound waitForCompareJob, attempt::1
info: ETA:: 55 seconds for job 2598b161-f1d9-4417-bb54-8991ec5c9d49
info: Current compare status for job 2598b161-f1d9-4417-bb54-8991ec5c9d49: success
info: Initiating backup of plugin user-registration
info: Backup ["/var/www/wp-content/uploads/onecom-updater/backup/plugins/user-registration.zip"] verified.
info: DB backup was created earlier, skipping
info: plugin user-registration backup complete
info: Updating plugin user-registration
info: Deleting cache before taking screenshots
info: Probably invalid command - timeout -k 5m 5m /usr/local/bin/wp-cache-flush
info: Calling bound captureBatch, attempt::1
info: Calling bound waitForJobCompletion, attempt::1
info: ETA:: 119 seconds for job d3b6e627-2388-42f1-81cf-e04a31962cc4
info: Current capture status for job d3b6e627-2388-42f1-81cf-e04a31962cc4: in_progress ETA: 59
info: ETA:: 59 seconds for job d3b6e627-2388-42f1-81cf-e04a31962cc4
info: Current capture status for job d3b6e627-2388-42f1-81cf-e04a31962cc4: success ETA: undefined
info: Calling bound compare, attempt::1
info: Calling bound waitForCompareJob, attempt::1
info: ETA:: 55 seconds for job aba48c2c-0610-4113-a0a7-8599e1ac089b
info: Current compare status for job aba48c2c-0610-4113-a0a7-8599e1ac089b: success
info: Restoring plugin user-registration from backup
info: Restore command status:: true
info: plugin user-registration restored from backup
info: Deleting cache before taking screenshots
info: Probably invalid command - timeout -k 5m 5m /usr/local/bin/wp-cache-flush
info: Detected error reporting::false and http status::200
info: Updating translations for all plugin.
info: Translations updated for all plugin.
info: Plugins update completed
info: Initiating theme update
info: None of the selected themes have pending update!
info: Themes update completed
info: Notifications enabled for all success status
info: Repeated update with no new info, skipping email
info: Uploading log
