2025-11-08T20:06:06+01:00 ERROR Die E-Mail-Funktion konnte nicht instanziiert werden.
2025-11-11T18:33:31+01:00 ERROR Die E-Mail-Funktion konnte nicht instanziiert werden.
2025-11-12T00:28:11+01:00 ERROR Die E-Mail-Funktion konnte nicht instanziiert werden.
2025-11-21T09:12:17+01:00 ERROR Die E-Mail-Funktion konnte nicht instanziiert werden.
2025-11-23T13:55:09+01:00 ERROR Die E-Mail-Funktion konnte nicht instanziiert werden.
2025-11-26T12:39:20+01:00 ERROR Die E-Mail-Funktion konnte nicht instanziiert werden.
2025-11-27T08:10:50+01:00 ERROR Die E-Mail-Funktion konnte nicht instanziiert werden.
2025-11-28T00:42:07+01:00 ERROR Die E-Mail-Funktion konnte nicht instanziiert werden.
2025-11-29T08:58:06+01:00 ERROR Die E-Mail-Funktion konnte nicht instanziiert werden.
2025-11-29T20:21:53+01:00 ERROR Die E-Mail-Funktion konnte nicht instanziiert werden.
2025-12-01T13:05:53+01:00 ERROR Die E-Mail-Funktion konnte nicht instanziiert werden.
2025-12-05T08:37:02+01:00 ERROR Die E-Mail-Funktion konnte nicht instanziiert werden.
2025-12-07T14:00:39+01:00 ERROR Die E-Mail-Funktion konnte nicht instanziiert werden.
2025-12-10T01:55:27+01:00 ERROR Die E-Mail-Funktion konnte nicht instanziiert werden.
2025-12-14T16:13:35+01:00 ERROR Die E-Mail-Funktion konnte nicht instanziiert werden.
2025-12-19T14:28:47+01:00 ERROR Die E-Mail-Funktion konnte nicht instanziiert werden.
2025-12-25T04:14:34+01:00 ERROR Die E-Mail-Funktion konnte nicht instanziiert werden.
2025-12-25T20:03:19+01:00 ERROR Die E-Mail-Funktion konnte nicht instanziiert werden.
2025-12-26T01:19:57+01:00 ERROR Die E-Mail-Funktion konnte nicht instanziiert werden.
2025-12-29T01:36:50+01:00 ERROR Die E-Mail-Funktion konnte nicht instanziiert werden.
2025-12-29T05:23:22+01:00 ERROR Die E-Mail-Funktion konnte nicht instanziiert werden.
2026-01-03T00:00:10+01:00 ERROR Die E-Mail-Funktion konnte nicht instanziiert werden.
2026-01-03T05:34:08+01:00 ERROR Die E-Mail-Funktion konnte nicht instanziiert werden.
2026-01-04T10:28:22+01:00 ERROR Die E-Mail-Funktion konnte nicht instanziiert werden.
2026-01-06T23:49:02+01:00 ERROR Die E-Mail-Funktion konnte nicht instanziiert werden.
2026-01-07T13:03:07+01:00 ERROR Die E-Mail-Funktion konnte nicht instanziiert werden.
2026-01-09T15:45:38+01:00 ERROR Die E-Mail-Funktion konnte nicht instanziiert werden.
2026-01-10T02:32:03+01:00 ERROR Die E-Mail-Funktion konnte nicht instanziiert werden.
2026-01-10T17:55:20+01:00 ERROR Die E-Mail-Funktion konnte nicht instanziiert werden.
2026-01-14T09:59:06+01:00 ERROR Die E-Mail-Funktion konnte nicht instanziiert werden.
2026-01-14T13:21:47+01:00 ERROR Die E-Mail-Funktion konnte nicht instanziiert werden.
2026-01-14T17:49:03+01:00 ERROR Die E-Mail-Funktion konnte nicht instanziiert werden.
2026-01-17T13:12:49+01:00 ERROR Die E-Mail-Funktion konnte nicht instanziiert werden.
2026-01-17T21:47:21+01:00 ERROR Die E-Mail-Funktion konnte nicht instanziiert werden.
2026-01-18T09:19:45+01:00 ERROR Die E-Mail-Funktion konnte nicht instanziiert werden.
2026-01-18T14:28:43+01:00 ERROR Die E-Mail-Funktion konnte nicht instanziiert werden.
2026-01-18T15:04:37+01:00 ERROR Die E-Mail-Funktion konnte nicht instanziiert werden.
2026-01-18T16:06:34+01:00 ERROR Die E-Mail-Funktion konnte nicht instanziiert werden.
2026-01-19T08:57:35+01:00 ERROR Die E-Mail-Funktion konnte nicht instanziiert werden.
2026-01-19T17:42:40+01:00 ERROR Die E-Mail-Funktion konnte nicht instanziiert werden.
2026-01-20T10:16:40+01:00 ERROR Die E-Mail-Funktion konnte nicht instanziiert werden.
2026-01-22T17:04:21+01:00 ERROR Die E-Mail-Funktion konnte nicht instanziiert werden.
2026-01-23T18:12:11+01:00 ERROR Die E-Mail-Funktion konnte nicht instanziiert werden.
2026-01-25T09:45:32+01:00 ERROR Die E-Mail-Funktion konnte nicht instanziiert werden.
2026-01-26T09:08:26+01:00 ERROR Die E-Mail-Funktion konnte nicht instanziiert werden.
2026-01-28T06:27:34+01:00 ERROR Die E-Mail-Funktion konnte nicht instanziiert werden.
2026-01-30T09:23:23+01:00 ERROR Die E-Mail-Funktion konnte nicht instanziiert werden.
2026-01-30T23:42:43+01:00 ERROR Die E-Mail-Funktion konnte nicht instanziiert werden.
2026-02-01T23:57:46+01:00 ERROR Die E-Mail-Funktion konnte nicht instanziiert werden.
2026-02-03T07:59:26+01:00 ERROR Die E-Mail-Funktion konnte nicht instanziiert werden.
2026-02-04T23:31:05+01:00 ERROR Die E-Mail-Funktion konnte nicht instanziiert werden.
2026-02-08T18:13:42+01:00 ERROR Die E-Mail-Funktion konnte nicht instanziiert werden.
2026-02-10T20:30:17+01:00 ERROR Die E-Mail-Funktion konnte nicht instanziiert werden.
2026-02-11T04:09:37+01:00 ERROR Die E-Mail-Funktion konnte nicht instanziiert werden.
2026-02-13T21:26:20+01:00 ERROR Die E-Mail-Funktion konnte nicht instanziiert werden.
2026-02-14T02:42:47+01:00 ERROR Die E-Mail-Funktion konnte nicht instanziiert werden.
2026-02-15T20:25:29+01:00 ERROR Die E-Mail-Funktion konnte nicht instanziiert werden.
2026-02-17T20:26:11+01:00 ERROR Die E-Mail-Funktion konnte nicht instanziiert werden.
2026-02-18T00:23:10+01:00 INFO Email Sending
2026-02-18T00:23:10+01:00 INFO Email Send Successfully
2026-02-18T00:23:10+01:00 INFO Email Sending
2026-02-18T00:23:10+01:00 INFO Email Send Successfully
2026-02-18T02:16:43+01:00 INFO Email Sending
2026-02-18T02:16:43+01:00 INFO Email Send Successfully
2026-02-18T02:16:43+01:00 INFO Email Sending
2026-02-18T02:16:43+01:00 INFO Email Send Successfully
2026-02-20T04:41:21+01:00 ERROR Die E-Mail-Funktion konnte nicht instanziiert werden.
2026-02-20T08:14:55+01:00 INFO Email Sending
2026-02-20T08:14:55+01:00 INFO Email Send Successfully
2026-02-20T08:14:55+01:00 INFO Email Sending
2026-02-20T08:14:55+01:00 INFO Email Send Successfully
2026-02-22T03:20:29+01:00 ERROR Die E-Mail-Funktion konnte nicht instanziiert werden.
2026-02-23T01:43:27+01:00 ERROR Die E-Mail-Funktion konnte nicht instanziiert werden.
2026-02-23T06:18:45+01:00 ERROR Die E-Mail-Funktion konnte nicht instanziiert werden.
2026-02-23T22:08:49+01:00 ERROR Die E-Mail-Funktion konnte nicht instanziiert werden.
2026-02-26T11:01:44+01:00 ERROR Die E-Mail-Funktion konnte nicht instanziiert werden.
2026-02-27T11:33:11+01:00 ERROR Die E-Mail-Funktion konnte nicht instanziiert werden.
2026-02-27T20:12:39+01:00 ERROR Die E-Mail-Funktion konnte nicht instanziiert werden.
2026-03-01T02:01:06+01:00 ERROR Die E-Mail-Funktion konnte nicht instanziiert werden.
2026-03-03T13:40:24+01:00 ERROR Die E-Mail-Funktion konnte nicht instanziiert werden.
2026-03-04T17:12:23+01:00 ERROR Die E-Mail-Funktion konnte nicht instanziiert werden.
2026-03-06T02:58:05+01:00 ERROR Die E-Mail-Funktion konnte nicht instanziiert werden.
2026-03-09T05:19:54+01:00 ERROR Die E-Mail-Funktion konnte nicht instanziiert werden.
2026-03-09T23:07:19+01:00 ERROR Die E-Mail-Funktion konnte nicht instanziiert werden.
2026-03-10T22:30:41+01:00 ERROR Die E-Mail-Funktion konnte nicht instanziiert werden.
2026-03-11T00:57:16+01:00 ERROR Die E-Mail-Funktion konnte nicht instanziiert werden.
2026-03-16T22:59:35+01:00 ERROR Die E-Mail-Funktion konnte nicht instanziiert werden.
2026-03-21T08:38:36+01:00 ERROR Die E-Mail-Funktion konnte nicht instanziiert werden.
2026-03-26T22:41:36+01:00 ERROR Die E-Mail-Funktion konnte nicht instanziiert werden.
2026-03-28T13:25:45+01:00 ERROR Die E-Mail-Funktion konnte nicht instanziiert werden.
2026-03-29T08:07:09+02:00 ERROR Die E-Mail-Funktion konnte nicht instanziiert werden.
2026-03-30T18:30:44+02:00 ERROR Die E-Mail-Funktion konnte nicht instanziiert werden.
2026-04-01T13:27:43+02:00 ERROR Die E-Mail-Funktion konnte nicht instanziiert werden.
2026-04-02T05:28:41+02:00 ERROR Die E-Mail-Funktion konnte nicht instanziiert werden.
2026-04-04T21:44:44+02:00 ERROR Die E-Mail-Funktion konnte nicht instanziiert werden.
2026-04-07T18:56:26+02:00 ERROR Die E-Mail-Funktion konnte nicht instanziiert werden.
2026-04-09T06:12:36+02:00 ERROR Die E-Mail-Funktion konnte nicht instanziiert werden.
2026-04-11T04:40:40+02:00 ERROR Die E-Mail-Funktion konnte nicht instanziiert werden.
2026-04-13T07:04:41+02:00 ERROR Die E-Mail-Funktion konnte nicht instanziiert werden.
2026-04-13T09:37:29+02:00 ERROR Die E-Mail-Funktion konnte nicht instanziiert werden.
2026-04-14T09:14:22+02:00 ERROR Die E-Mail-Funktion konnte nicht instanziiert werden.
2026-04-15T17:57:37+02:00 ERROR Die E-Mail-Funktion konnte nicht instanziiert werden.
2026-04-18T05:40:30+02:00 ERROR Die E-Mail-Funktion konnte nicht instanziiert werden.
2026-04-21T14:16:52+02:00 ERROR Die E-Mail-Funktion konnte nicht instanziiert werden.
2026-04-22T03:14:25+02:00 ERROR Die E-Mail-Funktion konnte nicht instanziiert werden.
2026-04-25T11:32:31+02:00 ERROR Die E-Mail-Funktion konnte nicht instanziiert werden.
2026-04-30T08:20:07+02:00 DEBUG Mail action ***wp_mail_failed*** triggered. Callback function :: ***ur_email_send_failed_handler()***
2026-04-30T08:20:07+02:00 ERROR Mail send failed. Details:
{
    "reason": "Die E-Mail-Funktion konnte nicht instanziiert werden.",
    "to": [
        "test@test.com"
    ],
    "subject": "Contact Form",
    "headers": [],
    "attachments": []
}
2026-05-04T03:14:44+02:00 DEBUG Mail action ***wp_mail_failed*** triggered. Callback function :: ***ur_email_send_failed_handler()***
2026-05-04T03:14:44+02:00 ERROR Mail send failed. Details:
{
    "reason": "Die E-Mail-Funktion konnte nicht instanziiert werden.",
    "to": [
        "test@test.com"
    ],
    "subject": "Contact Form",
    "headers": [],
    "attachments": []
}
2026-05-07T12:20:50+02:00 DEBUG Mail action ***wp_mail_failed*** triggered. Callback function :: ***ur_email_send_failed_handler()***
2026-05-07T12:20:50+02:00 ERROR Mail send failed. Details:
{
    "reason": "Die E-Mail-Funktion konnte nicht instanziiert werden.",
    "to": [
        "test@test.com"
    ],
    "subject": "Contact Form",
    "headers": [],
    "attachments": []
}
2026-05-10T16:36:03+02:00 DEBUG Mail action ***wp_mail_failed*** triggered. Callback function :: ***ur_email_send_failed_handler()***
2026-05-10T16:36:03+02:00 ERROR Mail send failed. Details:
{
    "reason": "Die E-Mail-Funktion konnte nicht instanziiert werden.",
    "to": [
        "test@test.com"
    ],
    "subject": "Contact Form",
    "headers": [],
    "attachments": []
}
2026-05-12T02:15:07+02:00 DEBUG Mail action ***wp_mail_failed*** triggered. Callback function :: ***ur_email_send_failed_handler()***
2026-05-12T02:15:07+02:00 ERROR Mail send failed. Details:
{
    "reason": "Die E-Mail-Funktion konnte nicht instanziiert werden.",
    "to": [
        "test@test.com"
    ],
    "subject": "Contact Form",
    "headers": [],
    "attachments": []
}
2026-05-13T17:32:22+02:00 DEBUG Mail action ***wp_mail_failed*** triggered. Callback function :: ***ur_email_send_failed_handler()***
2026-05-13T17:32:22+02:00 ERROR Mail send failed. Details:
{
    "reason": "Die E-Mail-Funktion konnte nicht instanziiert werden.",
    "to": [
        "test@test.com"
    ],
    "subject": "Contact Form",
    "headers": [],
    "attachments": []
}
2026-05-30T22:33:47+02:00 DEBUG Mail action ***wp_mail_failed*** triggered. Callback function :: ***ur_email_send_failed_handler()***
2026-05-30T22:33:47+02:00 ERROR Mail send failed. Details:
{
    "reason": "Die E-Mail-Funktion konnte nicht instanziiert werden.",
    "to": [
        "test@test.com"
    ],
    "subject": "Contact Form",
    "headers": [],
    "attachments": []
}
2026-05-31T03:55:50+02:00 DEBUG Mail action ***wp_mail_failed*** triggered. Callback function :: ***ur_email_send_failed_handler()***
2026-05-31T03:55:50+02:00 ERROR Mail send failed. Details:
{
    "reason": "Die E-Mail-Funktion konnte nicht instanziiert werden.",
    "to": [
        "test@test.com"
    ],
    "subject": "Contact Form",
    "headers": [],
    "attachments": []
}
2026-05-31T09:26:09+02:00 DEBUG Mail action ***wp_mail_failed*** triggered. Callback function :: ***ur_email_send_failed_handler()***
2026-05-31T09:26:09+02:00 ERROR Mail send failed. Details:
{
    "reason": "Die E-Mail-Funktion konnte nicht instanziiert werden.",
    "to": [
        "test@test.com"
    ],
    "subject": "Contact Form",
    "headers": [],
    "attachments": []
}
2026-05-31T10:38:25+02:00 DEBUG Mail action ***wp_mail_failed*** triggered. Callback function :: ***ur_email_send_failed_handler()***
2026-05-31T10:38:25+02:00 ERROR Mail send failed. Details:
{
    "reason": "Die E-Mail-Funktion konnte nicht instanziiert werden.",
    "to": [
        "test@test.com"
    ],
    "subject": "Contact Form",
    "headers": [],
    "attachments": []
}
2026-06-01T06:06:57+02:00 DEBUG Mail action ***wp_mail_failed*** triggered. Callback function :: ***ur_email_send_failed_handler()***
2026-06-01T06:06:57+02:00 ERROR Mail send failed. Details:
{
    "reason": "Die E-Mail-Funktion konnte nicht instanziiert werden.",
    "to": [
        "test@test.com"
    ],
    "subject": "Contact Form",
    "headers": [],
    "attachments": []
}
2026-06-01T20:43:46+02:00 DEBUG Mail action ***wp_mail_failed*** triggered. Callback function :: ***ur_email_send_failed_handler()***
2026-06-01T20:43:46+02:00 ERROR Mail send failed. Details:
{
    "reason": "Die E-Mail-Funktion konnte nicht instanziiert werden.",
    "to": [
        "test@test.com"
    ],
    "subject": "Contact Form",
    "headers": [],
    "attachments": []
}
2026-06-01T22:09:45+02:00 DEBUG Mail action ***wp_mail_failed*** triggered. Callback function :: ***ur_email_send_failed_handler()***
2026-06-01T22:09:45+02:00 ERROR Mail send failed. Details:
{
    "reason": "Die E-Mail-Funktion konnte nicht instanziiert werden.",
    "to": [
        "test@test.com"
    ],
    "subject": "Contact Form",
    "headers": [],
    "attachments": []
}
2026-06-02T00:36:39+02:00 DEBUG Mail action ***wp_mail_failed*** triggered. Callback function :: ***ur_email_send_failed_handler()***
2026-06-02T00:36:39+02:00 ERROR Mail send failed. Details:
{
    "reason": "Die E-Mail-Funktion konnte nicht instanziiert werden.",
    "to": [
        "test@test.com"
    ],
    "subject": "Contact Form",
    "headers": [],
    "attachments": []
}
