info: Fetching cluster details for domain
info: Legacy domain
info: Checking if ssh is active.
info: Trying ssh connection
info: Switching native updates to disable
info: Executing time constrained:: timeout -k 5m 5m wp option update auto_update_core_dev disabled undefined
info: Executing time constrained:: timeout -k 5m 5m wp option update auto_update_core_minor disabled undefined
info: Executing time constrained:: timeout -k 5m 5m wp option update auto_update_core_major disabled undefined
info: Executing time constrained:: timeout -k 5m 5m wp config set WP_AUTO_UPDATE_CORE false undefined
info: Deleting cache before taking screenshots
info: Executing time constrained:: timeout -k 5m 5m wp config set WP_DISABLE_FATAL_ERROR_HANDLER true --path=/var/www
info: Detected error reporting::false and http status::200
info: Checking if installation is valid
info: Executing time constrained:: timeout -k 5m 5m wp core is-installed --path=/var/www && echo $?
info: Valid installation, proceeding with updates
info: Initiating WP core update
info: Executing time constrained:: timeout -k 5m 5m wp core version --path=/var/www
info: Same version, exiting
info: WP core updates finished, proceeding with plugins' update
info: Uploading log
