info: Checking if ssh is active.
info: Trying ssh connection
info: Deleting cache before taking screenshots
info: Probably invalid command - timeout -k 5m 5m /usr/local/bin/wp-cache-flush
info: Detected error reporting::false and http status::200
info: Checking if installation is valid
info: Valid installation, proceeding with updates
info: No running native updates
info: Installation is unlocked for update
info: Initiating WP core update
info: No updates for WP Core!
info: WP core updates finished, proceeding with plugins' update
info: Initiating plugin update
info: Premium care dependencies - version:4.7.5 status:active
info: Found update for plugins
info: Deleting cache before taking screenshots
info: Probably invalid command - timeout -k 5m 5m /usr/local/bin/wp-cache-flush
info: Updated testUrlsCount to 6
info: Testing urls ["https://www.serelit.de","https://www.serelit.de/registration/","https://www.serelit.de/product/automatic-electric-disappearing-ladders/","https://www.serelit.de/project/aenean-vulputate/","https://www.serelit.de/service/fenster-balkon-profile/","https://www.serelit.de/member/phebe-e-french/"]
info: Calling bound captureBatch, attempt::1
info: Calling bound waitForJobCompletion, attempt::1
info: ETA:: 119 seconds for job 0d16a341-1acd-4bd9-8b15-84cb82af6aae
info: Current capture status for job 0d16a341-1acd-4bd9-8b15-84cb82af6aae: in_progress ETA: 59
info: ETA:: 59 seconds for job 0d16a341-1acd-4bd9-8b15-84cb82af6aae
info: Current capture status for job 0d16a341-1acd-4bd9-8b15-84cb82af6aae: success ETA: undefined
info: Initiating backup of plugin woocommerce
info: Backup ["/var/www/wp-content/uploads/onecom-updater/backup/plugins/woocommerce.zip"] verified.
info: Initiating DB backup
info: DB backed up
info: plugin woocommerce backup complete
info: Secured backups with .htaccess
info: Updating plugin woocommerce
info: Deleting cache before taking screenshots
info: Probably invalid command - timeout -k 5m 5m /usr/local/bin/wp-cache-flush
info: Calling bound captureBatch, attempt::1
info: Calling bound waitForJobCompletion, attempt::1
info: ETA:: 119 seconds for job 1b76116d-f19e-42fb-954c-ebeaf74e3e33
info: Current capture status for job 1b76116d-f19e-42fb-954c-ebeaf74e3e33: in_progress ETA: 59
info: ETA:: 59 seconds for job 1b76116d-f19e-42fb-954c-ebeaf74e3e33
info: Current capture status for job 1b76116d-f19e-42fb-954c-ebeaf74e3e33: success ETA: undefined
info: Calling bound compare, attempt::1
info: Calling bound waitForCompareJob, attempt::1
info: ETA:: 55 seconds for job 20fa06df-43cf-4a73-a38f-4854f016e4a8
info: Current compare status for job 20fa06df-43cf-4a73-a38f-4854f016e4a8: success
info: Restoring plugin woocommerce from backup
info: Restore command status:: true
info: plugin woocommerce restored from backup
info: Deleting cache before taking screenshots
info: Probably invalid command - timeout -k 5m 5m /usr/local/bin/wp-cache-flush
info: Detected error reporting::false and http status::200
info: Updating translations for all plugin.
info: Translations updated for all plugin.
info: Plugins update completed
info: Initiating theme update
info: None of the selected themes have pending update!
info: Themes update completed
info: Will retry current update {}
info: Messages published to queue
info: Notifications enabled for all success status
info: Visual diff status Rollbacks:: true Diffs:: true
info: SSH already connected, exiting!
info: Detected locale - de_DE
info: Reading translation file /app/i18n/one.com/de_DE.json
error: Could not send email report:: Missing helper: "Read" 
info: SMTP call successful
info: Uploading log
info: Checking if ssh is active.
info: Trying ssh connection
