info: Checking if ssh is active.
info: Trying ssh connection
info: Deleting cache before taking screenshots
info: Probably invalid command - timeout -k 5m 5m /usr/local/bin/wp-cache-flush
info: Detected error reporting::false and http status::200
info: Checking if installation is valid
info: Valid installation, proceeding with updates
info: No running native updates
info: Installation is unlocked for update
info: Initiating WP core update
info: No updates for WP Core!
info: WP core updates finished, proceeding with plugins' update
info: Initiating plugin update
info: Premium care dependencies - version:4.7.5 status:active
info: Found update for plugins
info: Deleting cache before taking screenshots
info: Probably invalid command - timeout -k 5m 5m /usr/local/bin/wp-cache-flush
info: Updated testUrlsCount to 6
info: Testing urls ["https://www.serelit.de","https://www.serelit.de/registration/","https://www.serelit.de/product/automatic-electric-disappearing-ladders/","https://www.serelit.de/project/aenean-vulputate/","https://www.serelit.de/service/fenster-balkon-profile/","https://www.serelit.de/member/phebe-e-french/"]
info: Calling bound captureBatch, attempt::1
info: Calling bound waitForJobCompletion, attempt::1
info: ETA:: 119 seconds for job 00093ece-15dc-435c-9799-1b576e9356af
info: Current capture status for job 00093ece-15dc-435c-9799-1b576e9356af: in_progress ETA: 59
info: ETA:: 59 seconds for job 00093ece-15dc-435c-9799-1b576e9356af
info: Current capture status for job 00093ece-15dc-435c-9799-1b576e9356af: success ETA: undefined
info: Initiating backup of plugin complianz-gdpr
info: Backup ["/var/www/wp-content/uploads/onecom-updater/backup/plugins/complianz-gdpr.zip"] verified.
info: Initiating DB backup
info: DB backed up
info: plugin complianz-gdpr backup complete
info: Secured backups with .htaccess
info: Updating plugin complianz-gdpr
info: Deleting cache before taking screenshots
info: Probably invalid command - timeout -k 5m 5m /usr/local/bin/wp-cache-flush
info: Calling bound captureBatch, attempt::1
info: Calling bound waitForJobCompletion, attempt::1
info: ETA:: 119 seconds for job 8976766c-da7a-4a64-a9e7-1bb727b18ca4
info: Current capture status for job 8976766c-da7a-4a64-a9e7-1bb727b18ca4: in_progress ETA: 59
info: ETA:: 59 seconds for job 8976766c-da7a-4a64-a9e7-1bb727b18ca4
info: Current capture status for job 8976766c-da7a-4a64-a9e7-1bb727b18ca4: success ETA: undefined
info: Calling bound compare, attempt::1
info: Calling bound waitForCompareJob, attempt::1
info: ETA:: 55 seconds for job 4b73aae9-5991-49df-8afa-5e8fad36683e
info: Current compare status for job 4b73aae9-5991-49df-8afa-5e8fad36683e: success
info: Initiating backup of plugin really-simple-ssl
info: Backup ["/var/www/wp-content/uploads/onecom-updater/backup/plugins/really-simple-ssl.zip"] verified.
info: DB backup was created earlier, skipping
info: plugin really-simple-ssl backup complete
info: Updating plugin really-simple-ssl
info: Deleting cache before taking screenshots
info: Probably invalid command - timeout -k 5m 5m /usr/local/bin/wp-cache-flush
info: Calling bound captureBatch, attempt::1
info: Calling bound waitForJobCompletion, attempt::1
info: ETA:: 119 seconds for job 9f9487d1-98f8-4ee2-b6b2-817e0e8b5e05
info: Current capture status for job 9f9487d1-98f8-4ee2-b6b2-817e0e8b5e05: in_progress ETA: 59
info: ETA:: 59 seconds for job 9f9487d1-98f8-4ee2-b6b2-817e0e8b5e05
info: Current capture status for job 9f9487d1-98f8-4ee2-b6b2-817e0e8b5e05: success ETA: undefined
info: Calling bound compare, attempt::1
info: Calling bound waitForCompareJob, attempt::1
info: ETA:: 55 seconds for job 7bc51f10-bf4c-4833-9702-abdfa87bd5a5
info: Current compare status for job 7bc51f10-bf4c-4833-9702-abdfa87bd5a5: success
info: Updating translations for all plugin.
info: Translations updated for all plugin.
info: Plugins update completed
info: Initiating theme update
info: None of the selected themes have pending update!
info: Themes update completed
info: Notifications enabled for all success status
info: Visual diff status Rollbacks:: false Diffs:: false
info: SSH already connected, exiting!
info: Detected locale - de_DE
info: Reading translation file /app/i18n/one.com/de_DE.json
info: Message sent: 250 2.0.0 Ok: queued as 0334d60a-daf7-11f0-85dd-a15b02d070c0 locale: de_DE
info: SMTP call successful
info: Uploading log
info: Checking if ssh is active.
info: Trying ssh connection
